#
# A fatal error has been detected by the Java Runtime Environment:
#
#  SIGSEGV (0xb) at pc=0x00007f24a9069cba, pid=3692, tid=0x00007f249a5bf700
#
# JRE version: Java(TM) SE Runtime Environment (8.0_181-b13) (build 1.8.0_181-b13)
# Java VM: Java HotSpot(TM) 64-Bit Server VM (25.181-b13 mixed mode linux-amd64 compressed oops)
# Problematic frame:
# v  ~BufferBlob::jni_fast_GetLongField
#
# Failed to write core dump. Core dumps have been disabled. To enable core dumping, try "ulimit -c unlimited" before starting Java again
#
# If you would like to submit a bug report, please visit:
#   http://bugreport.java.com/bugreport/crash.jsp
# The crash happened outside the Java Virtual Machine in native code.
# See problematic frame for where to report the bug.
#

---------------  T H R E A D  ---------------

Current thread (0x00007f24b82f9800):  JavaThread "AWT-XAWT" daemon [_thread_in_native, id=3714, stack(0x00007f249a4bf000,0x00007f249a5c0000)]

siginfo: si_signo: 11 (SIGSEGV), si_code: 1 (SEGV_MAPERR), si_addr: 0x0000000000000000

Registers:
RAX=0x00007f24bf4cb280, RBX=0x00007f24b82f99f8, RCX=0x00007f24bff5c320, RDX=0x0000000000000042
RSP=0x00007f249a5be5a8, RBP=0x00007f249a5be5d0, RSI=0x0000000000000000, RDI=0x00007f24b82f99f8
R8 =0x00007f249bd249b0, R9 =0x0000000000000000, R10=0x0000000000000032, R11=0x00000000000001f4
R12=0x0000000000000000, R13=0x0000000000000000, R14=0x00007f24a056e820, R15=0x00007f24b82f9800
RIP=0x00007f24a9069cba, EFLAGS=0x0000000000010246, CSGSFS=0x002b000000000033, ERR=0x0000000000000004
  TRAPNO=0x000000000000000e

Top of Stack: (sp=0x00007f249a5be5a8)
0x00007f249a5be5a8:   00007f24a034d001 00007f24989c6ed0
0x00007f249a5be5b8:   0000000000000000 00000000c448a998
0x00007f249a5be5c8:   00007f249a5be650 00007f245420cb50
0x00007f249a5be5d8:   00007f249bd2cb1d 00007f24989c6ed0
0x00007f249a5be5e8:   00007f249a5be610 0000000000000000
0x00007f249a5be5f8:   00007f249bd249d3 00000000c448a998
0x00007f249a5be608:   00007f24a034623f 00007f249a5be660
0x00007f249a5be618:   00007f24a952fbb6 00000000ed0ec820
0x00007f249a5be628:   0000000000000000 0000000000000007
0x00007f249a5be638:   00000000ecb5f6b0 0000000000200003
0x00007f249a5be648:   0000000000000001 00000000ed22aa88
0x00007f249a5be658:   00000000c44223c0 00007f249a5be8a0
0x00007f249a5be668:   00007f24a960ddfc 0000000000000059
0x00007f249a5be678:   00007f24a8cedd08 00007f24b82f8470
0x00007f249a5be688:   00007f2480012498 00007f24800120c0
0x00007f249a5be698:   00007f24800120b0 00007f249a5be7d0
0x00007f249a5be6a8:   00007f24a9021c55 00007f24a90055d0
0x00007f249a5be6b8:   00007f2400000000 00007f249a5be810
0x00007f249a5be6c8:   00007f24bf4cdfe4 00007f249a5be710
0x00007f249a5be6d8:   00007f24bee5c835 00000004b8007e70
0x00007f249a5be6e8:   00007f249a5be750 0000000000000040
0x00007f249a5be6f8:   00007f249a5be750 0000000000000040
0x00007f249a5be708:   00007f24a9609c90 00007f249a5be7b0
0x00007f249a5be718:   00007f24bef04dd5 00007f249a5be7d0
0x00007f249a5be728:   00000000a9021d0b 00007f24a90055d0
0x00007f249a5be738:   00000000ed0ecb60 00000000ed0ecb08
0x00007f249a5be748:   00000000ed0ecb60 0000000000000000
0x00007f249a5be758:   00000000ed0ecb08 00000000ed0ecb08
0x00007f249a5be768:   00000000ed0ecb60 00000000ed0ecb60
0x00007f249a5be778:   00000000ed0ecb08 0000000000000000
0x00007f249a5be788:   00000000c4432a20 00000000c44223a8
0x00007f249a5be798:   00000000ed0ab708 00007f24680030a0 

Instructions: (pc=0x00007f24a9069cba)
0x00007f24a9069c9a:   00 00 00 00 00 00 44 8b 15 61 11 4a 16 4c 8b ce
0x00007f24a9069caa:   41 f6 c2 01 0f 85 2e 00 00 00 4d 33 ca 4d 33 ca
0x00007f24a9069cba:   4d 8b 09 4c 8b da 49 c1 eb 02 4b 8b 04 19 49 bb
0x00007f24a9069cca:   08 ae 50 bf 24 7f 00 00 4c 33 d8 4c 33 d8 45 3b 

Register to memory mapping:

RAX=0x00007f24bf4cb280: <offset 0xf95280> in /usr/lib/jvm/java-8-oracle/jre/lib/amd64/server/libjvm.so at 0x00007f24be536000
RBX=0x00007f24b82f99f8 is an unknown value
RCX=0x00007f24bff5c320: <offset 0x21a320> in /lib/x86_64-linux-gnu/libpthread.so.0 at 0x00007f24bfd42000
RDX=0x0000000000000042 is an unknown value
RSP=0x00007f249a5be5a8 is pointing into the stack for thread: 0x00007f24b82f9800
RBP=0x00007f249a5be5d0 is pointing into the stack for thread: 0x00007f24b82f9800
RSI=0x0000000000000000 is an unknown value
RDI=0x00007f24b82f99f8 is an unknown value
R8 =0x00007f249bd249b0: <offset 0x5c9b0> in /usr/lib/x86_64-linux-gnu/libX11.so.6 at 0x00007f249bcc8000
R9 =0x0000000000000000 is an unknown value
R10=0x0000000000000032 is an unknown value
R11=0x00000000000001f4 is an unknown value
R12=0x0000000000000000 is an unknown value
R13=0x0000000000000000 is an unknown value
R14=0x00007f24a056e820: <offset 0x258820> in /usr/lib/jvm/java-8-oracle/jre/lib/amd64/libawt_xawt.so at 0x00007f24a0316000
R15=0x00007f24b82f9800 is a thread


Stack: [0x00007f249a4bf000,0x00007f249a5c0000],  sp=0x00007f249a5be5a8,  free space=1021k
Native frames: (J=compiled Java code, j=interpreted, Vv=VM code, C=native code)
v  ~BufferBlob::jni_fast_GetLongField
C  [libX11.so.6+0x64b1d]  _XimServerDestroy+0x3d

Java frames: (J=compiled Java code, j=interpreted, Vv=VM code)
J 1743  sun.awt.X11.XlibWrapper.XFilterEvent(JJ)Z (0 bytes) @ 0x00007f24a952fb44 [0x00007f24a952fb00+0x44]
J 1964% C1 sun.awt.X11.XToolkit.run(Z)V (410 bytes) @ 0x00007f24a960ddfc [0x00007f24a960a660+0x379c]
j  sun.awt.X11.XToolkit.run()V+5
j  java.lang.Thread.run()V+11
v  ~StubRoutines::call_stub

---------------  P R O C E S S  ---------------

Java Threads: ( => current thread )
  0x00007f2454101000 JavaThread "TimerQueue" daemon [_thread_blocked, id=3717, stack(0x00007f2499714000,0x00007f2499815000)]
  0x00007f24b800b800 JavaThread "DestroyJavaVM" [_thread_blocked, id=3697, stack(0x00007f24c006b000,0x00007f24c016b000)]
  0x00007f24b8396800 JavaThread "AWT-EventQueue-0" [_thread_blocked, id=3716, stack(0x00007f2499c95000,0x00007f2499d96000)]
  0x00007f24b8395800 JavaThread "AWT-Shutdown" [_thread_blocked, id=3715, stack(0x00007f2499d96000,0x00007f2499e97000)]
=>0x00007f24b82f9800 JavaThread "AWT-XAWT" daemon [_thread_in_native, id=3714, stack(0x00007f249a4bf000,0x00007f249a5c0000)]
  0x00007f24b82d9800 JavaThread "Java2D Disposer" daemon [_thread_blocked, id=3713, stack(0x00007f24a0003000,0x00007f24a0104000)]
  0x00007f24b80c2000 JavaThread "Service Thread" daemon [_thread_blocked, id=3711, stack(0x00007f24a0942000,0x00007f24a0a43000)]
  0x00007f24b80bf000 JavaThread "C1 CompilerThread2" daemon [_thread_blocked, id=3710, stack(0x00007f24a0a44000,0x00007f24a0b44000)]
  0x00007f24b80bd000 JavaThread "C2 CompilerThread1" daemon [_thread_blocked, id=3709, stack(0x00007f24a0b45000,0x00007f24a0c45000)]
  0x00007f24b80ba000 JavaThread "C2 CompilerThread0" daemon [_thread_blocked, id=3708, stack(0x00007f24a0c46000,0x00007f24a0d46000)]
  0x00007f24b80b8800 JavaThread "Signal Dispatcher" daemon [_thread_in_native, id=3707, stack(0x00007f24a0d46000,0x00007f24a0e47000)]
  0x00007f24b8086000 JavaThread "Finalizer" daemon [_thread_blocked, id=3704, stack(0x00007f24a1816000,0x00007f24a1917000)]
  0x00007f24b8083800 JavaThread "Reference Handler" daemon [_thread_blocked, id=3703, stack(0x00007f24a1917000,0x00007f24a1a18000)]

Other Threads:
  0x00007f24b8079800 VMThread [stack: 0x00007f24a1a19000,0x00007f24a1b19000] [id=3702]
  0x00007f24b80c7000 WatcherThread [stack: 0x00007f24a0842000,0x00007f24a0942000] [id=3712]

VM state:not at safepoint (normal execution)

VM Mutex/Monitor currently owned by a thread: None

Heap:
 PSYoungGen      total 17920K, used 12846K [0x00000000ec180000, 0x00000000ed580000, 0x0000000100000000)
  eden space 15360K, 67% used [0x00000000ec180000,0x00000000ecb8f268,0x00000000ed080000)
  from space 2560K, 99% used [0x00000000ed080000,0x00000000ed2fc850,0x00000000ed300000)
  to   space 2560K, 0% used [0x00000000ed300000,0x00000000ed300000,0x00000000ed580000)
 ParOldGen       total 40960K, used 2035K [0x00000000c4400000, 0x00000000c6c00000, 0x00000000ec180000)
  object space 40960K, 4% used [0x00000000c4400000,0x00000000c45fcd60,0x00000000c6c00000)
 Metaspace       used 18611K, capacity 18808K, committed 19200K, reserved 1067008K
  class space    used 2366K, capacity 2454K, committed 2560K, reserved 1048576K

Card table byte_map: [0x00007f24bcb58000,0x00007f24bcd37000] byte_map_base: 0x00007f24bc536000

Marking Bits: (ParMarkBitMap*) 0x00007f24bf50a0a0
 Begin Bits: [0x00007f24a2220000, 0x00007f24a3110000)
 End Bits:   [0x00007f24a3110000, 0x00007f24a4000000)

Polling page: 0x00007f24c0185000

CodeCache: size=245760Kb used=6303Kb max_used=6317Kb free=239456Kb
 bounds [0x00007f24a9000000, 0x00007f24a9640000, 0x00007f24b8000000]
 total_blobs=2576 nmethods=1967 adapters=521
 compilation: enabled

Compilation events (10 events):
Event: 15502.529 Thread 0x00007f24b80bf000 1964 % !   3       sun.awt.X11.XToolkit::run @ 59 (410 bytes)
Event: 15503.351 Thread 0x00007f24b80bf000 nmethod 1964% 0x00007f24a9609c90 code [0x00007f24a960a660, 0x00007f24a9611fd8]
Event: 15823.144 Thread 0x00007f24b80bf000 1965 % !   3       sun.awt.X11.XToolkit::run @ 8 (410 bytes)
Event: 15823.203 Thread 0x00007f24b80bf000 nmethod 1965% 0x00007f24a9616cd0 code [0x00007f24a9617680, 0x00007f24a961ddf8]
Event: 16180.354 Thread 0x00007f24b80bf000 1966   !   3       sun.awt.X11.XToolkit::run (410 bytes)
Event: 16180.382 Thread 0x00007f24b80bf000 nmethod 1966 0x00007f24a9622910 code [0x00007f24a96232c0, 0x00007f24a9629678]
Event: 17268.332 Thread 0x00007f24b80ba000 1967       4       sun.awt.X11.XDropTargetEventProcessor::doProcessEvent (221 bytes)
Event: 17268.358 Thread 0x00007f24b80ba000 nmethod 1967 0x00007f24a962e090 code [0x00007f24a962e380, 0x00007f24a962f160]
Event: 18029.387 Thread 0x00007f24b80bd000 1968       4       sun.awt.X11.Native::getLong (25 bytes)
Event: 18029.390 Thread 0x00007f24b80bd000 nmethod 1968 0x00007f24a95f3550 code [0x00007f24a95f36a0, 0x00007f24a95f3738]

GC Heap History (2 events):
Event: 1.566 GC heap before
{Heap before GC invocations=1 (full 0):
 PSYoungGen      total 17920K, used 15360K [0x00000000ec180000, 0x00000000ed580000, 0x0000000100000000)
  eden space 15360K, 100% used [0x00000000ec180000,0x00000000ed080000,0x00000000ed080000)
  from space 2560K, 0% used [0x00000000ed300000,0x00000000ed300000,0x00000000ed580000)
  to   space 2560K, 0% used [0x00000000ed080000,0x00000000ed080000,0x00000000ed300000)
 ParOldGen       total 40960K, used 0K [0x00000000c4400000, 0x00000000c6c00000, 0x00000000ec180000)
  object space 40960K, 0% used [0x00000000c4400000,0x00000000c4400000,0x00000000c6c00000)
 Metaspace       used 15651K, capacity 15806K, committed 16128K, reserved 1062912K
  class space    used 1968K, capacity 2027K, committed 2048K, reserved 1048576K
Event: 1.576 GC heap after
Heap after GC invocations=1 (full 0):
 PSYoungGen      total 17920K, used 2546K [0x00000000ec180000, 0x00000000ed580000, 0x0000000100000000)
  eden space 15360K, 0% used [0x00000000ec180000,0x00000000ec180000,0x00000000ed080000)
  from space 2560K, 99% used [0x00000000ed080000,0x00000000ed2fc850,0x00000000ed300000)
  to   space 2560K, 0% used [0x00000000ed300000,0x00000000ed300000,0x00000000ed580000)
 ParOldGen       total 40960K, used 2035K [0x00000000c4400000, 0x00000000c6c00000, 0x00000000ec180000)
  object space 40960K, 4% used [0x00000000c4400000,0x00000000c45fcd60,0x00000000c6c00000)
 Metaspace       used 15651K, capacity 15806K, committed 16128K, reserved 1062912K
  class space    used 1968K, capacity 2027K, committed 2048K, reserved 1048576K
}

Deoptimization events (10 events):
Event: 1.370 Thread 0x00007f24b8396800 Uncommon trap: reason=unstable_if action=reinterpret pc=0x00007f24a92a868c method=com.sun.imageio.plugins.gif.GIFImageReader.getCode(II)I @ 104
Event: 1.448 Thread 0x00007f24b8396800 Uncommon trap: reason=unstable_if action=reinterpret pc=0x00007f24a9258c18 method=java.util.HashMap.putVal(ILjava/lang/Object;Ljava/lang/Object;ZZ)Ljava/lang/Object; @ 109
Event: 1.557 Thread 0x00007f24b8396800 Uncommon trap: reason=unstable_if action=reinterpret pc=0x00007f24a93523c8 method=java.lang.CharacterData.of(I)Ljava/lang/CharacterData; @ 4
Event: 1.736 Thread 0x00007f24b8396800 Uncommon trap: reason=class_check action=maybe_recompile pc=0x00007f24a917645c method=java.lang.String.equals(Ljava/lang/Object;)Z @ 8
Event: 1.738 Thread 0x00007f24b8396800 Uncommon trap: reason=class_check action=maybe_recompile pc=0x00007f24a917645c method=java.lang.String.equals(Ljava/lang/Object;)Z @ 8
Event: 1.794 Thread 0x00007f24b8396800 Uncommon trap: reason=unstable_if action=reinterpret pc=0x00007f24a933599c method=java.io.UnixFileSystem.normalize(Ljava/lang/String;)Ljava/lang/String; @ 60
Event: 1.868 Thread 0x00007f24b8396800 Uncommon trap: reason=class_check action=maybe_recompile pc=0x00007f24a917645c method=java.lang.String.equals(Ljava/lang/Object;)Z @ 8
Event: 1.870 Thread 0x00007f24b8396800 Uncommon trap: reason=class_check action=maybe_recompile pc=0x00007f24a917645c method=java.lang.String.equals(Ljava/lang/Object;)Z @ 8
Event: 2.073 Thread 0x00007f24b8396800 Uncommon trap: reason=unstable_if action=reinterpret pc=0x00007f24a93dfaa8 method=sun.awt.SunToolkit.getAppContext(Ljava/lang/Object;)Lsun/awt/AppContext; @ 4
Event: 2.078 Thread 0x00007f24b8396800 Uncommon trap: reason=unstable_if action=reinterpret pc=0x00007f24a93d04b0 method=javax.swing.JComponent.getClientProperty(Ljava/lang/Object;)Ljava/lang/Object; @ 16

Classes redefined (0 events):
No events

Internal exceptions (10 events):
Event: 0.866 Thread 0x00007f24b800b800 Exception <a 'java/lang/ClassNotFoundException': ToolBarSeparator> (0x00000000ec61b3a8) thrown at [/HUDSON/workspace/8-2-build-linux-amd64/jdk8u181/11358/hotspot/src/share/vm/classfile/systemDictionary.cpp, line 210]
Event: 0.866 Thread 0x00007f24b800b800 Exception <a 'java/lang/ClassNotFoundException': ToolTip> (0x00000000ec61bae8) thrown at [/HUDSON/workspace/8-2-build-linux-amd64/jdk8u181/11358/hotspot/src/share/vm/classfile/systemDictionary.cpp, line 210]
Event: 0.867 Thread 0x00007f24b800b800 Exception <a 'java/lang/ClassNotFoundException': Tree> (0x00000000ec61c708) thrown at [/HUDSON/workspace/8-2-build-linux-amd64/jdk8u181/11358/hotspot/src/share/vm/classfile/systemDictionary.cpp, line 210]
Event: 0.867 Thread 0x00007f24b800b800 Exception <a 'java/lang/ClassNotFoundException': Tree> (0x00000000ec61ce48) thrown at [/HUDSON/workspace/8-2-build-linux-amd64/jdk8u181/11358/hotspot/src/share/vm/classfile/systemDictionary.cpp, line 210]
Event: 0.868 Thread 0x00007f24b800b800 Exception <a 'java/lang/ClassNotFoundException': javax/swing/JTreeCell> (0x00000000ec61d1c8) thrown at [/HUDSON/workspace/8-2-build-linux-amd64/jdk8u181/11358/hotspot/src/share/vm/classfile/systemDictionary.cpp, line 210]
Event: 0.868 Thread 0x00007f24b800b800 Exception <a 'java/lang/ClassNotFoundException': TreeCell> (0x00000000ec61d650) thrown at [/HUDSON/workspace/8-2-build-linux-amd64/jdk8u181/11358/hotspot/src/share/vm/classfile/systemDictionary.cpp, line 210]
Event: 0.868 Thread 0x00007f24b800b800 Exception <a 'java/lang/ClassNotFoundException': RootPane> (0x00000000ec61e0b0) thrown at [/HUDSON/workspace/8-2-build-linux-amd64/jdk8u181/11358/hotspot/src/share/vm/classfile/systemDictionary.cpp, line 210]
Event: 0.912 Thread 0x00007f24b8396800 Implicit null exception at 0x00007f24a91caff6 to 0x00007f24a91cb3b1
Event: 2.187 Thread 0x00007f24b8396800 Exception <a 'java/lang/UnsupportedOperationException': > (0x00000000ec689e88) thrown at [/HUDSON/workspace/8-2-build-linux-amd64/jdk8u181/11358/hotspot/src/share/vm/prims/jni.cpp, line 735]
Event: 9.997 Thread 0x00007f24b8396800 Exception <a 'java/lang/UnsupportedOperationException': > (0x00000000ec769120) thrown at [/HUDSON/workspace/8-2-build-linux-amd64/jdk8u181/11358/hotspot/src/share/vm/prims/jni.cpp, line 735]

Events (10 events):
Event: 9.997 loading class javax/swing/text/JTextComponent$InputMethodRequestsHandler
Event: 9.997 loading class javax/swing/text/JTextComponent$InputMethodRequestsHandler done
Event: 10.444 loading class java/awt/event/MouseWheelEvent
Event: 10.445 loading class java/awt/event/MouseWheelEvent done
Event: 11.719 loading class sun/awt/X11/XButtonEvent
Event: 11.720 loading class sun/awt/X11/XButtonEvent done
Event: 11.721 loading class java/awt/Canvas
Event: 11.722 loading class java/awt/Canvas done
Event: 11.722 loading class java/awt/Scrollbar
Event: 11.723 loading class java/awt/Scrollbar done


Dynamic libraries:
00400000-00401000 r-xp 00000000 08:02 4461525                            /usr/lib/jvm/java-8-oracle/bin/java
00600000-00601000 rw-p 00000000 08:02 4461525                            /usr/lib/jvm/java-8-oracle/bin/java
01100000-01121000 rw-p 00000000 00:00 0                                  [heap]
c4400000-c6c00000 rw-p 00000000 00:00 0 
c6c00000-ec180000 ---p 00000000 00:00 0 
ec180000-ed580000 rw-p 00000000 00:00 0 
ed580000-100000000 ---p 00000000 00:00 0 
100000000-100280000 rw-p 00000000 00:00 0 
100280000-140000000 ---p 00000000 00:00 0 
7f244c000000-7f244c021000 rw-p 00000000 00:00 0 
7f244c021000-7f2450000000 ---p 00000000 00:00 0 
7f2450000000-7f2450021000 rw-p 00000000 00:00 0 
7f2450021000-7f2454000000 ---p 00000000 00:00 0 
7f2454000000-7f2454456000 rw-p 00000000 00:00 0 
7f2454456000-7f2458000000 ---p 00000000 00:00 0 
7f2458000000-7f2458021000 rw-p 00000000 00:00 0 
7f2458021000-7f245c000000 ---p 00000000 00:00 0 
7f245c000000-7f245c021000 rw-p 00000000 00:00 0 
7f245c021000-7f2460000000 ---p 00000000 00:00 0 
7f2460fff000-7f2464000000 rw-p 00000000 00:00 0 
7f2464000000-7f2464021000 rw-p 00000000 00:00 0 
7f2464021000-7f2468000000 ---p 00000000 00:00 0 
7f2468000000-7f24682a3000 rw-p 00000000 00:00 0 
7f24682a3000-7f246c000000 ---p 00000000 00:00 0 
7f246c000000-7f246c021000 rw-p 00000000 00:00 0 
7f246c021000-7f2470000000 ---p 00000000 00:00 0 
7f2470000000-7f2470021000 rw-p 00000000 00:00 0 
7f2470021000-7f2474000000 ---p 00000000 00:00 0 
7f2474000000-7f2474210000 rw-p 00000000 00:00 0 
7f2474210000-7f2478000000 ---p 00000000 00:00 0 
7f2478000000-7f24787a3000 rw-p 00000000 00:00 0 
7f24787a3000-7f247c000000 ---p 00000000 00:00 0 
7f247c000000-7f247c021000 rw-p 00000000 00:00 0 
7f247c021000-7f2480000000 ---p 00000000 00:00 0 
7f2480000000-7f2480f58000 rw-p 00000000 00:00 0 
7f2480f58000-7f2484000000 ---p 00000000 00:00 0 
7f2484000000-7f2484021000 rw-p 00000000 00:00 0 
7f2484021000-7f2488000000 ---p 00000000 00:00 0 
7f2488000000-7f2488021000 rw-p 00000000 00:00 0 
7f2488021000-7f248c000000 ---p 00000000 00:00 0 
7f248c000000-7f248c021000 rw-p 00000000 00:00 0 
7f248c021000-7f2490000000 ---p 00000000 00:00 0 
7f2490000000-7f2490021000 rw-p 00000000 00:00 0 
7f2490021000-7f2494000000 ---p 00000000 00:00 0 
7f2494000000-7f2494021000 rw-p 00000000 00:00 0 
7f2494021000-7f2498000000 ---p 00000000 00:00 0 
7f2498818000-7f2498823000 r--s 00000000 08:02 1966218                    /var/cache/fontconfig/945677eb7aeaf62f1d50efc3fb3ec7d8-le64.cache-7
7f2498823000-7f2498828000 r--s 00000000 08:02 1966189                    /var/cache/fontconfig/2300eef321c393bfd76478a5c0e95b23-le64.cache-7
7f2498828000-7f2498829000 r--s 00000000 08:02 1966182                    /var/cache/fontconfig/0d8c3b2ac0904cb8a57a757ad11a4a08-le64.cache-7
7f2498829000-7f249882d000 r--s 00000000 08:02 1978089                    /var/cache/fontconfig/de156ccd2eddbdc19d37a45b8b2aac9c-le64.cache-7
7f249882d000-7f2498842000 r--s 00000000 08:02 1966178                    /var/cache/fontconfig/04aabc0a78ac019cf9454389977116d2-le64.cache-7
7f2498842000-7f2498843000 r--s 00000000 08:02 1966186                    /var/cache/fontconfig/1ac9eb803944fde146138c791f5cc56a-le64.cache-7
7f2498843000-7f2498844000 r--s 00000000 08:02 1966237                    /var/cache/fontconfig/dc05db6664285cc2f12bf69c139ae4c3-le64.cache-7
7f2498844000-7f2498846000 r--s 00000000 08:02 1966183                    /var/cache/fontconfig/14a5e22175779b556eaa434240950366-le64.cache-7
7f2498846000-7f2498847000 r--s 00000000 08:02 1966210                    /var/cache/fontconfig/660208299946a285a940457d1287da33-le64.cache-7
7f2498847000-7f2498849000 r--s 00000000 08:02 1966201                    /var/cache/fontconfig/4f3e3037c9980c83b53a9351efadef62-le64.cache-7
7f2498849000-7f249884b000 r--s 00000000 08:02 1966215                    /var/cache/fontconfig/767a8244fc0220cfb567a839d0392e0b-le64.cache-7
7f249884b000-7f249884c000 r--s 00000000 08:02 1966196                    /var/cache/fontconfig/4794a0821666d79190d59a36cb4f44b5-le64.cache-7
7f249884c000-7f249884e000 r--s 00000000 08:02 1966180                    /var/cache/fontconfig/0bd3dc0958fa2205aaaa8ebb13e2872b-le64.cache-7
7f249884e000-7f2498853000 r--s 00000000 08:02 1966238                    /var/cache/fontconfig/def309198bfa603429122923fa2bb2d4-le64.cache-7
7f2498853000-7f2498854000 r--s 00000000 08:02 1966226                    /var/cache/fontconfig/b872e6e592da6075ffa4ab0a1fcc0c75-le64.cache-7
7f2498854000-7f2498855000 r--s 00000000 08:02 1966243                    /var/cache/fontconfig/f6d4eedfaab2589bde49f7a3ff831d22-le64.cache-7
7f2498855000-7f2498856000 r--s 00000000 08:02 1966208                    /var/cache/fontconfig/589f83ef4c36d296ce6e1c846f468f08-le64.cache-7
7f2498856000-7f2498857000 r--s 00000000 08:02 1966228                    /var/cache/fontconfig/bab58bb527bb656aaa9f116d68a48d89-le64.cache-7
7f2498857000-7f2498858000 r--s 00000000 08:02 1966187                    /var/cache/fontconfig/2171a34dccabdb6bcbbc728186263178-le64.cache-7
7f2498858000-7f2498859000 r--s 00000000 08:02 1966229                    /var/cache/fontconfig/c5c45a61289222e0d30b1a26ef4effbe-le64.cache-7
7f2498859000-7f249885a000 r--s 00000000 08:02 1966224                    /var/cache/fontconfig/aec30016f93e1b46d1a973dce0d74068-le64.cache-7
7f249885a000-7f249885b000 r--s 00000000 08:02 1966194                    /var/cache/fontconfig/3f589640d34b7dc9042c8d453f7c8b9c-le64.cache-7
7f249885b000-7f249885c000 r--s 00000000 08:02 1966184                    /var/cache/fontconfig/16c2fda60d1b4b719f4b3d06fd951d25-le64.cache-7
7f249885c000-7f249885d000 r--s 00000000 08:02 1966223                    /var/cache/fontconfig/a48eab177a16e4f3713381162db2f3e9-le64.cache-7
7f249885d000-7f249885e000 r--s 00000000 08:02 1966204                    /var/cache/fontconfig/564b2e68ac9bc4e36a6f7f6d6125ec1c-le64.cache-7
7f249885e000-7f2498863000 r--s 00000000 08:02 1966221                    /var/cache/fontconfig/9d2451b1fd30e5bffe8383fd27c35478-le64.cache-7
7f2498863000-7f2498869000 r--s 00000000 08:02 1968620                    /var/cache/fontconfig/3047814df9a2f067bd2d96a2b9c36e5a-le64.cache-7
7f2498869000-7f249886a000 r--s 00000000 08:02 1966205                    /var/cache/fontconfig/56cf4f4769d0f4abc89a4895d7bd3ae1-le64.cache-7
7f249886a000-7f249886b000 r--s 00000000 08:02 1966227                    /var/cache/fontconfig/b9d506c9ac06c20b433354fa67a72993-le64.cache-7
7f249886b000-7f2498871000 r--s 00000000 08:02 1966225                    /var/cache/fontconfig/b47c4e1ecd0709278f4910c18777a504-le64.cache-7
7f2498871000-7f2498884000 r--s 00000000 08:02 1966234                    /var/cache/fontconfig/d52a8644073d54c13679302ca1180695-le64.cache-7
7f2498884000-7f2498885000 r--s 00000000 08:02 1966192                    /var/cache/fontconfig/370e5b74bf5dafc30834de68e24a87a4-le64.cache-7
7f2498885000-7f2498886000 r--s 00000000 08:02 1967993                    /var/cache/fontconfig/6b2c5944714ca7831b25bed9e85cb5c8-le64.cache-7
7f2498886000-7f2498887000 r--s 00000000 08:02 1966233                    /var/cache/fontconfig/d5178ab6d91b49bf20a416737dcea9e8-le64.cache-7
7f2498887000-7f2498888000 r--s 00000000 08:02 1971435                    /var/cache/fontconfig/551ecf3b0e8b0bca0f25c0944f561853-le64.cache-7
7f2498888000-7f249888b000 r--s 00000000 08:02 1967932                    /var/cache/fontconfig/f259c2cffa685e28062317905db73c4a-le64.cache-7
7f249888b000-7f249888d000 r--s 00000000 08:02 1967925                    /var/cache/fontconfig/550f3886151c940c12a5ed35f6a00586-le64.cache-7
7f249888d000-7f2498890000 r--s 00000000 08:02 1967912                    /var/cache/fontconfig/674d1711f2d1d2a09646eb0bdcadee49-le64.cache-7
7f2498890000-7f2498891000 r--s 00000000 08:02 1966195                    /var/cache/fontconfig/3f7329c5293ffd510edef78f73874cfd-le64.cache-7
7f2498891000-7f2498895000 r--s 00000000 08:02 1966235                    /var/cache/fontconfig/d589a48862398ed80a3d6066f4f56f4c-le64.cache-7
7f2498895000-7f2498896000 r--s 00000000 08:02 1966181                    /var/cache/fontconfig/0c9eb80ebd1c36541ebe2852d3bb0c49-le64.cache-7
7f2498896000-7f2498897000 r--s 00000000 08:02 1966188                    /var/cache/fontconfig/22368d551a680bfe5a62c02760edf4ea-le64.cache-7
7f2498897000-7f2498898000 r--s 00000000 08:02 1966200                    /var/cache/fontconfig/4d9c95eba1cb85bbcf2878543262124a-le64.cache-7
7f2498898000-7f2498899000 r--s 00000000 08:02 1966217                    /var/cache/fontconfig/85e0a52ce643a7ba2ae53e5d6949cead-le64.cache-7
7f24989bb000-7f24989fb000 rw-p 00000000 00:00 0 
7f24989fb000-7f2498bbb000 ---p 00000000 00:00 0 
7f2498bbb000-7f2498be5000 r-xp 00000000 08:02 4983101                    /usr/lib/jvm/java-8-oracle/jre/lib/amd64/libdcpr.so
7f2498be5000-7f2498de5000 ---p 0002a000 08:02 4983101                    /usr/lib/jvm/java-8-oracle/jre/lib/amd64/libdcpr.so
7f2498de5000-7f2498de8000 rw-p 0002a000 08:02 4983101                    /usr/lib/jvm/java-8-oracle/jre/lib/amd64/libdcpr.so
7f2498de8000-7f2498deb000 ---p 00000000 00:00 0 
7f2498deb000-7f24990e9000 rw-p 00000000 00:00 0 
7f24990e9000-7f2499104000 r--s 00000000 08:02 5244644                    /usr/share/fonts/type1/gsfonts/p052003l.pfb
7f2499104000-7f2499115000 r--s 00000000 08:02 5244602                    /usr/share/fonts/type1/gsfonts/n019023l.pfb
7f2499115000-7f249911f000 r--s 00000000 08:02 5243797                    /usr/share/fonts/X11/Type1/c0611bt_.pfb
7f249911f000-7f2499138000 r--s 00000000 08:02 5244623                    /usr/share/fonts/type1/gsfonts/n021004l.pfb
7f2499138000-7f2499142000 r--s 00000000 08:02 5243793                    /usr/share/fonts/X11/Type1/c0582bt_.pfb
7f2499142000-7f249915e000 r--s 00000000 08:02 5244653                    /usr/share/fonts/type1/gsfonts/p052024l.pfb
7f249915e000-7f249916f000 r--s 00000000 08:02 5244605                    /usr/share/fonts/type1/gsfonts/n019024l.pfb
7f249916f000-7f249917f000 r--s 00000000 08:02 5244560                    /usr/share/fonts/type1/gsfonts/a010015l.pfb
7f249917f000-7f2499195000 r--s 00000000 08:02 5244638                    /usr/share/fonts/type1/gsfonts/n022023l.pfb
7f2499195000-7f24991a5000 r--s 00000000 08:02 5244563                    /usr/share/fonts/type1/gsfonts/a010033l.pfb
7f24991a5000-7f24991c0000 r--s 00000000 08:02 5244584                    /usr/share/fonts/type1/gsfonts/c059016l.pfb
7f24991c0000-7f24991db000 r--s 00000000 08:02 5244650                    /usr/share/fonts/type1/gsfonts/p052023l.pfb
7f24991db000-7f24991f3000 r--s 00000000 08:02 5244587                    /usr/share/fonts/type1/gsfonts/c059033l.pfb
7f24991f3000-7f249920c000 r--s 00000000 08:02 5244569                    /usr/share/fonts/type1/gsfonts/b018012l.pfb
7f249920c000-7f249921e000 r--s 00000000 08:02 5244599                    /usr/share/fonts/type1/gsfonts/n019004l.pfb
7f249921e000-7f2499228000 r--s 00000000 08:02 5243795                    /usr/share/fonts/X11/Type1/c0583bt_.pfb
7f2499228000-7f249923e000 r--s 00000000 08:02 5244641                    /usr/share/fonts/type1/gsfonts/n022024l.pfb
7f249923e000-7f2499255000 r--s 00000000 08:02 5244626                    /usr/share/fonts/type1/gsfonts/n021023l.pfb
7f2499255000-7f2499265000 r--s 00000000 08:02 5244557                    /usr/share/fonts/type1/gsfonts/a010013l.pfb
7f2499265000-7f249927a000 r--s 00000000 08:02 5244575                    /usr/share/fonts/type1/gsfonts/b018032l.pfb
7f249927a000-7f249928c000 r--s 00000000 08:02 5244578                    /usr/share/fonts/type1/gsfonts/b018035l.pfb
7f249928c000-7f2499296000 r--s 00000000 08:02 5243791                    /usr/share/fonts/X11/Type1/c0419bt_.pfb
7f2499296000-7f24992a9000 r--s 00000000 08:02 5244617                    /usr/share/fonts/type1/gsfonts/n019064l.pfb
7f24992a9000-7f24992b5000 r--s 00000000 08:02 5244593                    /usr/share/fonts/type1/gsfonts/d050000l.pfb
7f24992b5000-7f24992ce000 r--s 00000000 08:02 5244620                    /usr/share/fonts/type1/gsfonts/n021003l.pfb
7f24992ce000-7f24992df000 r--s 00000000 08:02 5244614                    /usr/share/fonts/type1/gsfonts/n019063l.pfb
7f24992f7000-7f2499309000 r--s 00000000 08:02 5244611                    /usr/share/fonts/type1/gsfonts/n019044l.pfb
7f2499309000-7f249931b000 r--s 00000000 08:02 5244608                    /usr/share/fonts/type1/gsfonts/n019043l.pfb
7f249931b000-7f249932c000 r--s 00000000 08:02 5244566                    /usr/share/fonts/type1/gsfonts/a010035l.pfb
7f249932c000-7f2499335000 r--s 00000000 08:02 5243803                    /usr/share/fonts/X11/Type1/c0648bt_.pfb
7f2499335000-7f2499348000 r--s 00000000 08:02 5244572                    /usr/share/fonts/type1/gsfonts/b018015l.pfb
7f2499348000-7f249935c000 r--s 00000000 08:02 5244596                    /usr/share/fonts/type1/gsfonts/n019003l.pfb
7f249935c000-7f2499375000 r--s 00000000 08:02 5244635                    /usr/share/fonts/type1/gsfonts/n022004l.pfb
7f2499375000-7f249937e000 r--s 00000000 08:02 5243801                    /usr/share/fonts/X11/Type1/c0633bt_.pfb
7f249937e000-7f2499395000 r--s 00000000 08:02 5244659                    /usr/share/fonts/type1/gsfonts/z003034l.pfb
7f2499395000-7f249939e000 r--s 00000000 08:02 5243805                    /usr/share/fonts/X11/Type1/c0649bt_.pfb
7f249939e000-7f24993a7000 r--s 00000000 08:02 5244656                    /usr/share/fonts/type1/gsfonts/s050000l.pfb
7f24993a7000-7f24993bf000 r--s 00000000 08:02 5244590                    /usr/share/fonts/type1/gsfonts/c059036l.pfb
7f24993bf000-7f24993d9000 r--s 00000000 08:02 5244581                    /usr/share/fonts/type1/gsfonts/c059013l.pfb
7f24993d9000-7f24993ef000 r--s 00000000 08:02 5244629                    /usr/share/fonts/type1/gsfonts/n021024l.pfb
7f24993ef000-7f249940a000 r--s 00000000 08:02 5244647                    /usr/share/fonts/type1/gsfonts/p052004l.pfb
7f249940a000-7f2499413000 r--s 00000000 08:02 5243799                    /usr/share/fonts/X11/Type1/c0632bt_.pfb
7f2499413000-7f2499416000 ---p 00000000 00:00 0 
7f2499416000-7f2499714000 rw-p 00000000 00:00 0 
7f2499714000-7f2499717000 ---p 00000000 00:00 0 
7f2499717000-7f2499815000 rw-p 00000000 00:00 0 
7f2499815000-7f249987f000 r-xp 00000000 08:02 4983115                    /usr/lib/jvm/java-8-oracle/jre/lib/amd64/libt2k.so
7f249987f000-7f2499a7e000 ---p 0006a000 08:02 4983115                    /usr/lib/jvm/java-8-oracle/jre/lib/amd64/libt2k.so
7f2499a7e000-7f2499a85000 rw-p 00069000 08:02 4983115                    /usr/lib/jvm/java-8-oracle/jre/lib/amd64/libt2k.so
7f2499a85000-7f2499c95000 rw-p 00000000 00:00 0 
7f2499c95000-7f2499c98000 ---p 00000000 00:00 0 
7f2499c98000-7f2499d96000 rw-p 00000000 00:00 0 
7f2499d96000-7f2499d99000 ---p 00000000 00:00 0 
7f2499d99000-7f249a097000 rw-p 00000000 00:00 0 
7f249a097000-7f249a0a8000 r-xp 00000000 08:02 4983150                    /usr/lib/jvm/java-8-oracle/jre/lib/amd64/libnio.so
7f249a0a8000-7f249a2a7000 ---p 00011000 08:02 4983150                    /usr/lib/jvm/java-8-oracle/jre/lib/amd64/libnio.so
7f249a2a7000-7f249a2a8000 rw-p 00010000 08:02 4983150                    /usr/lib/jvm/java-8-oracle/jre/lib/amd64/libnio.so
7f249a2a8000-7f249a2be000 r-xp 00000000 08:02 4983147                    /usr/lib/jvm/java-8-oracle/jre/lib/amd64/libnet.so
7f249a2be000-7f249a4be000 ---p 00016000 08:02 4983147                    /usr/lib/jvm/java-8-oracle/jre/lib/amd64/libnet.so
7f249a4be000-7f249a4bf000 rw-p 00016000 08:02 4983147                    /usr/lib/jvm/java-8-oracle/jre/lib/amd64/libnet.so
7f249a4bf000-7f249a4c2000 ---p 00000000 00:00 0 
7f249a4c2000-7f249a5c0000 rw-p 00000000 00:00 0 
7f249a5c0000-7f249a5c5000 r-xp 00000000 08:02 4333556                    /usr/lib/x86_64-linux-gnu/libXfixes.so.3.1.0
7f249a5c5000-7f249a7c4000 ---p 00005000 08:02 4333556                    /usr/lib/x86_64-linux-gnu/libXfixes.so.3.1.0
7f249a7c4000-7f249a7c5000 r--p 00004000 08:02 4333556                    /usr/lib/x86_64-linux-gnu/libXfixes.so.3.1.0
7f249a7c5000-7f249a7c6000 rw-p 00005000 08:02 4333556                    /usr/lib/x86_64-linux-gnu/libXfixes.so.3.1.0
7f249a7c6000-7f249a7cf000 r-xp 00000000 08:02 4333548                    /usr/lib/x86_64-linux-gnu/libXcursor.so.1.0.2
7f249a7cf000-7f249a9ce000 ---p 00009000 08:02 4333548                    /usr/lib/x86_64-linux-gnu/libXcursor.so.1.0.2
7f249a9ce000-7f249a9cf000 r--p 00008000 08:02 4333548                    /usr/lib/x86_64-linux-gnu/libXcursor.so.1.0.2
7f249a9cf000-7f249a9d0000 rw-p 00009000 08:02 4333548                    /usr/lib/x86_64-linux-gnu/libXcursor.so.1.0.2
7f249a9d0000-7f249a9e7000 r-xp 00000000 08:02 2101973                    /lib/x86_64-linux-gnu/libgcc_s.so.1
7f249a9e7000-7f249abe6000 ---p 00017000 08:02 2101973                    /lib/x86_64-linux-gnu/libgcc_s.so.1
7f249abe6000-7f249abe7000 r--p 00016000 08:02 2101973                    /lib/x86_64-linux-gnu/libgcc_s.so.1
7f249abe7000-7f249abe8000 rw-p 00017000 08:02 2101973                    /lib/x86_64-linux-gnu/libgcc_s.so.1
7f249abe8000-7f249ac4d000 r-xp 00000000 08:02 4983127                    /usr/lib/jvm/java-8-oracle/jre/lib/amd64/libfontmanager.so
7f249ac4d000-7f249ae4c000 ---p 00065000 08:02 4983127                    /usr/lib/jvm/java-8-oracle/jre/lib/amd64/libfontmanager.so
7f249ae4c000-7f249ae51000 rw-p 00064000 08:02 4983127                    /usr/lib/jvm/java-8-oracle/jre/lib/amd64/libfontmanager.so
7f249ae51000-7f249ae61000 rw-p 00000000 00:00 0 
7f249ae61000-7f249ae74000 r-xp 00000000 08:02 2101932                    /lib/x86_64-linux-gnu/libbsd.so.0.8.7
7f249ae74000-7f249b073000 ---p 00013000 08:02 2101932                    /lib/x86_64-linux-gnu/libbsd.so.0.8.7
7f249b073000-7f249b074000 r--p 00012000 08:02 2101932                    /lib/x86_64-linux-gnu/libbsd.so.0.8.7
7f249b074000-7f249b075000 rw-p 00013000 08:02 2101932                    /lib/x86_64-linux-gnu/libbsd.so.0.8.7
7f249b075000-7f249b076000 rw-p 00000000 00:00 0 
7f249b076000-7f249b07b000 r-xp 00000000 08:02 4333552                    /usr/lib/x86_64-linux-gnu/libXdmcp.so.6.0.0
7f249b07b000-7f249b27a000 ---p 00005000 08:02 4333552                    /usr/lib/x86_64-linux-gnu/libXdmcp.so.6.0.0
7f249b27a000-7f249b27b000 r--p 00004000 08:02 4333552                    /usr/lib/x86_64-linux-gnu/libXdmcp.so.6.0.0
7f249b27b000-7f249b27c000 rw-p 00005000 08:02 4333552                    /usr/lib/x86_64-linux-gnu/libXdmcp.so.6.0.0
7f249b27c000-7f249b27e000 r-xp 00000000 08:02 4333541                    /usr/lib/x86_64-linux-gnu/libXau.so.6.0.0
7f249b27e000-7f249b47e000 ---p 00002000 08:02 4333541                    /usr/lib/x86_64-linux-gnu/libXau.so.6.0.0
7f249b47e000-7f249b47f000 r--p 00002000 08:02 4333541                    /usr/lib/x86_64-linux-gnu/libXau.so.6.0.0
7f249b47f000-7f249b480000 rw-p 00003000 08:02 4333541                    /usr/lib/x86_64-linux-gnu/libXau.so.6.0.0
7f249b480000-7f249b4a6000 r-xp 00000000 08:02 4334745                    /usr/lib/x86_64-linux-gnu/libxcb.so.1.1.0
7f249b4a6000-7f249b6a6000 ---p 00026000 08:02 4334745                    /usr/lib/x86_64-linux-gnu/libxcb.so.1.1.0
7f249b6a6000-7f249b6a7000 r--p 00026000 08:02 4334745                    /usr/lib/x86_64-linux-gnu/libxcb.so.1.1.0
7f249b6a7000-7f249b6a8000 rw-p 00027000 08:02 4334745                    /usr/lib/x86_64-linux-gnu/libxcb.so.1.1.0
7f249b6a8000-7f249b6b7000 r-xp 00000000 08:02 4333562                    /usr/lib/x86_64-linux-gnu/libXi.so.6.1.0
7f249b6b7000-7f249b8b6000 ---p 0000f000 08:02 4333562                    /usr/lib/x86_64-linux-gnu/libXi.so.6.1.0
7f249b8b6000-7f249b8b7000 r--p 0000e000 08:02 4333562                    /usr/lib/x86_64-linux-gnu/libXi.so.6.1.0
7f249b8b7000-7f249b8b8000 rw-p 0000f000 08:02 4333562                    /usr/lib/x86_64-linux-gnu/libXi.so.6.1.0
7f249b8b8000-7f249b8bd000 r-xp 00000000 08:02 4333580                    /usr/lib/x86_64-linux-gnu/libXtst.so.6.1.0
7f249b8bd000-7f249babc000 ---p 00005000 08:02 4333580                    /usr/lib/x86_64-linux-gnu/libXtst.so.6.1.0
7f249babc000-7f249babd000 r--p 00004000 08:02 4333580                    /usr/lib/x86_64-linux-gnu/libXtst.so.6.1.0
7f249babd000-7f249babe000 rw-p 00005000 08:02 4333580                    /usr/lib/x86_64-linux-gnu/libXtst.so.6.1.0
7f249babe000-7f249bac7000 r-xp 00000000 08:02 4333574                    /usr/lib/x86_64-linux-gnu/libXrender.so.1.3.0
7f249bac7000-7f249bcc6000 ---p 00009000 08:02 4333574                    /usr/lib/x86_64-linux-gnu/libXrender.so.1.3.0
7f249bcc6000-7f249bcc7000 r--p 00008000 08:02 4333574                    /usr/lib/x86_64-linux-gnu/libXrender.so.1.3.0
7f249bcc7000-7f249bcc8000 rw-p 00009000 08:02 4333574                    /usr/lib/x86_64-linux-gnu/libXrender.so.1.3.0
7f249bcc8000-7f249bdfb000 r-xp 00000000 08:02 4334186                    /usr/lib/x86_64-linux-gnu/libX11.so.6.3.0
7f249bdfb000-7f249bffb000 ---p 00133000 08:02 4334186                    /usr/lib/x86_64-linux-gnu/libX11.so.6.3.0
7f249bffb000-7f249bffc000 r--p 00133000 08:02 4334186                    /usr/lib/x86_64-linux-gnu/libX11.so.6.3.0
7f249bffc000-7f249c000000 rw-p 00134000 08:02 4334186                    /usr/lib/x86_64-linux-gnu/libX11.so.6.3.0
7f249c000000-7f249c021000 rw-p 00000000 00:00 0 
7f249c021000-7f24a0000000 ---p 00000000 00:00 0 
7f24a0000000-7f24a0001000 r--s 00000000 08:02 1966197                    /var/cache/fontconfig/49f0de54bdd920fe4f0dfd4cbac43e6b-le64.cache-7
7f24a0001000-7f24a0002000 r--s 00000000 08:02 1966244                    /var/cache/fontconfig/f6e6e0a5c3d2f6ae0c0c2e0ecd42a997-le64.cache-7
7f24a0002000-7f24a0003000 r--s 00000000 08:02 1966198                    /var/cache/fontconfig/4b2eda6bb976bda485cb2176619421d5-le64.cache-7
7f24a0003000-7f24a0006000 ---p 00000000 00:00 0 
7f24a0006000-7f24a0104000 rw-p 00000000 00:00 0 
7f24a0104000-7f24a0115000 r-xp 00000000 08:02 4333554                    /usr/lib/x86_64-linux-gnu/libXext.so.6.4.0
7f24a0115000-7f24a0314000 ---p 00011000 08:02 4333554                    /usr/lib/x86_64-linux-gnu/libXext.so.6.4.0
7f24a0314000-7f24a0315000 r--p 00010000 08:02 4333554                    /usr/lib/x86_64-linux-gnu/libXext.so.6.4.0
7f24a0315000-7f24a0316000 rw-p 00011000 08:02 4333554                    /usr/lib/x86_64-linux-gnu/libXext.so.6.4.0
7f24a0316000-7f24a036a000 r-xp 00000000 08:02 4983154                    /usr/lib/jvm/java-8-oracle/jre/lib/amd64/libawt_xawt.so
7f24a036a000-7f24a056a000 ---p 00054000 08:02 4983154                    /usr/lib/jvm/java-8-oracle/jre/lib/amd64/libawt_xawt.so
7f24a056a000-7f24a056e000 rw-p 00054000 08:02 4983154                    /usr/lib/jvm/java-8-oracle/jre/lib/amd64/libawt_xawt.so
7f24a056e000-7f24a056f000 rw-p 00000000 00:00 0 
7f24a056f000-7f24a0611000 r-xp 00000000 08:02 4983140                    /usr/lib/jvm/java-8-oracle/jre/lib/amd64/libawt.so
7f24a0611000-7f24a0811000 ---p 000a2000 08:02 4983140                    /usr/lib/jvm/java-8-oracle/jre/lib/amd64/libawt.so
7f24a0811000-7f24a081d000 rw-p 000a2000 08:02 4983140                    /usr/lib/jvm/java-8-oracle/jre/lib/amd64/libawt.so
7f24a081d000-7f24a0841000 rw-p 00000000 00:00 0 
7f24a0841000-7f24a0842000 ---p 00000000 00:00 0 
7f24a0842000-7f24a0942000 rw-p 00000000 00:00 0 
7f24a0942000-7f24a0945000 ---p 00000000 00:00 0 
7f24a0945000-7f24a0a43000 rw-p 00000000 00:00 0 
7f24a0a43000-7f24a0a44000 ---p 00000000 00:00 0 
7f24a0a44000-7f24a0a47000 ---p 00000000 00:00 0 
7f24a0a47000-7f24a0b44000 rw-p 00000000 00:00 0 
7f24a0b44000-7f24a0b45000 ---p 00000000 00:00 0 
7f24a0b45000-7f24a0b48000 ---p 00000000 00:00 0 
7f24a0b48000-7f24a0c45000 rw-p 00000000 00:00 0 
7f24a0c45000-7f24a0c46000 ---p 00000000 00:00 0 
7f24a0c46000-7f24a0c49000 ---p 00000000 00:00 0 
7f24a0c49000-7f24a0d46000 rw-p 00000000 00:00 0 
7f24a0d46000-7f24a0d49000 ---p 00000000 00:00 0 
7f24a0d49000-7f24a0e47000 rw-p 00000000 00:00 0 
7f24a0e47000-7f24a1816000 r--p 00000000 08:02 4332230                    /usr/lib/locale/locale-archive
7f24a1816000-7f24a1819000 ---p 00000000 00:00 0 
7f24a1819000-7f24a1917000 rw-p 00000000 00:00 0 
7f24a1917000-7f24a191a000 ---p 00000000 00:00 0 
7f24a191a000-7f24a1a18000 rw-p 00000000 00:00 0 
7f24a1a18000-7f24a1a19000 ---p 00000000 00:00 0 
7f24a1a19000-7f24a4000000 rw-p 00000000 00:00 0 
7f24a4000000-7f24a4021000 rw-p 00000000 00:00 0 
7f24a4021000-7f24a8000000 ---p 00000000 00:00 0 
7f24a8000000-7f24a800e000 r--s 00000000 08:02 1966220                    /var/cache/fontconfig/9b89f8e3dae116d678bbf48e5f21f69b-le64.cache-7
7f24a800e000-7f24a8010000 r--s 00000000 08:02 1966212                    /var/cache/fontconfig/6afa1bb216ce958c1589e297e8008489-le64.cache-7
7f24a8010000-7f24a801e000 r--s 00000000 08:02 1970933                    /var/cache/fontconfig/e13b20fdb08344e0e664864cc2ede53d-le64.cache-7
7f24a801e000-7f24a8036000 r--s 00000000 08:02 5244632                    /usr/share/fonts/type1/gsfonts/n022003l.pfb
7f24a8036000-7f24a803b000 r--s 0009d000 08:02 4588152                    /usr/lib/jvm/java-8-oracle/jre/lib/jsse.jar
7f24a803b000-7f24a8046000 r--s 00000000 08:02 1966218                    /var/cache/fontconfig/945677eb7aeaf62f1d50efc3fb3ec7d8-le64.cache-7
7f24a8046000-7f24a804b000 r--s 00000000 08:02 1966189                    /var/cache/fontconfig/2300eef321c393bfd76478a5c0e95b23-le64.cache-7
7f24a804b000-7f24a804c000 r--s 00000000 08:02 1966182                    /var/cache/fontconfig/0d8c3b2ac0904cb8a57a757ad11a4a08-le64.cache-7
7f24a804c000-7f24a8050000 r--s 00000000 08:02 1978089                    /var/cache/fontconfig/de156ccd2eddbdc19d37a45b8b2aac9c-le64.cache-7
7f24a8050000-7f24a8065000 r--s 00000000 08:02 1966178                    /var/cache/fontconfig/04aabc0a78ac019cf9454389977116d2-le64.cache-7
7f24a8065000-7f24a8066000 r--s 00000000 08:02 1966186                    /var/cache/fontconfig/1ac9eb803944fde146138c791f5cc56a-le64.cache-7
7f24a8066000-7f24a8067000 r--s 00000000 08:02 1966237                    /var/cache/fontconfig/dc05db6664285cc2f12bf69c139ae4c3-le64.cache-7
7f24a8067000-7f24a8069000 r--s 00000000 08:02 1966183                    /var/cache/fontconfig/14a5e22175779b556eaa434240950366-le64.cache-7
7f24a8069000-7f24a806a000 r--s 00000000 08:02 1966210                    /var/cache/fontconfig/660208299946a285a940457d1287da33-le64.cache-7
7f24a806a000-7f24a806c000 r--s 00000000 08:02 1966201                    /var/cache/fontconfig/4f3e3037c9980c83b53a9351efadef62-le64.cache-7
7f24a806c000-7f24a806e000 r--s 00000000 08:02 1966215                    /var/cache/fontconfig/767a8244fc0220cfb567a839d0392e0b-le64.cache-7
7f24a806e000-7f24a806f000 r--s 00000000 08:02 1966196                    /var/cache/fontconfig/4794a0821666d79190d59a36cb4f44b5-le64.cache-7
7f24a806f000-7f24a8071000 r--s 00000000 08:02 1966180                    /var/cache/fontconfig/0bd3dc0958fa2205aaaa8ebb13e2872b-le64.cache-7
7f24a8071000-7f24a8076000 r--s 00000000 08:02 1966238                    /var/cache/fontconfig/def309198bfa603429122923fa2bb2d4-le64.cache-7
7f24a8076000-7f24a8077000 r--s 00000000 08:02 1966226                    /var/cache/fontconfig/b872e6e592da6075ffa4ab0a1fcc0c75-le64.cache-7
7f24a8077000-7f24a8078000 r--s 00000000 08:02 1966243                    /var/cache/fontconfig/f6d4eedfaab2589bde49f7a3ff831d22-le64.cache-7
7f24a8078000-7f24a8079000 r--s 00000000 08:02 1966208                    /var/cache/fontconfig/589f83ef4c36d296ce6e1c846f468f08-le64.cache-7
7f24a8079000-7f24a807a000 r--s 00000000 08:02 1966228                    /var/cache/fontconfig/bab58bb527bb656aaa9f116d68a48d89-le64.cache-7
7f24a807a000-7f24a807b000 r--s 00000000 08:02 1966187                    /var/cache/fontconfig/2171a34dccabdb6bcbbc728186263178-le64.cache-7
7f24a807b000-7f24a807c000 r--s 00000000 08:02 1966229                    /var/cache/fontconfig/c5c45a61289222e0d30b1a26ef4effbe-le64.cache-7
7f24a807c000-7f24a807d000 r--s 00000000 08:02 1966224                    /var/cache/fontconfig/aec30016f93e1b46d1a973dce0d74068-le64.cache-7
7f24a807d000-7f24a807e000 r--s 00000000 08:02 1966194                    /var/cache/fontconfig/3f589640d34b7dc9042c8d453f7c8b9c-le64.cache-7
7f24a807e000-7f24a807f000 r--s 00000000 08:02 1966184                    /var/cache/fontconfig/16c2fda60d1b4b719f4b3d06fd951d25-le64.cache-7
7f24a807f000-7f24a8080000 r--s 00000000 08:02 1966223                    /var/cache/fontconfig/a48eab177a16e4f3713381162db2f3e9-le64.cache-7
7f24a8080000-7f24a8081000 r--s 00000000 08:02 1966204                    /var/cache/fontconfig/564b2e68ac9bc4e36a6f7f6d6125ec1c-le64.cache-7
7f24a8081000-7f24a8086000 r--s 00000000 08:02 1966221                    /var/cache/fontconfig/9d2451b1fd30e5bffe8383fd27c35478-le64.cache-7
7f24a8086000-7f24a808c000 r--s 00000000 08:02 1968620                    /var/cache/fontconfig/3047814df9a2f067bd2d96a2b9c36e5a-le64.cache-7
7f24a808c000-7f24a808d000 r--s 00000000 08:02 1966205                    /var/cache/fontconfig/56cf4f4769d0f4abc89a4895d7bd3ae1-le64.cache-7
7f24a808d000-7f24a808e000 r--s 00000000 08:02 1966227                    /var/cache/fontconfig/b9d506c9ac06c20b433354fa67a72993-le64.cache-7
7f24a808e000-7f24a8094000 r--s 00000000 08:02 1966225                    /var/cache/fontconfig/b47c4e1ecd0709278f4910c18777a504-le64.cache-7
7f24a8094000-7f24a80a7000 r--s 00000000 08:02 1966234                    /var/cache/fontconfig/d52a8644073d54c13679302ca1180695-le64.cache-7
7f24a80a7000-7f24a80a8000 r--s 00000000 08:02 1966192                    /var/cache/fontconfig/370e5b74bf5dafc30834de68e24a87a4-le64.cache-7
7f24a80a8000-7f24a80a9000 r--s 00000000 08:02 1967993                    /var/cache/fontconfig/6b2c5944714ca7831b25bed9e85cb5c8-le64.cache-7
7f24a80a9000-7f24a80aa000 r--s 00000000 08:02 1966233                    /var/cache/fontconfig/d5178ab6d91b49bf20a416737dcea9e8-le64.cache-7
7f24a80aa000-7f24a80ab000 r--s 00000000 08:02 1971435                    /var/cache/fontconfig/551ecf3b0e8b0bca0f25c0944f561853-le64.cache-7
7f24a80ab000-7f24a80ae000 r--s 00000000 08:02 1967932                    /var/cache/fontconfig/f259c2cffa685e28062317905db73c4a-le64.cache-7
7f24a80ae000-7f24a80b0000 r--s 00000000 08:02 1967925                    /var/cache/fontconfig/550f3886151c940c12a5ed35f6a00586-le64.cache-7
7f24a80b0000-7f24a80b3000 r--s 00000000 08:02 1967912                    /var/cache/fontconfig/674d1711f2d1d2a09646eb0bdcadee49-le64.cache-7
7f24a80b3000-7f24a80b4000 r--s 00000000 08:02 1966195                    /var/cache/fontconfig/3f7329c5293ffd510edef78f73874cfd-le64.cache-7
7f24a80b4000-7f24a80b8000 r--s 00000000 08:02 1966235                    /var/cache/fontconfig/d589a48862398ed80a3d6066f4f56f4c-le64.cache-7
7f24a80b8000-7f24a80b9000 r--s 00000000 08:02 1966181                    /var/cache/fontconfig/0c9eb80ebd1c36541ebe2852d3bb0c49-le64.cache-7
7f24a80b9000-7f24a80ba000 r--s 00000000 08:02 1966188                    /var/cache/fontconfig/22368d551a680bfe5a62c02760edf4ea-le64.cache-7
7f24a80ba000-7f24a80bb000 r--s 00000000 08:02 1966200                    /var/cache/fontconfig/4d9c95eba1cb85bbcf2878543262124a-le64.cache-7
7f24a80bb000-7f24a80bc000 r--s 00000000 08:02 1966217                    /var/cache/fontconfig/85e0a52ce643a7ba2ae53e5d6949cead-le64.cache-7
7f24a80bc000-7f24a80ca000 r--s 00000000 08:02 1966220                    /var/cache/fontconfig/9b89f8e3dae116d678bbf48e5f21f69b-le64.cache-7
7f24a80ca000-7f24a80cc000 r--s 00000000 08:02 1966212                    /var/cache/fontconfig/6afa1bb216ce958c1589e297e8008489-le64.cache-7
7f24a80cc000-7f24a80da000 r--s 00000000 08:02 1970933                    /var/cache/fontconfig/e13b20fdb08344e0e664864cc2ede53d-le64.cache-7
7f24a80da000-7f24a80df000 r--s 002f9000 08:02 4587927                    /usr/lib/jvm/java-8-oracle/jre/lib/charsets.jar
7f24a80df000-7f24a80f9000 r--s 00214000 08:02 1987837                    /home/jerryco09/Documents/OOP/FinalProject/client/ClientApp/src/library/jna-platform-4.4.0.jar
7f24a80f9000-7f24a9000000 rw-p 00000000 00:00 0 
7f24a9000000-7f24a9640000 rwxp 00000000 00:00 0 
7f24a9640000-7f24b8000000 ---p 00000000 00:00 0 
7f24b8000000-7f24b8625000 rw-p 00000000 00:00 0 
7f24b8625000-7f24bc000000 ---p 00000000 00:00 0 
7f24bc000000-7f24bc001000 r--s 00000000 08:02 1966197                    /var/cache/fontconfig/49f0de54bdd920fe4f0dfd4cbac43e6b-le64.cache-7
7f24bc001000-7f24bc005000 r--s 00107000 08:02 1987836                    /home/jerryco09/Documents/OOP/FinalProject/client/ClientApp/src/library/jna-4.4.0.jar
7f24bc005000-7f24bc00c000 r--s 00049000 08:02 1987798                    /home/jerryco09/Documents/OOP/FinalProject/client/ClientApp/src/library/httpcore-4.4.10.jar
7f24bc00c000-7f24bc010000 r--s 00024000 08:02 1987790                    /home/jerryco09/Documents/OOP/FinalProject/client/ClientApp/src/library/httpclient-cache-4.5.6.jar
7f24bc010000-7f24bc01d000 r--s 000af000 08:02 1987546                    /home/jerryco09/Documents/OOP/FinalProject/client/ClientApp/src/library/httpclient-4.5.6.jar
7f24bc01d000-7f24bc034000 r--s 001d7000 08:02 3548654                    /home/jerryco09/Documents/OOP/refactor/sample/final_OOP/src/Library/mysql-connector-java-8.0.12.jar
7f24bc034000-7f24bc1e7000 rw-p 00000000 00:00 0 
7f24bc1e7000-7f24bc3c1000 r--s 03d6b000 08:02 4587929                    /usr/lib/jvm/java-8-oracle/jre/lib/rt.jar
7f24bc3c1000-7f24bc615000 rw-p 00000000 00:00 0 
7f24bc615000-7f24bc616000 ---p 00000000 00:00 0 
7f24bc616000-7f24bc716000 rw-p 00000000 00:00 0 
7f24bc716000-7f24bc717000 ---p 00000000 00:00 0 
7f24bc717000-7f24bc817000 rw-p 00000000 00:00 0 
7f24bc817000-7f24bc818000 ---p 00000000 00:00 0 
7f24bc818000-7f24bc918000 rw-p 00000000 00:00 0 
7f24bc918000-7f24bc919000 ---p 00000000 00:00 0 
7f24bc919000-7f24bca2d000 rw-p 00000000 00:00 0 
7f24bca2d000-7f24bcb58000 ---p 00000000 00:00 0 
7f24bcb58000-7f24bcb6c000 rw-p 00000000 00:00 0 
7f24bcb6c000-7f24bcc96000 ---p 00000000 00:00 0 
7f24bcc96000-7f24bcca1000 rw-p 00000000 00:00 0 
7f24bcca1000-7f24bcd36000 ---p 00000000 00:00 0 
7f24bcd36000-7f24bcd50000 rw-p 00000000 00:00 0 
7f24bcd50000-7f24bd0f7000 ---p 00000000 00:00 0 
7f24bd0f7000-7f24bd112000 r-xp 00000000 08:02 4983143                    /usr/lib/jvm/java-8-oracle/jre/lib/amd64/libzip.so
7f24bd112000-7f24bd312000 ---p 0001b000 08:02 4983143                    /usr/lib/jvm/java-8-oracle/jre/lib/amd64/libzip.so
7f24bd312000-7f24bd313000 rw-p 0001b000 08:02 4983143                    /usr/lib/jvm/java-8-oracle/jre/lib/amd64/libzip.so
7f24bd313000-7f24bd31e000 r-xp 00000000 08:02 2102026                    /lib/x86_64-linux-gnu/libnss_files-2.27.so
7f24bd31e000-7f24bd51d000 ---p 0000b000 08:02 2102026                    /lib/x86_64-linux-gnu/libnss_files-2.27.so
7f24bd51d000-7f24bd51e000 r--p 0000a000 08:02 2102026                    /lib/x86_64-linux-gnu/libnss_files-2.27.so
7f24bd51e000-7f24bd51f000 rw-p 0000b000 08:02 2102026                    /lib/x86_64-linux-gnu/libnss_files-2.27.so
7f24bd51f000-7f24bd525000 rw-p 00000000 00:00 0 
7f24bd525000-7f24bd53c000 r-xp 00000000 08:02 2102020                    /lib/x86_64-linux-gnu/libnsl-2.27.so
7f24bd53c000-7f24bd73b000 ---p 00017000 08:02 2102020                    /lib/x86_64-linux-gnu/libnsl-2.27.so
7f24bd73b000-7f24bd73c000 r--p 00016000 08:02 2102020                    /lib/x86_64-linux-gnu/libnsl-2.27.so
7f24bd73c000-7f24bd73d000 rw-p 00017000 08:02 2102020                    /lib/x86_64-linux-gnu/libnsl-2.27.so
7f24bd73d000-7f24bd73f000 rw-p 00000000 00:00 0 
7f24bd73f000-7f24bd74a000 r-xp 00000000 08:02 2102037                    /lib/x86_64-linux-gnu/libnss_nis-2.27.so
7f24bd74a000-7f24bd949000 ---p 0000b000 08:02 2102037                    /lib/x86_64-linux-gnu/libnss_nis-2.27.so
7f24bd949000-7f24bd94a000 r--p 0000a000 08:02 2102037                    /lib/x86_64-linux-gnu/libnss_nis-2.27.so
7f24bd94a000-7f24bd94b000 rw-p 0000b000 08:02 2102037                    /lib/x86_64-linux-gnu/libnss_nis-2.27.so
7f24bd94b000-7f24bd953000 r-xp 00000000 08:02 2102022                    /lib/x86_64-linux-gnu/libnss_compat-2.27.so
7f24bd953000-7f24bdb53000 ---p 00008000 08:02 2102022                    /lib/x86_64-linux-gnu/libnss_compat-2.27.so
7f24bdb53000-7f24bdb54000 r--p 00008000 08:02 2102022                    /lib/x86_64-linux-gnu/libnss_compat-2.27.so
7f24bdb54000-7f24bdb55000 rw-p 00009000 08:02 2102022                    /lib/x86_64-linux-gnu/libnss_compat-2.27.so
7f24bdb55000-7f24bdb80000 r-xp 00000000 08:02 4983137                    /usr/lib/jvm/java-8-oracle/jre/lib/amd64/libjava.so
7f24bdb80000-7f24bdd7f000 ---p 0002b000 08:02 4983137                    /usr/lib/jvm/java-8-oracle/jre/lib/amd64/libjava.so
7f24bdd7f000-7f24bdd81000 rw-p 0002a000 08:02 4983137                    /usr/lib/jvm/java-8-oracle/jre/lib/amd64/libjava.so
7f24bdd81000-7f24bdd8e000 r-xp 00000000 08:02 4983142                    /usr/lib/jvm/java-8-oracle/jre/lib/amd64/libverify.so
7f24bdd8e000-7f24bdf8e000 ---p 0000d000 08:02 4983142                    /usr/lib/jvm/java-8-oracle/jre/lib/amd64/libverify.so
7f24bdf8e000-7f24bdf90000 rw-p 0000d000 08:02 4983142                    /usr/lib/jvm/java-8-oracle/jre/lib/amd64/libverify.so
7f24bdf90000-7f24bdf97000 r-xp 00000000 08:02 2102077                    /lib/x86_64-linux-gnu/librt-2.27.so
7f24bdf97000-7f24be196000 ---p 00007000 08:02 2102077                    /lib/x86_64-linux-gnu/librt-2.27.so
7f24be196000-7f24be197000 r--p 00006000 08:02 2102077                    /lib/x86_64-linux-gnu/librt-2.27.so
7f24be197000-7f24be198000 rw-p 00007000 08:02 2102077                    /lib/x86_64-linux-gnu/librt-2.27.so
7f24be198000-7f24be335000 r-xp 00000000 08:02 2101999                    /lib/x86_64-linux-gnu/libm-2.27.so
7f24be335000-7f24be534000 ---p 0019d000 08:02 2101999                    /lib/x86_64-linux-gnu/libm-2.27.so
7f24be534000-7f24be535000 r--p 0019c000 08:02 2101999                    /lib/x86_64-linux-gnu/libm-2.27.so
7f24be535000-7f24be536000 rw-p 0019d000 08:02 2101999                    /lib/x86_64-linux-gnu/libm-2.27.so
7f24be536000-7f24bf212000 r-xp 00000000 08:02 4983165                    /usr/lib/jvm/java-8-oracle/jre/lib/amd64/server/libjvm.so
7f24bf212000-7f24bf412000 ---p 00cdc000 08:02 4983165                    /usr/lib/jvm/java-8-oracle/jre/lib/amd64/server/libjvm.so
7f24bf412000-7f24bf4ec000 rw-p 00cdc000 08:02 4983165                    /usr/lib/jvm/java-8-oracle/jre/lib/amd64/server/libjvm.so
7f24bf4ec000-7f24bf537000 rw-p 00000000 00:00 0 
7f24bf537000-7f24bf71e000 r-xp 00000000 08:02 2101936                    /lib/x86_64-linux-gnu/libc-2.27.so
7f24bf71e000-7f24bf91e000 ---p 001e7000 08:02 2101936                    /lib/x86_64-linux-gnu/libc-2.27.so
7f24bf91e000-7f24bf922000 r--p 001e7000 08:02 2101936                    /lib/x86_64-linux-gnu/libc-2.27.so
7f24bf922000-7f24bf924000 rw-p 001eb000 08:02 2101936                    /lib/x86_64-linux-gnu/libc-2.27.so
7f24bf924000-7f24bf928000 rw-p 00000000 00:00 0 
7f24bf928000-7f24bf92b000 r-xp 00000000 08:02 2101959                    /lib/x86_64-linux-gnu/libdl-2.27.so
7f24bf92b000-7f24bfb2a000 ---p 00003000 08:02 2101959                    /lib/x86_64-linux-gnu/libdl-2.27.so
7f24bfb2a000-7f24bfb2b000 r--p 00002000 08:02 2101959                    /lib/x86_64-linux-gnu/libdl-2.27.so
7f24bfb2b000-7f24bfb2c000 rw-p 00003000 08:02 2101959                    /lib/x86_64-linux-gnu/libdl-2.27.so
7f24bfb2c000-7f24bfb42000 r-xp 00000000 08:02 4587800                    /usr/lib/jvm/java-8-oracle/lib/amd64/jli/libjli.so
7f24bfb42000-7f24bfd41000 ---p 00016000 08:02 4587800                    /usr/lib/jvm/java-8-oracle/lib/amd64/jli/libjli.so
7f24bfd41000-7f24bfd42000 rw-p 00015000 08:02 4587800                    /usr/lib/jvm/java-8-oracle/lib/amd64/jli/libjli.so
7f24bfd42000-7f24bfd5c000 r-xp 00000000 08:02 2102069                    /lib/x86_64-linux-gnu/libpthread-2.27.so
7f24bfd5c000-7f24bff5b000 ---p 0001a000 08:02 2102069                    /lib/x86_64-linux-gnu/libpthread-2.27.so
7f24bff5b000-7f24bff5c000 r--p 00019000 08:02 2102069                    /lib/x86_64-linux-gnu/libpthread-2.27.so
7f24bff5c000-7f24bff5d000 rw-p 0001a000 08:02 2102069                    /lib/x86_64-linux-gnu/libpthread-2.27.so
7f24bff5d000-7f24bff61000 rw-p 00000000 00:00 0 
7f24bff61000-7f24bff88000 r-xp 00000000 08:02 2101908                    /lib/x86_64-linux-gnu/ld-2.27.so
7f24bff88000-7f24bff89000 r--s 00000000 08:02 1966244                    /var/cache/fontconfig/f6e6e0a5c3d2f6ae0c0c2e0ecd42a997-le64.cache-7
7f24bff89000-7f24bff8b000 r--s 00009000 08:02 1987762                    /home/jerryco09/Documents/OOP/FinalProject/client/ClientApp/src/library/httpmime-4.5.6.jar
7f24bff8b000-7f24bff92000 r--s 0003f000 08:02 1987835                    /home/jerryco09/Documents/OOP/FinalProject/client/ClientApp/src/library/commons-codec-1.10.jar
7f24bff92000-7f24c006a000 rw-p 00000000 00:00 0 
7f24c006a000-7f24c006b000 ---p 00000000 00:00 0 
7f24c006b000-7f24c006e000 ---p 00000000 00:00 0 
7f24c006e000-7f24c016d000 rw-p 00000000 00:00 0 
7f24c016d000-7f24c016e000 r--s 00000000 08:02 1966198                    /var/cache/fontconfig/4b2eda6bb976bda485cb2176619421d5-le64.cache-7
7f24c016e000-7f24c0170000 r--s 00003000 08:02 1987791                    /home/jerryco09/Documents/OOP/FinalProject/client/ClientApp/src/library/httpclient-win-4.5.6.jar
7f24c0170000-7f24c0171000 r--s 00007000 08:02 1987779                    /home/jerryco09/Documents/OOP/FinalProject/client/ClientApp/src/library/fluent-hc-4.5.6.jar
7f24c0171000-7f24c0173000 r--s 0000e000 08:02 1987834                    /home/jerryco09/Documents/OOP/FinalProject/client/ClientApp/src/library/commons-logging-1.2.jar
7f24c0173000-7f24c017c000 r--s 00075000 08:02 3548681                    /home/jerryco09/Documents/OOP/refactor/sample/final_OOP/src/Library/DateChooser.jar
7f24c017c000-7f24c0184000 rw-s 00000000 08:02 4333246                    /tmp/hsperfdata_jerryco09/3692
7f24c0184000-7f24c0185000 rw-p 00000000 00:00 0 
7f24c0185000-7f24c0186000 r--p 00000000 00:00 0 
7f24c0186000-7f24c0188000 rw-p 00000000 00:00 0 
7f24c0188000-7f24c0189000 r--p 00027000 08:02 2101908                    /lib/x86_64-linux-gnu/ld-2.27.so
7f24c0189000-7f24c018a000 rw-p 00028000 08:02 2101908                    /lib/x86_64-linux-gnu/ld-2.27.so
7f24c018a000-7f24c018b000 rw-p 00000000 00:00 0 
7ffd5386a000-7ffd5388b000 rw-p 00000000 00:00 0                          [stack]
7ffd539a1000-7ffd539a4000 r--p 00000000 00:00 0                          [vvar]
7ffd539a4000-7ffd539a6000 r-xp 00000000 00:00 0                          [vdso]
ffffffffff600000-ffffffffff601000 r-xp 00000000 00:00 0                  [vsyscall]

VM Arguments:
jvm_args: -Dfile.encoding=UTF-8 
java_command: clientapp.NewEvent
java_class_path (initial): /home/jerryco09/Documents/OOP/refactor/sample/final_OOP/src/Library/DateChooser.jar:/home/jerryco09/Documents/OOP/refactor/sample/final_OOP/src/Library/mysql-connector-java-8.0.12.jar:/home/jerryco09/Documents/OOP/FinalProject/client/ClientApp/src/library/commons-codec-1.10.jar:/home/jerryco09/Documents/OOP/FinalProject/client/ClientApp/src/library/commons-logging-1.2.jar:/home/jerryco09/Documents/OOP/FinalProject/client/ClientApp/src/library/fluent-hc-4.5.6.jar:/home/jerryco09/Documents/OOP/FinalProject/client/ClientApp/src/library/httpclient-4.5.6.jar:/home/jerryco09/Documents/OOP/FinalProject/client/ClientApp/src/library/httpclient-cache-4.5.6.jar:/home/jerryco09/Documents/OOP/FinalProject/client/ClientApp/src/library/httpclient-win-4.5.6.jar:/home/jerryco09/Documents/OOP/FinalProject/client/ClientApp/src/library/httpcore-4.4.10.jar:/home/jerryco09/Documents/OOP/FinalProject/client/ClientApp/src/library/httpmime-4.5.6.jar:/home/jerryco09/Documents/OOP/FinalProject/client/ClientApp/src/library/jna-4.4.0.jar:/home/jerryco09/Documents/OOP/FinalProject/client/ClientApp/src/library/jna-platform-4.4.0.jar:/home/jerryco09/Documents/OOP/FinalProject/client/ClientApp/build/classes
Launcher Type: SUN_STANDARD

Environment Variables:
JAVA_HOME=/usr/lib/jvm/java-8-oracle
PATH=/usr/local/sbin:/usr/local/bin:/usr/sbin:/usr/bin:/sbin:/bin:/usr/games:/usr/local/games:/snap/bin:/usr/lib/jvm/java-8-oracle/bin:/usr/lib/jvm/java-8-oracle/db/bin:/usr/lib/jvm/java-8-oracle/jre/bin
USERNAME=jerryco09
LD_LIBRARY_PATH=/usr/lib/jvm/java-8-oracle/jre/lib/amd64:/usr/lib/jvm/java-8-oracle/jre/lib/i386:
SHELL=/bin/bash
DISPLAY=:0

Signal Handlers:
SIGSEGV: [libjvm.so+0xad2a40], sa_mask[0]=11111111011111111101111111111110, sa_flags=SA_RESTART|SA_SIGINFO
SIGBUS: [libjvm.so+0xad2a40], sa_mask[0]=11111111011111111101111111111110, sa_flags=SA_RESTART|SA_SIGINFO
SIGFPE: [libjvm.so+0x92a610], sa_mask[0]=11111111011111111101111111111110, sa_flags=SA_RESTART|SA_SIGINFO
SIGPIPE: [libjvm.so+0x92a610], sa_mask[0]=11111111011111111101111111111110, sa_flags=SA_RESTART|SA_SIGINFO
SIGXFSZ: [libjvm.so+0x92a610], sa_mask[0]=11111111011111111101111111111110, sa_flags=SA_RESTART|SA_SIGINFO
SIGILL: [libjvm.so+0x92a610], sa_mask[0]=11111111011111111101111111111110, sa_flags=SA_RESTART|SA_SIGINFO
SIGUSR1: SIG_DFL, sa_mask[0]=00000000000000000000000000000000, sa_flags=none
SIGUSR2: [libjvm.so+0x92be70], sa_mask[0]=00100000000000000000000000000000, sa_flags=SA_RESTART|SA_SIGINFO
SIGHUP: [libjvm.so+0x92d270], sa_mask[0]=11111111011111111101111111111110, sa_flags=SA_RESTART|SA_SIGINFO
SIGINT: SIG_IGN, sa_mask[0]=00000000000000000000000000000000, sa_flags=none
SIGTERM: [libjvm.so+0x92d270], sa_mask[0]=11111111011111111101111111111110, sa_flags=SA_RESTART|SA_SIGINFO
SIGQUIT: [libjvm.so+0x92d270], sa_mask[0]=11111111011111111101111111111110, sa_flags=SA_RESTART|SA_SIGINFO


---------------  S Y S T E M  ---------------

OS:DISTRIB_ID=Ubuntu
DISTRIB_RELEASE=18.04
DISTRIB_CODENAME=bionic
DISTRIB_DESCRIPTION="Ubuntu 18.04.1 LTS"

uname:Linux 4.15.0-36-generic #39-Ubuntu SMP Mon Sep 24 16:19:09 UTC 2018 x86_64
libc:glibc 2.27 NPTL 2.27 
rlimit: STACK 8192k, CORE 0k, NPROC 14821, NOFILE 1048576, AS infinity
load average:40.21 10.45 5.03

/proc/meminfo:
MemTotal:        3912844 kB
MemFree:         1867128 kB
MemAvailable:    2391296 kB
Buffers:           56684 kB
Cached:           704872 kB
SwapCached:        28316 kB
Active:          1196132 kB
Inactive:         638700 kB
Active(anon):     793224 kB
Inactive(anon):   336020 kB
Active(file):     402908 kB
Inactive(file):   302680 kB
Unevictable:           0 kB
Mlocked:               0 kB
SwapTotal:       2097148 kB
SwapFree:        1024036 kB
Dirty:              1172 kB
Writeback:            16 kB
AnonPages:       1045076 kB
Mapped:           229952 kB
Shmem:             55928 kB
Slab:             111512 kB
SReclaimable:      52248 kB
SUnreclaim:        59264 kB
KernelStack:        7408 kB
PageTables:        23692 kB
NFS_Unstable:          0 kB
Bounce:                0 kB
WritebackTmp:          0 kB
CommitLimit:     4053568 kB
Committed_AS:    4659584 kB
VmallocTotal:   34359738367 kB
VmallocUsed:           0 kB
VmallocChunk:          0 kB
HardwareCorrupted:     0 kB
AnonHugePages:         0 kB
ShmemHugePages:        0 kB
ShmemPmdMapped:        0 kB
CmaTotal:              0 kB
CmaFree:               0 kB
HugePages_Total:       0
HugePages_Free:        0
HugePages_Rsvd:        0
HugePages_Surp:        0
Hugepagesize:       2048 kB
DirectMap4k:      363124 kB
DirectMap2M:     3704832 kB
DirectMap1G:           0 kB


CPU:total 4 (initial active 4) (2 cores per cpu, 2 threads per core) family 6 model 78 stepping 3, cmov, cx8, fxsr, mmx, sse, sse2, sse3, ssse3, sse4.1, sse4.2, popcnt, avx, avx2, aes, clmul, erms, 3dnowpref, lzcnt, ht, tsc, tscinvbit, bmi1, bmi2, adx

/proc/cpuinfo:
processor	: 0
vendor_id	: GenuineIntel
cpu family	: 6
model		: 78
model name	: Intel(R) Core(TM) i3-6006U CPU @ 2.00GHz
stepping	: 3
microcode	: 0xc6
cpu MHz		: 791.332
cache size	: 3072 KB
physical id	: 0
siblings	: 4
core id		: 0
cpu cores	: 2
apicid		: 0
initial apicid	: 0
fpu		: yes
fpu_exception	: yes
cpuid level	: 22
wp		: yes
flags		: fpu vme de pse tsc msr pae mce cx8 apic sep mtrr pge mca cmov pat pse36 clflush dts acpi mmx fxsr sse sse2 ss ht tm pbe syscall nx pdpe1gb rdtscp lm constant_tsc art arch_perfmon pebs bts rep_good nopl xtopology nonstop_tsc cpuid aperfmperf tsc_known_freq pni pclmulqdq dtes64 monitor ds_cpl vmx est tm2 ssse3 sdbg fma cx16 xtpr pdcm pcid sse4_1 sse4_2 x2apic movbe popcnt tsc_deadline_timer aes xsave avx f16c rdrand lahf_lm abm 3dnowprefetch cpuid_fault epb invpcid_single pti ssbd ibrs ibpb stibp tpr_shadow vnmi flexpriority ept vpid fsgsbase tsc_adjust bmi1 avx2 smep bmi2 erms invpcid mpx rdseed adx smap clflushopt intel_pt xsaveopt xsavec xgetbv1 xsaves dtherm arat pln pts hwp hwp_notify hwp_act_window hwp_epp flush_l1d
bugs		: cpu_meltdown spectre_v1 spectre_v2 spec_store_bypass l1tf
bogomips	: 3984.00
clflush size	: 64
cache_alignment	: 64
address sizes	: 39 bits physical, 48 bits virtual
power management:

processor	: 1
vendor_id	: GenuineIntel
cpu family	: 6
model		: 78
model name	: Intel(R) Core(TM) i3-6006U CPU @ 2.00GHz
stepping	: 3
microcode	: 0xc6
cpu MHz		: 761.441
cache size	: 3072 KB
physical id	: 0
siblings	: 4
core id		: 1
cpu cores	: 2
apicid		: 2
initial apicid	: 2
fpu		: yes
fpu_exception	: yes
cpuid level	: 22
wp		: yes
flags		: fpu vme de pse tsc msr pae mce cx8 apic sep mtrr pge mca cmov pat pse36 clflush dts acpi mmx fxsr sse sse2 ss ht tm pbe syscall nx pdpe1gb rdtscp lm constant_tsc art arch_perfmon pebs bts rep_good nopl xtopology nonstop_tsc cpuid aperfmperf tsc_known_freq pni pclmulqdq dtes64 monitor ds_cpl vmx est tm2 ssse3 sdbg fma cx16 xtpr pdcm pcid sse4_1 sse4_2 x2apic movbe popcnt tsc_deadline_timer aes xsave avx f16c rdrand lahf_lm abm 3dnowprefetch cpuid_fault epb invpcid_single pti ssbd ibrs ibpb stibp tpr_shadow vnmi flexpriority ept vpid fsgsbase tsc_adjust bmi1 avx2 smep bmi2 erms invpcid mpx rdseed adx smap clflushopt intel_pt xsaveopt xsavec xgetbv1 xsaves dtherm arat pln pts hwp hwp_notify hwp_act_window hwp_epp flush_l1d
bugs		: cpu_meltdown spectre_v1 spectre_v2 spec_store_bypass l1tf
bogomips	: 3984.00
clflush size	: 64
cache_alignment	: 64
address sizes	: 39 bits physical, 48 bits virtual
power management:

processor	: 2
vendor_id	: GenuineIntel
cpu family	: 6
model		: 78
model name	: Intel(R) Core(TM) i3-6006U CPU @ 2.00GHz
stepping	: 3
microcode	: 0xc6
cpu MHz		: 715.598
cache size	: 3072 KB
physical id	: 0
siblings	: 4
core id		: 0
cpu cores	: 2
apicid		: 1
initial apicid	: 1
fpu		: yes
fpu_exception	: yes
cpuid level	: 22
wp		: yes
flags		: fpu vme de pse tsc msr pae mce cx8 apic sep mtrr pge mca cmov pat pse36 clflush dts acpi mmx fxsr sse sse2 ss ht tm pbe syscall nx pdpe1gb rdtscp lm constant_tsc art arch_perfmon pebs bts rep_good nopl xtopology nonstop_tsc cpuid aperfmperf tsc_known_freq pni pclmulqdq dtes64 monitor ds_cpl vmx est tm2 ssse3 sdbg fma cx16 xtpr pdcm pcid sse4_1 sse4_2 x2apic movbe popcnt tsc_deadline_timer aes xsave avx f16c rdrand lahf_lm abm 3dnowprefetch cpuid_fault epb invpcid_single pti ssbd ibrs ibpb stibp tpr_shadow vnmi flexpriority ept vpid fsgsbase tsc_adjust bmi1 avx2 smep bmi2 erms invpcid mpx rdseed adx smap clflushopt intel_pt xsaveopt xsavec xgetbv1 xsaves dtherm arat pln pts hwp hwp_notify hwp_act_window hwp_epp flush_l1d
bugs		: cpu_meltdown spectre_v1 spectre_v2 spec_store_bypass l1tf
bogomips	: 3984.00
clflush size	: 64
cache_alignment	: 64
address sizes	: 39 bits physical, 48 bits virtual
power management:

processor	: 3
vendor_id	: GenuineIntel
cpu family	: 6
model		: 78
model name	: Intel(R) Core(TM) i3-6006U CPU @ 2.00GHz
stepping	: 3
microcode	: 0xc6
cpu MHz		: 760.588
cache size	: 3072 KB
physical id	: 0
siblings	: 4
core id		: 1
cpu cores	: 2
apicid		: 3
initial apicid	: 3
fpu		: yes
fpu_exception	: yes
cpuid level	: 22
wp		: yes
flags		: fpu vme de pse tsc msr pae mce cx8 apic sep mtrr pge mca cmov pat pse36 clflush dts acpi mmx fxsr sse sse2 ss ht tm pbe syscall nx pdpe1gb rdtscp lm constant_tsc art arch_perfmon pebs bts rep_good nopl xtopology nonstop_tsc cpuid aperfmperf tsc_known_freq pni pclmulqdq dtes64 monitor ds_cpl vmx est tm2 ssse3 sdbg fma cx16 xtpr pdcm pcid sse4_1 sse4_2 x2apic movbe popcnt tsc_deadline_timer aes xsave avx f16c rdrand lahf_lm abm 3dnowprefetch cpuid_fault epb invpcid_single pti ssbd ibrs ibpb stibp tpr_shadow vnmi flexpriority ept vpid fsgsbase tsc_adjust bmi1 avx2 smep bmi2 erms invpcid mpx rdseed adx smap clflushopt intel_pt xsaveopt xsavec xgetbv1 xsaves dtherm arat pln pts hwp hwp_notify hwp_act_window hwp_epp flush_l1d
bugs		: cpu_meltdown spectre_v1 spectre_v2 spec_store_bypass l1tf
bogomips	: 3984.00
clflush size	: 64
cache_alignment	: 64
address sizes	: 39 bits physical, 48 bits virtual
power management:



Memory: 4k page, physical 3912844k(1867128k free), swap 2097148k(1024036k free)

vm_info: Java HotSpot(TM) 64-Bit Server VM (25.181-b13) for linux-amd64 JRE (1.8.0_181-b13), built on Jul  7 2018 00:56:38 by "java_re" with gcc 4.3.0 20080428 (Red Hat 4.3.0-8)

time: Fri Oct 19 11:10:05 2018
elapsed time: 19347 seconds (0d 5h 22m 27s)

