#
# A fatal error has been detected by the Java Runtime Environment:
#
#  SIGSEGV (0xb) at pc=0x00007f22c9069cba, pid=3732, tid=0x00007f228f242700
#
# JRE version: Java(TM) SE Runtime Environment (8.0_181-b13) (build 1.8.0_181-b13)
# Java VM: Java HotSpot(TM) 64-Bit Server VM (25.181-b13 mixed mode linux-amd64 compressed oops)
# Problematic frame:
# v  ~BufferBlob::jni_fast_GetLongField
#
# Failed to write core dump. Core dumps have been disabled. To enable core dumping, try "ulimit -c unlimited" before starting Java again
#
# If you would like to submit a bug report, please visit:
#   http://bugreport.java.com/bugreport/crash.jsp
# The crash happened outside the Java Virtual Machine in native code.
# See problematic frame for where to report the bug.
#

---------------  T H R E A D  ---------------

Current thread (0x00007f22d82f9000):  JavaThread "AWT-XAWT" daemon [_thread_in_native, id=3753, stack(0x00007f228f142000,0x00007f228f243000)]

siginfo: si_signo: 11 (SIGSEGV), si_code: 1 (SEGV_MAPERR), si_addr: 0x0000000000000000

Registers:
RAX=0x00007f22e0232280, RBX=0x00007f22d82f91f8, RCX=0x00007f22e0cc3320, RDX=0x0000000000000042
RSP=0x00007f228f2415a8, RBP=0x00007f228f2415d0, RSI=0x0000000000000000, RDI=0x00007f22d82f91f8
R8 =0x00007f22b4b359b0, R9 =0x0000000000000000, R10=0x0000000000000044, R11=0x00000000000001f4
R12=0x0000000000000000, R13=0x0000000000000000, R14=0x00007f22b527b820, R15=0x00007f22d82f9000
RIP=0x00007f22c9069cba, EFLAGS=0x0000000000010246, CSGSFS=0x002b000000000033, ERR=0x0000000000000004
  TRAPNO=0x000000000000000e

Top of Stack: (sp=0x00007f228f2415a8)
0x00007f228f2415a8:   00007f22b505a001 00007f228d6b6778
0x00007f228f2415b8:   0000000000000000 00007f22c969edd0
0x00007f228f2415c8:   00007f228f241650 00007f22742190e0
0x00007f228f2415d8:   00007f22b4b3db1d 00007f228d6b6778
0x00007f228f2415e8:   00007f228f241610 0000000000000000
0x00007f228f2415f8:   00007f22b4b359d3 00007f22c969edd0
0x00007f228f241608:   00007f22b505323f 00007f228f241660
0x00007f228f241618:   00007f22c94f3b76 00000000ed080b08
0x00007f228f241628:   00007f2200000001 00000000ed2afde8
0x00007f228f241638:   00007f228f241660 0000000000200003
0x00007f228f241648:   0000000000000009 00000000ed1de3b8
0x00007f228f241658:   0000000000000272 00007f228f2418a0
0x00007f228f241668:   00007f22c96a64fc 0000000000000059
0x00007f228f241678:   00007f22dce8bd08 00007f22d82f8690
0x00007f228f241688:   00007f2298001e68 00007f2298001a90
0x00007f228f241698:   00007f2298001a80 00007f228f2417d0
0x00007f228f2416a8:   00007f22c9021c55 00007f22c90055d0
0x00007f228f2416b8:   00007f2200000000 00007f228f241810
0x00007f228f2416c8:   00007f22e0234fe4 00007f228f241710
0x00007f228f2416d8:   00007f22dfbc3835 00000004d8007e70
0x00007f228f2416e8:   00007f228f241750 0000000000000040
0x00007f228f2416f8:   00007f228f241750 0000000000000040
0x00007f228f241708:   00007f22c96a2390 00007f228f2417b0
0x00007f228f241718:   00007f22dfc6bdd5 00007f228f2417d0
0x00007f228f241728:   00000000c9021d0b 00007f22c90055d0
0x00007f228f241738:   00000000ed080e48 00000000ed080df0
0x00007f228f241748:   00000000ed080e48 0000000000000000
0x00007f228f241758:   00000000ed080df0 00000000ed080df0
0x00007f228f241768:   00000000ed080e48 00000000ed080e48
0x00007f228f241778:   00000000ed080df0 0000000000000000
0x00007f228f241788:   00000000c4473f48 00000000c44009a8
0x00007f228f241798:   00000000ed08d0b0 00007f22800030a0 

Instructions: (pc=0x00007f22c9069cba)
0x00007f22c9069c9a:   00 00 00 00 00 00 44 8b 15 61 81 20 17 4c 8b ce
0x00007f22c9069caa:   41 f6 c2 01 0f 85 2e 00 00 00 4d 33 ca 4d 33 ca
0x00007f22c9069cba:   4d 8b 09 4c 8b da 49 c1 eb 02 4b 8b 04 19 49 bb
0x00007f22c9069cca:   08 1e 27 e0 22 7f 00 00 4c 33 d8 4c 33 d8 45 3b 

Register to memory mapping:

RAX=0x00007f22e0232280: <offset 0xf95280> in /usr/lib/jvm/java-8-oracle/jre/lib/amd64/server/libjvm.so at 0x00007f22df29d000
RBX=0x00007f22d82f91f8 is an unknown value
RCX=0x00007f22e0cc3320: <offset 0x21a320> in /lib/x86_64-linux-gnu/libpthread.so.0 at 0x00007f22e0aa9000
RDX=0x0000000000000042 is an unknown value
RSP=0x00007f228f2415a8 is pointing into the stack for thread: 0x00007f22d82f9000
RBP=0x00007f228f2415d0 is pointing into the stack for thread: 0x00007f22d82f9000
RSI=0x0000000000000000 is an unknown value
RDI=0x00007f22d82f91f8 is an unknown value
R8 =0x00007f22b4b359b0: <offset 0x5c9b0> in /usr/lib/x86_64-linux-gnu/libX11.so.6 at 0x00007f22b4ad9000
R9 =0x0000000000000000 is an unknown value
R10=0x0000000000000044 is an unknown value
R11=0x00000000000001f4 is an unknown value
R12=0x0000000000000000 is an unknown value
R13=0x0000000000000000 is an unknown value
R14=0x00007f22b527b820: <offset 0x258820> in /usr/lib/jvm/java-8-oracle/jre/lib/amd64/libawt_xawt.so at 0x00007f22b5023000
R15=0x00007f22d82f9000 is a thread


Stack: [0x00007f228f142000,0x00007f228f243000],  sp=0x00007f228f2415a8,  free space=1021k
Native frames: (J=compiled Java code, j=interpreted, Vv=VM code, C=native code)
v  ~BufferBlob::jni_fast_GetLongField
C  [libX11.so.6+0x64b1d]  _XimServerDestroy+0x3d

Java frames: (J=compiled Java code, j=interpreted, Vv=VM code)
J 1635  sun.awt.X11.XlibWrapper.XFilterEvent(JJ)Z (0 bytes) @ 0x00007f22c94f3b04 [0x00007f22c94f3ac0+0x44]
J 2026% C1 sun.awt.X11.XToolkit.run(Z)V (410 bytes) @ 0x00007f22c96a64fc [0x00007f22c96a2d60+0x379c]
j  sun.awt.X11.XToolkit.run()V+5
j  java.lang.Thread.run()V+11
v  ~StubRoutines::call_stub

---------------  P R O C E S S  ---------------

Java Threads: ( => current thread )
  0x00007f22740f1000 JavaThread "TimerQueue" daemon [_thread_blocked, id=3756, stack(0x00007f228e397000,0x00007f228e498000)]
  0x00007f22d800b800 JavaThread "DestroyJavaVM" [_thread_blocked, id=3737, stack(0x00007f22e0dd2000,0x00007f22e0ed2000)]
  0x00007f22d8396000 JavaThread "AWT-EventQueue-0" [_thread_blocked, id=3755, stack(0x00007f228e918000,0x00007f228ea19000)]
  0x00007f22d832b800 JavaThread "AWT-Shutdown" [_thread_blocked, id=3754, stack(0x00007f228ea19000,0x00007f228eb1a000)]
=>0x00007f22d82f9000 JavaThread "AWT-XAWT" daemon [_thread_in_native, id=3753, stack(0x00007f228f142000,0x00007f228f243000)]
  0x00007f22d82d9000 JavaThread "Java2D Disposer" daemon [_thread_blocked, id=3752, stack(0x00007f228f653000,0x00007f228f754000)]
  0x00007f22d80c1800 JavaThread "Service Thread" daemon [_thread_blocked, id=3749, stack(0x00007f22b564f000,0x00007f22b5750000)]
  0x00007f22d80bf000 JavaThread "C1 CompilerThread2" daemon [_thread_blocked, id=3748, stack(0x00007f22b5751000,0x00007f22b5851000)]
  0x00007f22d80bd000 JavaThread "C2 CompilerThread1" daemon [_thread_blocked, id=3747, stack(0x00007f22c80f2000,0x00007f22c81f2000)]
  0x00007f22d80ba000 JavaThread "C2 CompilerThread0" daemon [_thread_blocked, id=3746, stack(0x00007f22c81f3000,0x00007f22c82f3000)]
  0x00007f22d80b8800 JavaThread "Signal Dispatcher" daemon [_thread_in_vm, id=3745, stack(0x00007f22c82f3000,0x00007f22c83f4000)]
  0x00007f22d8086000 JavaThread "Finalizer" daemon [_thread_blocked, id=3744, stack(0x00007f22c83f4000,0x00007f22c84f5000)]
  0x00007f22d8083800 JavaThread "Reference Handler" daemon [_thread_blocked, id=3743, stack(0x00007f22c84f5000,0x00007f22c85f6000)]

Other Threads:
  0x00007f22d8079800 VMThread [stack: 0x00007f22c85f7000,0x00007f22c86f7000] [id=3742]
  0x00007f22d80c6800 WatcherThread [stack: 0x00007f22b554f000,0x00007f22b564f000] [id=3750]

VM state:not at safepoint (normal execution)

VM Mutex/Monitor currently owned by a thread: None

Heap:
 PSYoungGen      total 17920K, used 14878K [0x00000000ec180000, 0x00000000ed580000, 0x0000000100000000)
  eden space 15360K, 80% used [0x00000000ec180000,0x00000000ecd8f8b0,0x00000000ed080000)
  from space 2560K, 98% used [0x00000000ed080000,0x00000000ed2f8040,0x00000000ed300000)
  to   space 2560K, 0% used [0x00000000ed300000,0x00000000ed300000,0x00000000ed580000)
 ParOldGen       total 40960K, used 2046K [0x00000000c4400000, 0x00000000c6c00000, 0x00000000ec180000)
  object space 40960K, 4% used [0x00000000c4400000,0x00000000c45ffa10,0x00000000c6c00000)
 Metaspace       used 18682K, capacity 18872K, committed 19200K, reserved 1067008K
  class space    used 2370K, capacity 2454K, committed 2560K, reserved 1048576K

Card table byte_map: [0x00007f22dd8bf000,0x00007f22dda9e000] byte_map_base: 0x00007f22dd29d000

Marking Bits: (ParMarkBitMap*) 0x00007f22e02710a0
 Begin Bits: [0x00007f22b6220000, 0x00007f22b7110000)
 End Bits:   [0x00007f22b7110000, 0x00007f22b8000000)

Polling page: 0x00007f22e0eec000

CodeCache: size=245760Kb used=6894Kb max_used=6894Kb free=238865Kb
 bounds [0x00007f22c9000000, 0x00007f22c96d0000, 0x00007f22d8000000]
 total_blobs=2634 nmethods=2028 adapters=518
 compilation: enabled

Compilation events (10 events):
Event: 4370.888 Thread 0x00007f22d80ba000 nmethod 2023 0x00007f22c96671d0 code [0x00007f22c9667320, 0x00007f22c96673c8]
Event: 4370.888 Thread 0x00007f22d80bd000 nmethod 2024 0x00007f22c9666e90 code [0x00007f22c9666fe0, 0x00007f22c9667098]
Event: 5618.023 Thread 0x00007f22d80bd000 2025   !   4       sun.awt.X11.XDragSourceContextPeer::processEvent (34 bytes)
Event: 5620.106 Thread 0x00007f22d80bd000 nmethod 2025 0x00007f22c9680c90 code [0x00007f22c9680e20, 0x00007f22c9681140]
Event: 14546.526 Thread 0x00007f22d80bf000 2026 % !   3       sun.awt.X11.XToolkit::run @ 59 (410 bytes)
Event: 14547.607 Thread 0x00007f22d80bf000 nmethod 2026% 0x00007f22c96a2390 code [0x00007f22c96a2d60, 0x00007f22c96aa6d8]
Event: 14739.540 Thread 0x00007f22d80bf000 2027 % !   3       sun.awt.X11.XToolkit::run @ 8 (410 bytes)
Event: 14739.876 Thread 0x00007f22d80bf000 nmethod 2027% 0x00007f22c96af3d0 code [0x00007f22c96afd80, 0x00007f22c96b64f8]
Event: 14967.555 Thread 0x00007f22d80bf000 2028   !   3       sun.awt.X11.XToolkit::run (410 bytes)
Event: 14967.787 Thread 0x00007f22d80bf000 nmethod 2028 0x00007f22c96bb010 code [0x00007f22c96bb9c0, 0x00007f22c96c1d78]

GC Heap History (2 events):
Event: 1.073 GC heap before
{Heap before GC invocations=1 (full 0):
 PSYoungGen      total 17920K, used 15360K [0x00000000ec180000, 0x00000000ed580000, 0x0000000100000000)
  eden space 15360K, 100% used [0x00000000ec180000,0x00000000ed080000,0x00000000ed080000)
  from space 2560K, 0% used [0x00000000ed300000,0x00000000ed300000,0x00000000ed580000)
  to   space 2560K, 0% used [0x00000000ed080000,0x00000000ed080000,0x00000000ed300000)
 ParOldGen       total 40960K, used 0K [0x00000000c4400000, 0x00000000c6c00000, 0x00000000ec180000)
  object space 40960K, 0% used [0x00000000c4400000,0x00000000c4400000,0x00000000c6c00000)
 Metaspace       used 15648K, capacity 15806K, committed 16128K, reserved 1062912K
  class space    used 1968K, capacity 2027K, committed 2048K, reserved 1048576K
Event: 1.083 GC heap after
Heap after GC invocations=1 (full 0):
 PSYoungGen      total 17920K, used 2528K [0x00000000ec180000, 0x00000000ed580000, 0x0000000100000000)
  eden space 15360K, 0% used [0x00000000ec180000,0x00000000ec180000,0x00000000ed080000)
  from space 2560K, 98% used [0x00000000ed080000,0x00000000ed2f8040,0x00000000ed300000)
  to   space 2560K, 0% used [0x00000000ed300000,0x00000000ed300000,0x00000000ed580000)
 ParOldGen       total 40960K, used 2046K [0x00000000c4400000, 0x00000000c6c00000, 0x00000000ec180000)
  object space 40960K, 4% used [0x00000000c4400000,0x00000000c45ffa10,0x00000000c6c00000)
 Metaspace       used 15648K, capacity 15806K, committed 16128K, reserved 1062912K
  class space    used 1968K, capacity 2027K, committed 2048K, reserved 1048576K
}

Deoptimization events (10 events):
Event: 1.339 Thread 0x00007f22d8396000 Uncommon trap: reason=unstable_if action=reinterpret pc=0x00007f22c93e55f0 method=javax.swing.JComponent.getClientProperty(Ljava/lang/Object;)Ljava/lang/Object; @ 16
Event: 9.259 Thread 0x00007f22d8396000 Uncommon trap: reason=class_check action=maybe_recompile pc=0x00007f22c917529c method=java.lang.String.equals(Ljava/lang/Object;)Z @ 8
Event: 9.260 Thread 0x00007f22d8396000 Uncommon trap: reason=class_check action=maybe_recompile pc=0x00007f22c917529c method=java.lang.String.equals(Ljava/lang/Object;)Z @ 8
Event: 9.937 Thread 0x00007f22d8396000 Uncommon trap: reason=unstable_if action=reinterpret pc=0x00007f22c9560fb4 method=java.awt.Container.findComponentAtImpl(IIZ)Ljava/awt/Component; @ 131
Event: 10.568 Thread 0x00007f22d8396000 Uncommon trap: reason=unstable_if action=reinterpret pc=0x00007f22c960cfb0 method=java.awt.Container$MouseEventTargetFilter.accept(Ljava/awt/Component;)Z @ 23
Event: 11.956 Thread 0x00007f22d8396000 Uncommon trap: reason=unstable_if action=reinterpret pc=0x00007f22c95ca3c4 method=java.util.Calendar.complete()V @ 4
Event: 17.795 Thread 0x00007f22d8396000 Uncommon trap: reason=unstable_if action=reinterpret pc=0x00007f22c96701b8 method=java.awt.EventQueue.getPriority(Ljava/awt/AWTEvent;)I @ 4
Event: 17.795 Thread 0x00007f22d8396000 Uncommon trap: reason=unstable_if action=reinterpret pc=0x00007f22c96591bc method=java.awt.EventQueue.eventToCacheIndex(Ljava/awt/AWTEvent;)I @ 71
Event: 17.799 Thread 0x00007f22d8396000 Uncommon trap: reason=unstable_if action=reinterpret pc=0x00007f22c9666b94 method=java.awt.EventQueue.eventToCacheIndex(Ljava/awt/AWTEvent;)I @ 71
Event: 5004.053 Thread 0x00007f22d82f9000 Uncommon trap: reason=bimorphic action=maybe_recompile pc=0x00007f22c968e174 method=sun.awt.X11.XToolkit.dispatchEvent(Lsun/awt/X11/XEvent;)V @ 167

Classes redefined (0 events):
No events

Internal exceptions (10 events):
Event: 0.445 Thread 0x00007f22d800b800 Exception <a 'java/lang/ClassNotFoundException': ToolBarSeparator> (0x00000000ec617698) thrown at [/HUDSON/workspace/8-2-build-linux-amd64/jdk8u181/11358/hotspot/src/share/vm/classfile/systemDictionary.cpp, line 210]
Event: 0.445 Thread 0x00007f22d800b800 Exception <a 'java/lang/ClassNotFoundException': ToolTip> (0x00000000ec617dd8) thrown at [/HUDSON/workspace/8-2-build-linux-amd64/jdk8u181/11358/hotspot/src/share/vm/classfile/systemDictionary.cpp, line 210]
Event: 0.447 Thread 0x00007f22d800b800 Exception <a 'java/lang/ClassNotFoundException': Tree> (0x00000000ec6189f8) thrown at [/HUDSON/workspace/8-2-build-linux-amd64/jdk8u181/11358/hotspot/src/share/vm/classfile/systemDictionary.cpp, line 210]
Event: 0.447 Thread 0x00007f22d800b800 Exception <a 'java/lang/ClassNotFoundException': Tree> (0x00000000ec619138) thrown at [/HUDSON/workspace/8-2-build-linux-amd64/jdk8u181/11358/hotspot/src/share/vm/classfile/systemDictionary.cpp, line 210]
Event: 0.447 Thread 0x00007f22d800b800 Exception <a 'java/lang/ClassNotFoundException': javax/swing/JTreeCell> (0x00000000ec6194b8) thrown at [/HUDSON/workspace/8-2-build-linux-amd64/jdk8u181/11358/hotspot/src/share/vm/classfile/systemDictionary.cpp, line 210]
Event: 0.447 Thread 0x00007f22d800b800 Exception <a 'java/lang/ClassNotFoundException': TreeCell> (0x00000000ec619940) thrown at [/HUDSON/workspace/8-2-build-linux-amd64/jdk8u181/11358/hotspot/src/share/vm/classfile/systemDictionary.cpp, line 210]
Event: 0.448 Thread 0x00007f22d800b800 Exception <a 'java/lang/ClassNotFoundException': RootPane> (0x00000000ec61a3a0) thrown at [/HUDSON/workspace/8-2-build-linux-amd64/jdk8u181/11358/hotspot/src/share/vm/classfile/systemDictionary.cpp, line 210]
Event: 0.484 Thread 0x00007f22d8396000 Implicit null exception at 0x00007f22c91cf9f6 to 0x00007f22c91cfdb1
Event: 1.136 Thread 0x00007f22d8396000 Implicit null exception at 0x00007f22c925d4bb to 0x00007f22c925d7dd
Event: 1.415 Thread 0x00007f22d8396000 Exception <a 'java/lang/UnsupportedOperationException': > (0x00000000ec606130) thrown at [/HUDSON/workspace/8-2-build-linux-amd64/jdk8u181/11358/hotspot/src/share/vm/prims/jni.cpp, line 735]

Events (10 events):
Event: 17.799 loading class java/awt/Component$FlipBufferStrategy
Event: 17.799 loading class java/awt/Component$FlipBufferStrategy done
Event: 17.799 Thread 0x00007f22d8396000 Uncommon trap: trap_request=0xffffff65 fr.pc=0x00007f22c9666b94
Event: 17.799 Thread 0x00007f22d8396000 DEOPT PACKING pc=0x00007f22c9666b94 sp=0x00007f228ea174a0
Event: 17.799 Thread 0x00007f22d8396000 DEOPT UNPACKING pc=0x00007f22c904573a sp=0x00007f228ea17388 mode 2
Event: 17.802 loading class sun/awt/X11/XErrorEvent
Event: 17.802 loading class sun/awt/X11/XErrorEvent done
Event: 5004.053 Thread 0x00007f22d82f9000 Uncommon trap: trap_request=0xffffffc6 fr.pc=0x00007f22c968e174
Event: 5004.054 Thread 0x00007f22d82f9000 DEOPT PACKING pc=0x00007f22c968e174 sp=0x00007f228f241700
Event: 5004.054 Thread 0x00007f22d82f9000 DEOPT UNPACKING pc=0x00007f22c904573a sp=0x00007f228f241718 mode 2


Dynamic libraries:
00400000-00401000 r-xp 00000000 08:02 4461525                            /usr/lib/jvm/java-8-oracle/bin/java
00600000-00601000 rw-p 00000000 08:02 4461525                            /usr/lib/jvm/java-8-oracle/bin/java
018d0000-018f1000 rw-p 00000000 00:00 0                                  [heap]
c4400000-c6c00000 rw-p 00000000 00:00 0 
c6c00000-ec180000 ---p 00000000 00:00 0 
ec180000-ed580000 rw-p 00000000 00:00 0 
ed580000-100000000 ---p 00000000 00:00 0 
100000000-100280000 rw-p 00000000 00:00 0 
100280000-140000000 ---p 00000000 00:00 0 
7f226c000000-7f226c021000 rw-p 00000000 00:00 0 
7f226c021000-7f2270000000 ---p 00000000 00:00 0 
7f2270000000-7f2270021000 rw-p 00000000 00:00 0 
7f2270021000-7f2274000000 ---p 00000000 00:00 0 
7f2274000000-7f2274465000 rw-p 00000000 00:00 0 
7f2274465000-7f2278000000 ---p 00000000 00:00 0 
7f2278000000-7f2278021000 rw-p 00000000 00:00 0 
7f2278021000-7f227c000000 ---p 00000000 00:00 0 
7f227c000000-7f227c021000 rw-p 00000000 00:00 0 
7f227c021000-7f2280000000 ---p 00000000 00:00 0 
7f2280000000-7f22802a9000 rw-p 00000000 00:00 0 
7f22802a9000-7f2284000000 ---p 00000000 00:00 0 
7f2284fff000-7f2288000000 rw-p 00000000 00:00 0 
7f2288000000-7f2288021000 rw-p 00000000 00:00 0 
7f2288021000-7f228c000000 ---p 00000000 00:00 0 
7f228d69b000-7f228d6db000 rw-p 00000000 00:00 0 
7f228d6db000-7f228d89b000 ---p 00000000 00:00 0 
7f228d89b000-7f228d8c5000 r-xp 00000000 08:02 4983101                    /usr/lib/jvm/java-8-oracle/jre/lib/amd64/libdcpr.so
7f228d8c5000-7f228dac5000 ---p 0002a000 08:02 4983101                    /usr/lib/jvm/java-8-oracle/jre/lib/amd64/libdcpr.so
7f228dac5000-7f228dac8000 rw-p 0002a000 08:02 4983101                    /usr/lib/jvm/java-8-oracle/jre/lib/amd64/libdcpr.so
7f228dac8000-7f228dacb000 ---p 00000000 00:00 0 
7f228dacb000-7f228ddc9000 rw-p 00000000 00:00 0 
7f228ddc9000-7f228dde4000 r--s 00000000 08:02 5244644                    /usr/share/fonts/type1/gsfonts/p052003l.pfb
7f228dde4000-7f228ddf5000 r--s 00000000 08:02 5244602                    /usr/share/fonts/type1/gsfonts/n019023l.pfb
7f228ddf5000-7f228ddff000 r--s 00000000 08:02 5243797                    /usr/share/fonts/X11/Type1/c0611bt_.pfb
7f228ddff000-7f228de18000 r--s 00000000 08:02 5244623                    /usr/share/fonts/type1/gsfonts/n021004l.pfb
7f228de18000-7f228de22000 r--s 00000000 08:02 5243793                    /usr/share/fonts/X11/Type1/c0582bt_.pfb
7f228de22000-7f228de3e000 r--s 00000000 08:02 5244653                    /usr/share/fonts/type1/gsfonts/p052024l.pfb
7f228de3e000-7f228de4f000 r--s 00000000 08:02 5244605                    /usr/share/fonts/type1/gsfonts/n019024l.pfb
7f228de4f000-7f228de5f000 r--s 00000000 08:02 5244560                    /usr/share/fonts/type1/gsfonts/a010015l.pfb
7f228de5f000-7f228de75000 r--s 00000000 08:02 5244638                    /usr/share/fonts/type1/gsfonts/n022023l.pfb
7f228de75000-7f228de85000 r--s 00000000 08:02 5244563                    /usr/share/fonts/type1/gsfonts/a010033l.pfb
7f228de85000-7f228dea0000 r--s 00000000 08:02 5244584                    /usr/share/fonts/type1/gsfonts/c059016l.pfb
7f228dea0000-7f228debb000 r--s 00000000 08:02 5244650                    /usr/share/fonts/type1/gsfonts/p052023l.pfb
7f228debb000-7f228ded3000 r--s 00000000 08:02 5244587                    /usr/share/fonts/type1/gsfonts/c059033l.pfb
7f228ded3000-7f228deec000 r--s 00000000 08:02 5244569                    /usr/share/fonts/type1/gsfonts/b018012l.pfb
7f228deec000-7f228defe000 r--s 00000000 08:02 5244599                    /usr/share/fonts/type1/gsfonts/n019004l.pfb
7f228defe000-7f228df08000 r--s 00000000 08:02 5243795                    /usr/share/fonts/X11/Type1/c0583bt_.pfb
7f228df08000-7f228df1e000 r--s 00000000 08:02 5244641                    /usr/share/fonts/type1/gsfonts/n022024l.pfb
7f228df1e000-7f228df35000 r--s 00000000 08:02 5244626                    /usr/share/fonts/type1/gsfonts/n021023l.pfb
7f228df35000-7f228df45000 r--s 00000000 08:02 5244557                    /usr/share/fonts/type1/gsfonts/a010013l.pfb
7f228df45000-7f228df5a000 r--s 00000000 08:02 5244575                    /usr/share/fonts/type1/gsfonts/b018032l.pfb
7f228df5a000-7f228df6c000 r--s 00000000 08:02 5244578                    /usr/share/fonts/type1/gsfonts/b018035l.pfb
7f228df6c000-7f228df76000 r--s 00000000 08:02 5243791                    /usr/share/fonts/X11/Type1/c0419bt_.pfb
7f228df76000-7f228df89000 r--s 00000000 08:02 5244617                    /usr/share/fonts/type1/gsfonts/n019064l.pfb
7f228df89000-7f228df95000 r--s 00000000 08:02 5244593                    /usr/share/fonts/type1/gsfonts/d050000l.pfb
7f228df95000-7f228dfae000 r--s 00000000 08:02 5244620                    /usr/share/fonts/type1/gsfonts/n021003l.pfb
7f228dfae000-7f228dfbf000 r--s 00000000 08:02 5244614                    /usr/share/fonts/type1/gsfonts/n019063l.pfb
7f228dfd7000-7f228dfe9000 r--s 00000000 08:02 5244611                    /usr/share/fonts/type1/gsfonts/n019044l.pfb
7f228dfe9000-7f228dffb000 r--s 00000000 08:02 5244608                    /usr/share/fonts/type1/gsfonts/n019043l.pfb
7f228dffb000-7f228e00c000 r--s 00000000 08:02 5244566                    /usr/share/fonts/type1/gsfonts/a010035l.pfb
7f228e00c000-7f228e015000 r--s 00000000 08:02 5243803                    /usr/share/fonts/X11/Type1/c0648bt_.pfb
7f228e015000-7f228e028000 r--s 00000000 08:02 5244572                    /usr/share/fonts/type1/gsfonts/b018015l.pfb
7f228e028000-7f228e03c000 r--s 00000000 08:02 5244596                    /usr/share/fonts/type1/gsfonts/n019003l.pfb
7f228e03c000-7f228e055000 r--s 00000000 08:02 5244635                    /usr/share/fonts/type1/gsfonts/n022004l.pfb
7f228e055000-7f228e05e000 r--s 00000000 08:02 5243801                    /usr/share/fonts/X11/Type1/c0633bt_.pfb
7f228e05e000-7f228e075000 r--s 00000000 08:02 5244659                    /usr/share/fonts/type1/gsfonts/z003034l.pfb
7f228e075000-7f228e07e000 r--s 00000000 08:02 5243805                    /usr/share/fonts/X11/Type1/c0649bt_.pfb
7f228e07e000-7f228e096000 r--s 00000000 08:02 5244590                    /usr/share/fonts/type1/gsfonts/c059036l.pfb
7f228e096000-7f228e099000 ---p 00000000 00:00 0 
7f228e099000-7f228e397000 rw-p 00000000 00:00 0 
7f228e397000-7f228e39a000 ---p 00000000 00:00 0 
7f228e39a000-7f228e498000 rw-p 00000000 00:00 0 
7f228e498000-7f228e502000 r-xp 00000000 08:02 4983115                    /usr/lib/jvm/java-8-oracle/jre/lib/amd64/libt2k.so
7f228e502000-7f228e701000 ---p 0006a000 08:02 4983115                    /usr/lib/jvm/java-8-oracle/jre/lib/amd64/libt2k.so
7f228e701000-7f228e708000 rw-p 00069000 08:02 4983115                    /usr/lib/jvm/java-8-oracle/jre/lib/amd64/libt2k.so
7f228e708000-7f228e918000 rw-p 00000000 00:00 0 
7f228e918000-7f228e91b000 ---p 00000000 00:00 0 
7f228e91b000-7f228ea19000 rw-p 00000000 00:00 0 
7f228ea19000-7f228ea1c000 ---p 00000000 00:00 0 
7f228ea1c000-7f228ed1a000 rw-p 00000000 00:00 0 
7f228ed1a000-7f228ed2b000 r-xp 00000000 08:02 4983150                    /usr/lib/jvm/java-8-oracle/jre/lib/amd64/libnio.so
7f228ed2b000-7f228ef2a000 ---p 00011000 08:02 4983150                    /usr/lib/jvm/java-8-oracle/jre/lib/amd64/libnio.so
7f228ef2a000-7f228ef2b000 rw-p 00010000 08:02 4983150                    /usr/lib/jvm/java-8-oracle/jre/lib/amd64/libnio.so
7f228ef2b000-7f228ef41000 r-xp 00000000 08:02 4983147                    /usr/lib/jvm/java-8-oracle/jre/lib/amd64/libnet.so
7f228ef41000-7f228f141000 ---p 00016000 08:02 4983147                    /usr/lib/jvm/java-8-oracle/jre/lib/amd64/libnet.so
7f228f141000-7f228f142000 rw-p 00016000 08:02 4983147                    /usr/lib/jvm/java-8-oracle/jre/lib/amd64/libnet.so
7f228f142000-7f228f145000 ---p 00000000 00:00 0 
7f228f145000-7f228f243000 rw-p 00000000 00:00 0 
7f228f243000-7f228f248000 r-xp 00000000 08:02 4333556                    /usr/lib/x86_64-linux-gnu/libXfixes.so.3.1.0
7f228f248000-7f228f447000 ---p 00005000 08:02 4333556                    /usr/lib/x86_64-linux-gnu/libXfixes.so.3.1.0
7f228f447000-7f228f448000 r--p 00004000 08:02 4333556                    /usr/lib/x86_64-linux-gnu/libXfixes.so.3.1.0
7f228f448000-7f228f449000 rw-p 00005000 08:02 4333556                    /usr/lib/x86_64-linux-gnu/libXfixes.so.3.1.0
7f228f449000-7f228f452000 r-xp 00000000 08:02 4333548                    /usr/lib/x86_64-linux-gnu/libXcursor.so.1.0.2
7f228f452000-7f228f651000 ---p 00009000 08:02 4333548                    /usr/lib/x86_64-linux-gnu/libXcursor.so.1.0.2
7f228f651000-7f228f652000 r--p 00008000 08:02 4333548                    /usr/lib/x86_64-linux-gnu/libXcursor.so.1.0.2
7f228f652000-7f228f653000 rw-p 00009000 08:02 4333548                    /usr/lib/x86_64-linux-gnu/libXcursor.so.1.0.2
7f228f653000-7f228f656000 ---p 00000000 00:00 0 
7f228f656000-7f228f754000 rw-p 00000000 00:00 0 
7f228f754000-7f228f76b000 r-xp 00000000 08:02 2101973                    /lib/x86_64-linux-gnu/libgcc_s.so.1
7f228f76b000-7f228f96a000 ---p 00017000 08:02 2101973                    /lib/x86_64-linux-gnu/libgcc_s.so.1
7f228f96a000-7f228f96b000 r--p 00016000 08:02 2101973                    /lib/x86_64-linux-gnu/libgcc_s.so.1
7f228f96b000-7f228f96c000 rw-p 00017000 08:02 2101973                    /lib/x86_64-linux-gnu/libgcc_s.so.1
7f228f96c000-7f228f9d1000 r-xp 00000000 08:02 4983127                    /usr/lib/jvm/java-8-oracle/jre/lib/amd64/libfontmanager.so
7f228f9d1000-7f228fbd0000 ---p 00065000 08:02 4983127                    /usr/lib/jvm/java-8-oracle/jre/lib/amd64/libfontmanager.so
7f228fbd0000-7f228fbd5000 rw-p 00064000 08:02 4983127                    /usr/lib/jvm/java-8-oracle/jre/lib/amd64/libfontmanager.so
7f228fbd5000-7f228fbe5000 rw-p 00000000 00:00 0 
7f228fbe5000-7f228fbf8000 r-xp 00000000 08:02 2101932                    /lib/x86_64-linux-gnu/libbsd.so.0.8.7
7f228fbf8000-7f228fdf7000 ---p 00013000 08:02 2101932                    /lib/x86_64-linux-gnu/libbsd.so.0.8.7
7f228fdf7000-7f228fdf8000 r--p 00012000 08:02 2101932                    /lib/x86_64-linux-gnu/libbsd.so.0.8.7
7f228fdf8000-7f228fdf9000 rw-p 00013000 08:02 2101932                    /lib/x86_64-linux-gnu/libbsd.so.0.8.7
7f228fdf9000-7f228fdfa000 rw-p 00000000 00:00 0 
7f228fdfa000-7f228fdff000 r-xp 00000000 08:02 4333552                    /usr/lib/x86_64-linux-gnu/libXdmcp.so.6.0.0
7f228fdff000-7f228fffe000 ---p 00005000 08:02 4333552                    /usr/lib/x86_64-linux-gnu/libXdmcp.so.6.0.0
7f228fffe000-7f228ffff000 r--p 00004000 08:02 4333552                    /usr/lib/x86_64-linux-gnu/libXdmcp.so.6.0.0
7f228ffff000-7f2290000000 rw-p 00005000 08:02 4333552                    /usr/lib/x86_64-linux-gnu/libXdmcp.so.6.0.0
7f2290000000-7f2290021000 rw-p 00000000 00:00 0 
7f2290021000-7f2294000000 ---p 00000000 00:00 0 
7f2294000000-7f2294021000 rw-p 00000000 00:00 0 
7f2294021000-7f2298000000 ---p 00000000 00:00 0 
7f2298000000-7f2298f8d000 rw-p 00000000 00:00 0 
7f2298f8d000-7f229c000000 ---p 00000000 00:00 0 
7f229c000000-7f229c880000 rw-p 00000000 00:00 0 
7f229c880000-7f22a0000000 ---p 00000000 00:00 0 
7f22a0000000-7f22a0021000 rw-p 00000000 00:00 0 
7f22a0021000-7f22a4000000 ---p 00000000 00:00 0 
7f22a4000000-7f22a469e000 rw-p 00000000 00:00 0 
7f22a469e000-7f22a8000000 ---p 00000000 00:00 0 
7f22a8000000-7f22a8021000 rw-p 00000000 00:00 0 
7f22a8021000-7f22ac000000 ---p 00000000 00:00 0 
7f22ac000000-7f22ac021000 rw-p 00000000 00:00 0 
7f22ac021000-7f22b0000000 ---p 00000000 00:00 0 
7f22b0000000-7f22b0021000 rw-p 00000000 00:00 0 
7f22b0021000-7f22b4000000 ---p 00000000 00:00 0 
7f22b4006000-7f22b400f000 r--s 00000000 08:02 5244656                    /usr/share/fonts/type1/gsfonts/s050000l.pfb
7f22b400f000-7f22b4029000 r--s 00000000 08:02 5244581                    /usr/share/fonts/type1/gsfonts/c059013l.pfb
7f22b4029000-7f22b403f000 r--s 00000000 08:02 5244629                    /usr/share/fonts/type1/gsfonts/n021024l.pfb
7f22b403f000-7f22b405a000 r--s 00000000 08:02 5244647                    /usr/share/fonts/type1/gsfonts/p052004l.pfb
7f22b405a000-7f22b4063000 r--s 00000000 08:02 5243799                    /usr/share/fonts/X11/Type1/c0632bt_.pfb
7f22b4063000-7f22b406e000 r--s 00000000 08:02 1966218                    /var/cache/fontconfig/945677eb7aeaf62f1d50efc3fb3ec7d8-le64.cache-7
7f22b406e000-7f22b4073000 r--s 00000000 08:02 1966189                    /var/cache/fontconfig/2300eef321c393bfd76478a5c0e95b23-le64.cache-7
7f22b4073000-7f22b4074000 r--s 00000000 08:02 1966182                    /var/cache/fontconfig/0d8c3b2ac0904cb8a57a757ad11a4a08-le64.cache-7
7f22b4074000-7f22b4078000 r--s 00000000 08:02 1978089                    /var/cache/fontconfig/de156ccd2eddbdc19d37a45b8b2aac9c-le64.cache-7
7f22b4078000-7f22b408d000 r--s 00000000 08:02 1966178                    /var/cache/fontconfig/04aabc0a78ac019cf9454389977116d2-le64.cache-7
7f22b408d000-7f22b408f000 r-xp 00000000 08:02 4333541                    /usr/lib/x86_64-linux-gnu/libXau.so.6.0.0
7f22b408f000-7f22b428f000 ---p 00002000 08:02 4333541                    /usr/lib/x86_64-linux-gnu/libXau.so.6.0.0
7f22b428f000-7f22b4290000 r--p 00002000 08:02 4333541                    /usr/lib/x86_64-linux-gnu/libXau.so.6.0.0
7f22b4290000-7f22b4291000 rw-p 00003000 08:02 4333541                    /usr/lib/x86_64-linux-gnu/libXau.so.6.0.0
7f22b4291000-7f22b42b7000 r-xp 00000000 08:02 4334745                    /usr/lib/x86_64-linux-gnu/libxcb.so.1.1.0
7f22b42b7000-7f22b44b7000 ---p 00026000 08:02 4334745                    /usr/lib/x86_64-linux-gnu/libxcb.so.1.1.0
7f22b44b7000-7f22b44b8000 r--p 00026000 08:02 4334745                    /usr/lib/x86_64-linux-gnu/libxcb.so.1.1.0
7f22b44b8000-7f22b44b9000 rw-p 00027000 08:02 4334745                    /usr/lib/x86_64-linux-gnu/libxcb.so.1.1.0
7f22b44b9000-7f22b44c8000 r-xp 00000000 08:02 4333562                    /usr/lib/x86_64-linux-gnu/libXi.so.6.1.0
7f22b44c8000-7f22b46c7000 ---p 0000f000 08:02 4333562                    /usr/lib/x86_64-linux-gnu/libXi.so.6.1.0
7f22b46c7000-7f22b46c8000 r--p 0000e000 08:02 4333562                    /usr/lib/x86_64-linux-gnu/libXi.so.6.1.0
7f22b46c8000-7f22b46c9000 rw-p 0000f000 08:02 4333562                    /usr/lib/x86_64-linux-gnu/libXi.so.6.1.0
7f22b46c9000-7f22b46ce000 r-xp 00000000 08:02 4333580                    /usr/lib/x86_64-linux-gnu/libXtst.so.6.1.0
7f22b46ce000-7f22b48cd000 ---p 00005000 08:02 4333580                    /usr/lib/x86_64-linux-gnu/libXtst.so.6.1.0
7f22b48cd000-7f22b48ce000 r--p 00004000 08:02 4333580                    /usr/lib/x86_64-linux-gnu/libXtst.so.6.1.0
7f22b48ce000-7f22b48cf000 rw-p 00005000 08:02 4333580                    /usr/lib/x86_64-linux-gnu/libXtst.so.6.1.0
7f22b48cf000-7f22b48d8000 r-xp 00000000 08:02 4333574                    /usr/lib/x86_64-linux-gnu/libXrender.so.1.3.0
7f22b48d8000-7f22b4ad7000 ---p 00009000 08:02 4333574                    /usr/lib/x86_64-linux-gnu/libXrender.so.1.3.0
7f22b4ad7000-7f22b4ad8000 r--p 00008000 08:02 4333574                    /usr/lib/x86_64-linux-gnu/libXrender.so.1.3.0
7f22b4ad8000-7f22b4ad9000 rw-p 00009000 08:02 4333574                    /usr/lib/x86_64-linux-gnu/libXrender.so.1.3.0
7f22b4ad9000-7f22b4c0c000 r-xp 00000000 08:02 4334186                    /usr/lib/x86_64-linux-gnu/libX11.so.6.3.0
7f22b4c0c000-7f22b4e0c000 ---p 00133000 08:02 4334186                    /usr/lib/x86_64-linux-gnu/libX11.so.6.3.0
7f22b4e0c000-7f22b4e0d000 r--p 00133000 08:02 4334186                    /usr/lib/x86_64-linux-gnu/libX11.so.6.3.0
7f22b4e0d000-7f22b4e11000 rw-p 00134000 08:02 4334186                    /usr/lib/x86_64-linux-gnu/libX11.so.6.3.0
7f22b4e11000-7f22b4e22000 r-xp 00000000 08:02 4333554                    /usr/lib/x86_64-linux-gnu/libXext.so.6.4.0
7f22b4e22000-7f22b5021000 ---p 00011000 08:02 4333554                    /usr/lib/x86_64-linux-gnu/libXext.so.6.4.0
7f22b5021000-7f22b5022000 r--p 00010000 08:02 4333554                    /usr/lib/x86_64-linux-gnu/libXext.so.6.4.0
7f22b5022000-7f22b5023000 rw-p 00011000 08:02 4333554                    /usr/lib/x86_64-linux-gnu/libXext.so.6.4.0
7f22b5023000-7f22b5077000 r-xp 00000000 08:02 4983154                    /usr/lib/jvm/java-8-oracle/jre/lib/amd64/libawt_xawt.so
7f22b5077000-7f22b5277000 ---p 00054000 08:02 4983154                    /usr/lib/jvm/java-8-oracle/jre/lib/amd64/libawt_xawt.so
7f22b5277000-7f22b527b000 rw-p 00054000 08:02 4983154                    /usr/lib/jvm/java-8-oracle/jre/lib/amd64/libawt_xawt.so
7f22b527b000-7f22b527c000 rw-p 00000000 00:00 0 
7f22b527c000-7f22b531e000 r-xp 00000000 08:02 4983140                    /usr/lib/jvm/java-8-oracle/jre/lib/amd64/libawt.so
7f22b531e000-7f22b551e000 ---p 000a2000 08:02 4983140                    /usr/lib/jvm/java-8-oracle/jre/lib/amd64/libawt.so
7f22b551e000-7f22b552a000 rw-p 000a2000 08:02 4983140                    /usr/lib/jvm/java-8-oracle/jre/lib/amd64/libawt.so
7f22b552a000-7f22b554e000 rw-p 00000000 00:00 0 
7f22b554e000-7f22b554f000 ---p 00000000 00:00 0 
7f22b554f000-7f22b564f000 rw-p 00000000 00:00 0 
7f22b564f000-7f22b5652000 ---p 00000000 00:00 0 
7f22b5652000-7f22b5750000 rw-p 00000000 00:00 0 
7f22b5750000-7f22b5751000 ---p 00000000 00:00 0 
7f22b5751000-7f22b5754000 ---p 00000000 00:00 0 
7f22b5754000-7f22b5851000 rw-p 00000000 00:00 0 
7f22b5851000-7f22b6220000 r--p 00000000 08:02 4332230                    /usr/lib/locale/locale-archive
7f22b6220000-7f22b8000000 rw-p 00000000 00:00 0 
7f22b8000000-7f22b8021000 rw-p 00000000 00:00 0 
7f22b8021000-7f22bc000000 ---p 00000000 00:00 0 
7f22bc000000-7f22bc021000 rw-p 00000000 00:00 0 
7f22bc021000-7f22c0000000 ---p 00000000 00:00 0 
7f22c0000000-7f22c0021000 rw-p 00000000 00:00 0 
7f22c0021000-7f22c4000000 ---p 00000000 00:00 0 
7f22c4000000-7f22c4021000 rw-p 00000000 00:00 0 
7f22c4021000-7f22c8000000 ---p 00000000 00:00 0 
7f22c8000000-7f22c8001000 r--s 00000000 08:02 1966186                    /var/cache/fontconfig/1ac9eb803944fde146138c791f5cc56a-le64.cache-7
7f22c8001000-7f22c8002000 r--s 00000000 08:02 1966237                    /var/cache/fontconfig/dc05db6664285cc2f12bf69c139ae4c3-le64.cache-7
7f22c8002000-7f22c8004000 r--s 00000000 08:02 1966183                    /var/cache/fontconfig/14a5e22175779b556eaa434240950366-le64.cache-7
7f22c8004000-7f22c8005000 r--s 00000000 08:02 1966210                    /var/cache/fontconfig/660208299946a285a940457d1287da33-le64.cache-7
7f22c8005000-7f22c8007000 r--s 00000000 08:02 1966201                    /var/cache/fontconfig/4f3e3037c9980c83b53a9351efadef62-le64.cache-7
7f22c8007000-7f22c8009000 r--s 00000000 08:02 1966215                    /var/cache/fontconfig/767a8244fc0220cfb567a839d0392e0b-le64.cache-7
7f22c8009000-7f22c800a000 r--s 00000000 08:02 1966196                    /var/cache/fontconfig/4794a0821666d79190d59a36cb4f44b5-le64.cache-7
7f22c800a000-7f22c800c000 r--s 00000000 08:02 1966180                    /var/cache/fontconfig/0bd3dc0958fa2205aaaa8ebb13e2872b-le64.cache-7
7f22c800c000-7f22c8011000 r--s 00000000 08:02 1966238                    /var/cache/fontconfig/def309198bfa603429122923fa2bb2d4-le64.cache-7
7f22c8011000-7f22c8012000 r--s 00000000 08:02 1966226                    /var/cache/fontconfig/b872e6e592da6075ffa4ab0a1fcc0c75-le64.cache-7
7f22c8012000-7f22c8013000 r--s 00000000 08:02 1966243                    /var/cache/fontconfig/f6d4eedfaab2589bde49f7a3ff831d22-le64.cache-7
7f22c8013000-7f22c8014000 r--s 00000000 08:02 1966208                    /var/cache/fontconfig/589f83ef4c36d296ce6e1c846f468f08-le64.cache-7
7f22c8014000-7f22c8015000 r--s 00000000 08:02 1966228                    /var/cache/fontconfig/bab58bb527bb656aaa9f116d68a48d89-le64.cache-7
7f22c8015000-7f22c8016000 r--s 00000000 08:02 1966187                    /var/cache/fontconfig/2171a34dccabdb6bcbbc728186263178-le64.cache-7
7f22c8016000-7f22c8017000 r--s 00000000 08:02 1966229                    /var/cache/fontconfig/c5c45a61289222e0d30b1a26ef4effbe-le64.cache-7
7f22c8017000-7f22c8018000 r--s 00000000 08:02 1966224                    /var/cache/fontconfig/aec30016f93e1b46d1a973dce0d74068-le64.cache-7
7f22c8018000-7f22c8019000 r--s 00000000 08:02 1966194                    /var/cache/fontconfig/3f589640d34b7dc9042c8d453f7c8b9c-le64.cache-7
7f22c8019000-7f22c801a000 r--s 00000000 08:02 1966184                    /var/cache/fontconfig/16c2fda60d1b4b719f4b3d06fd951d25-le64.cache-7
7f22c801a000-7f22c801b000 r--s 00000000 08:02 1966223                    /var/cache/fontconfig/a48eab177a16e4f3713381162db2f3e9-le64.cache-7
7f22c801b000-7f22c801c000 r--s 00000000 08:02 1966204                    /var/cache/fontconfig/564b2e68ac9bc4e36a6f7f6d6125ec1c-le64.cache-7
7f22c801c000-7f22c8021000 r--s 00000000 08:02 1966221                    /var/cache/fontconfig/9d2451b1fd30e5bffe8383fd27c35478-le64.cache-7
7f22c8021000-7f22c8027000 r--s 00000000 08:02 1968620                    /var/cache/fontconfig/3047814df9a2f067bd2d96a2b9c36e5a-le64.cache-7
7f22c8027000-7f22c8028000 r--s 00000000 08:02 1966205                    /var/cache/fontconfig/56cf4f4769d0f4abc89a4895d7bd3ae1-le64.cache-7
7f22c8028000-7f22c8029000 r--s 00000000 08:02 1966227                    /var/cache/fontconfig/b9d506c9ac06c20b433354fa67a72993-le64.cache-7
7f22c8029000-7f22c802f000 r--s 00000000 08:02 1966225                    /var/cache/fontconfig/b47c4e1ecd0709278f4910c18777a504-le64.cache-7
7f22c802f000-7f22c8042000 r--s 00000000 08:02 1966234                    /var/cache/fontconfig/d52a8644073d54c13679302ca1180695-le64.cache-7
7f22c8042000-7f22c8043000 r--s 00000000 08:02 1966192                    /var/cache/fontconfig/370e5b74bf5dafc30834de68e24a87a4-le64.cache-7
7f22c8043000-7f22c8044000 r--s 00000000 08:02 1967993                    /var/cache/fontconfig/6b2c5944714ca7831b25bed9e85cb5c8-le64.cache-7
7f22c8044000-7f22c8045000 r--s 00000000 08:02 1966233                    /var/cache/fontconfig/d5178ab6d91b49bf20a416737dcea9e8-le64.cache-7
7f22c8045000-7f22c8046000 r--s 00000000 08:02 1971435                    /var/cache/fontconfig/551ecf3b0e8b0bca0f25c0944f561853-le64.cache-7
7f22c8046000-7f22c8049000 r--s 00000000 08:02 1967932                    /var/cache/fontconfig/f259c2cffa685e28062317905db73c4a-le64.cache-7
7f22c8049000-7f22c804b000 r--s 00000000 08:02 1967925                    /var/cache/fontconfig/550f3886151c940c12a5ed35f6a00586-le64.cache-7
7f22c804b000-7f22c804e000 r--s 00000000 08:02 1967912                    /var/cache/fontconfig/674d1711f2d1d2a09646eb0bdcadee49-le64.cache-7
7f22c804e000-7f22c804f000 r--s 00000000 08:02 1966195                    /var/cache/fontconfig/3f7329c5293ffd510edef78f73874cfd-le64.cache-7
7f22c804f000-7f22c8053000 r--s 00000000 08:02 1966235                    /var/cache/fontconfig/d589a48862398ed80a3d6066f4f56f4c-le64.cache-7
7f22c8053000-7f22c8054000 r--s 00000000 08:02 1966181                    /var/cache/fontconfig/0c9eb80ebd1c36541ebe2852d3bb0c49-le64.cache-7
7f22c8054000-7f22c8055000 r--s 00000000 08:02 1966188                    /var/cache/fontconfig/22368d551a680bfe5a62c02760edf4ea-le64.cache-7
7f22c8055000-7f22c8056000 r--s 00000000 08:02 1966200                    /var/cache/fontconfig/4d9c95eba1cb85bbcf2878543262124a-le64.cache-7
7f22c8056000-7f22c8057000 r--s 00000000 08:02 1966217                    /var/cache/fontconfig/85e0a52ce643a7ba2ae53e5d6949cead-le64.cache-7
7f22c8057000-7f22c8058000 r--s 00000000 08:02 1966197                    /var/cache/fontconfig/49f0de54bdd920fe4f0dfd4cbac43e6b-le64.cache-7
7f22c8058000-7f22c8059000 r--s 00000000 08:02 1966244                    /var/cache/fontconfig/f6e6e0a5c3d2f6ae0c0c2e0ecd42a997-le64.cache-7
7f22c8059000-7f22c805a000 r--s 00000000 08:02 1966198                    /var/cache/fontconfig/4b2eda6bb976bda485cb2176619421d5-le64.cache-7
7f22c805a000-7f22c8068000 r--s 00000000 08:02 1966220                    /var/cache/fontconfig/9b89f8e3dae116d678bbf48e5f21f69b-le64.cache-7
7f22c8068000-7f22c806a000 r--s 00000000 08:02 1966212                    /var/cache/fontconfig/6afa1bb216ce958c1589e297e8008489-le64.cache-7
7f22c806a000-7f22c8078000 r--s 00000000 08:02 1970933                    /var/cache/fontconfig/e13b20fdb08344e0e664864cc2ede53d-le64.cache-7
7f22c8078000-7f22c8090000 r--s 00000000 08:02 5244632                    /usr/share/fonts/type1/gsfonts/n022003l.pfb
7f22c8090000-7f22c8095000 r--s 0009d000 08:02 4588152                    /usr/lib/jvm/java-8-oracle/jre/lib/jsse.jar
7f22c8095000-7f22c80a0000 r--s 00000000 08:02 1966218                    /var/cache/fontconfig/945677eb7aeaf62f1d50efc3fb3ec7d8-le64.cache-7
7f22c80a0000-7f22c80a5000 r--s 00000000 08:02 1966189                    /var/cache/fontconfig/2300eef321c393bfd76478a5c0e95b23-le64.cache-7
7f22c80a5000-7f22c80a6000 r--s 00000000 08:02 1966182                    /var/cache/fontconfig/0d8c3b2ac0904cb8a57a757ad11a4a08-le64.cache-7
7f22c80a6000-7f22c80aa000 r--s 00000000 08:02 1978089                    /var/cache/fontconfig/de156ccd2eddbdc19d37a45b8b2aac9c-le64.cache-7
7f22c80aa000-7f22c80bf000 r--s 00000000 08:02 1966178                    /var/cache/fontconfig/04aabc0a78ac019cf9454389977116d2-le64.cache-7
7f22c80bf000-7f22c80c0000 r--s 00000000 08:02 1966186                    /var/cache/fontconfig/1ac9eb803944fde146138c791f5cc56a-le64.cache-7
7f22c80c0000-7f22c80c1000 r--s 00000000 08:02 1966237                    /var/cache/fontconfig/dc05db6664285cc2f12bf69c139ae4c3-le64.cache-7
7f22c80c1000-7f22c80c3000 r--s 00000000 08:02 1966183                    /var/cache/fontconfig/14a5e22175779b556eaa434240950366-le64.cache-7
7f22c80c3000-7f22c80c4000 r--s 00000000 08:02 1966210                    /var/cache/fontconfig/660208299946a285a940457d1287da33-le64.cache-7
7f22c80c4000-7f22c80c6000 r--s 00000000 08:02 1966201                    /var/cache/fontconfig/4f3e3037c9980c83b53a9351efadef62-le64.cache-7
7f22c80c6000-7f22c80c8000 r--s 00000000 08:02 1966215                    /var/cache/fontconfig/767a8244fc0220cfb567a839d0392e0b-le64.cache-7
7f22c80c8000-7f22c80c9000 r--s 00000000 08:02 1966196                    /var/cache/fontconfig/4794a0821666d79190d59a36cb4f44b5-le64.cache-7
7f22c80c9000-7f22c80cb000 r--s 00000000 08:02 1966180                    /var/cache/fontconfig/0bd3dc0958fa2205aaaa8ebb13e2872b-le64.cache-7
7f22c80cb000-7f22c80d0000 r--s 00000000 08:02 1966238                    /var/cache/fontconfig/def309198bfa603429122923fa2bb2d4-le64.cache-7
7f22c80d0000-7f22c80d1000 r--s 00000000 08:02 1966226                    /var/cache/fontconfig/b872e6e592da6075ffa4ab0a1fcc0c75-le64.cache-7
7f22c80d1000-7f22c80d2000 r--s 00000000 08:02 1966243                    /var/cache/fontconfig/f6d4eedfaab2589bde49f7a3ff831d22-le64.cache-7
7f22c80d2000-7f22c80d3000 r--s 00000000 08:02 1966208                    /var/cache/fontconfig/589f83ef4c36d296ce6e1c846f468f08-le64.cache-7
7f22c80d3000-7f22c80d4000 r--s 00000000 08:02 1966228                    /var/cache/fontconfig/bab58bb527bb656aaa9f116d68a48d89-le64.cache-7
7f22c80d4000-7f22c80d5000 r--s 00000000 08:02 1966187                    /var/cache/fontconfig/2171a34dccabdb6bcbbc728186263178-le64.cache-7
7f22c80d5000-7f22c80d6000 r--s 00000000 08:02 1966229                    /var/cache/fontconfig/c5c45a61289222e0d30b1a26ef4effbe-le64.cache-7
7f22c80d6000-7f22c80d7000 r--s 00000000 08:02 1966224                    /var/cache/fontconfig/aec30016f93e1b46d1a973dce0d74068-le64.cache-7
7f22c80d7000-7f22c80d8000 r--s 00000000 08:02 1966194                    /var/cache/fontconfig/3f589640d34b7dc9042c8d453f7c8b9c-le64.cache-7
7f22c80d8000-7f22c80d9000 r--s 00000000 08:02 1966184                    /var/cache/fontconfig/16c2fda60d1b4b719f4b3d06fd951d25-le64.cache-7
7f22c80d9000-7f22c80de000 r--s 00000000 08:02 1966221                    /var/cache/fontconfig/9d2451b1fd30e5bffe8383fd27c35478-le64.cache-7
7f22c80de000-7f22c80f1000 r--s 00000000 08:02 1966234                    /var/cache/fontconfig/d52a8644073d54c13679302ca1180695-le64.cache-7
7f22c80f1000-7f22c80f2000 ---p 00000000 00:00 0 
7f22c80f2000-7f22c80f5000 ---p 00000000 00:00 0 
7f22c80f5000-7f22c81f2000 rw-p 00000000 00:00 0 
7f22c81f2000-7f22c81f3000 ---p 00000000 00:00 0 
7f22c81f3000-7f22c81f6000 ---p 00000000 00:00 0 
7f22c81f6000-7f22c82f3000 rw-p 00000000 00:00 0 
7f22c82f3000-7f22c82f6000 ---p 00000000 00:00 0 
7f22c82f6000-7f22c83f4000 rw-p 00000000 00:00 0 
7f22c83f4000-7f22c83f7000 ---p 00000000 00:00 0 
7f22c83f7000-7f22c84f5000 rw-p 00000000 00:00 0 
7f22c84f5000-7f22c84f8000 ---p 00000000 00:00 0 
7f22c84f8000-7f22c85f6000 rw-p 00000000 00:00 0 
7f22c85f6000-7f22c85f7000 ---p 00000000 00:00 0 
7f22c85f7000-7f22c9000000 rw-p 00000000 00:00 0 
7f22c9000000-7f22c96d0000 rwxp 00000000 00:00 0 
7f22c96d0000-7f22d8000000 ---p 00000000 00:00 0 
7f22d8000000-7f22d8625000 rw-p 00000000 00:00 0 
7f22d8625000-7f22dc000000 ---p 00000000 00:00 0 
7f22dc000000-7f22dc001000 r--s 00000000 08:02 1966223                    /var/cache/fontconfig/a48eab177a16e4f3713381162db2f3e9-le64.cache-7
7f22dc001000-7f22dc002000 r--s 00000000 08:02 1966204                    /var/cache/fontconfig/564b2e68ac9bc4e36a6f7f6d6125ec1c-le64.cache-7
7f22dc002000-7f22dc008000 r--s 00000000 08:02 1968620                    /var/cache/fontconfig/3047814df9a2f067bd2d96a2b9c36e5a-le64.cache-7
7f22dc008000-7f22dc009000 r--s 00000000 08:02 1966205                    /var/cache/fontconfig/56cf4f4769d0f4abc89a4895d7bd3ae1-le64.cache-7
7f22dc009000-7f22dc00a000 r--s 00000000 08:02 1966227                    /var/cache/fontconfig/b9d506c9ac06c20b433354fa67a72993-le64.cache-7
7f22dc00a000-7f22dc010000 r--s 00000000 08:02 1966225                    /var/cache/fontconfig/b47c4e1ecd0709278f4910c18777a504-le64.cache-7
7f22dc010000-7f22dc011000 r--s 00000000 08:02 1966192                    /var/cache/fontconfig/370e5b74bf5dafc30834de68e24a87a4-le64.cache-7
7f22dc011000-7f22dc012000 r--s 00000000 08:02 1967993                    /var/cache/fontconfig/6b2c5944714ca7831b25bed9e85cb5c8-le64.cache-7
7f22dc012000-7f22dc013000 r--s 00000000 08:02 1966233                    /var/cache/fontconfig/d5178ab6d91b49bf20a416737dcea9e8-le64.cache-7
7f22dc013000-7f22dc014000 r--s 00000000 08:02 1971435                    /var/cache/fontconfig/551ecf3b0e8b0bca0f25c0944f561853-le64.cache-7
7f22dc014000-7f22dc017000 r--s 00000000 08:02 1967932                    /var/cache/fontconfig/f259c2cffa685e28062317905db73c4a-le64.cache-7
7f22dc017000-7f22dc019000 r--s 00000000 08:02 1967925                    /var/cache/fontconfig/550f3886151c940c12a5ed35f6a00586-le64.cache-7
7f22dc019000-7f22dc01c000 r--s 00000000 08:02 1967912                    /var/cache/fontconfig/674d1711f2d1d2a09646eb0bdcadee49-le64.cache-7
7f22dc01c000-7f22dc01d000 r--s 00000000 08:02 1966195                    /var/cache/fontconfig/3f7329c5293ffd510edef78f73874cfd-le64.cache-7
7f22dc01d000-7f22dc021000 r--s 00000000 08:02 1966235                    /var/cache/fontconfig/d589a48862398ed80a3d6066f4f56f4c-le64.cache-7
7f22dc021000-7f22dc022000 r--s 00000000 08:02 1966181                    /var/cache/fontconfig/0c9eb80ebd1c36541ebe2852d3bb0c49-le64.cache-7
7f22dc022000-7f22dc023000 r--s 00000000 08:02 1966188                    /var/cache/fontconfig/22368d551a680bfe5a62c02760edf4ea-le64.cache-7
7f22dc023000-7f22dc024000 r--s 00000000 08:02 1966200                    /var/cache/fontconfig/4d9c95eba1cb85bbcf2878543262124a-le64.cache-7
7f22dc024000-7f22dc025000 r--s 00000000 08:02 1966217                    /var/cache/fontconfig/85e0a52ce643a7ba2ae53e5d6949cead-le64.cache-7
7f22dc025000-7f22dc026000 r--s 00000000 08:02 1966197                    /var/cache/fontconfig/49f0de54bdd920fe4f0dfd4cbac43e6b-le64.cache-7
7f22dc026000-7f22dc034000 r--s 00000000 08:02 1966220                    /var/cache/fontconfig/9b89f8e3dae116d678bbf48e5f21f69b-le64.cache-7
7f22dc034000-7f22dc036000 r--s 00000000 08:02 1966212                    /var/cache/fontconfig/6afa1bb216ce958c1589e297e8008489-le64.cache-7
7f22dc036000-7f22dc044000 r--s 00000000 08:02 1970933                    /var/cache/fontconfig/e13b20fdb08344e0e664864cc2ede53d-le64.cache-7
7f22dc044000-7f22dc049000 r--s 002f9000 08:02 4587927                    /usr/lib/jvm/java-8-oracle/jre/lib/charsets.jar
7f22dc049000-7f22dc063000 r--s 00214000 08:02 1987837                    /home/jerryco09/Documents/OOP/FinalProject/client/ClientApp/src/library/jna-platform-4.4.0.jar
7f22dc063000-7f22dc067000 r--s 00107000 08:02 1987836                    /home/jerryco09/Documents/OOP/FinalProject/client/ClientApp/src/library/jna-4.4.0.jar
7f22dc067000-7f22dc06e000 r--s 00049000 08:02 1987798                    /home/jerryco09/Documents/OOP/FinalProject/client/ClientApp/src/library/httpcore-4.4.10.jar
7f22dc06e000-7f22dc072000 r--s 00024000 08:02 1987790                    /home/jerryco09/Documents/OOP/FinalProject/client/ClientApp/src/library/httpclient-cache-4.5.6.jar
7f22dc072000-7f22dc07f000 r--s 000af000 08:02 1987546                    /home/jerryco09/Documents/OOP/FinalProject/client/ClientApp/src/library/httpclient-4.5.6.jar
7f22dc07f000-7f22dc096000 r--s 001d7000 08:02 3548654                    /home/jerryco09/Documents/OOP/refactor/sample/final_OOP/src/Library/mysql-connector-java-8.0.12.jar
7f22dc096000-7f22dc74e000 rw-p 00000000 00:00 0 
7f22dc74e000-7f22dc928000 r--s 03d6b000 08:02 4587929                    /usr/lib/jvm/java-8-oracle/jre/lib/rt.jar
7f22dc928000-7f22dd37c000 rw-p 00000000 00:00 0 
7f22dd37c000-7f22dd37d000 ---p 00000000 00:00 0 
7f22dd37d000-7f22dd47d000 rw-p 00000000 00:00 0 
7f22dd47d000-7f22dd47e000 ---p 00000000 00:00 0 
7f22dd47e000-7f22dd57e000 rw-p 00000000 00:00 0 
7f22dd57e000-7f22dd57f000 ---p 00000000 00:00 0 
7f22dd57f000-7f22dd67f000 rw-p 00000000 00:00 0 
7f22dd67f000-7f22dd680000 ---p 00000000 00:00 0 
7f22dd680000-7f22dd794000 rw-p 00000000 00:00 0 
7f22dd794000-7f22dd8bf000 ---p 00000000 00:00 0 
7f22dd8bf000-7f22dd8d3000 rw-p 00000000 00:00 0 
7f22dd8d3000-7f22dd9fd000 ---p 00000000 00:00 0 
7f22dd9fd000-7f22dda08000 rw-p 00000000 00:00 0 
7f22dda08000-7f22dda9d000 ---p 00000000 00:00 0 
7f22dda9d000-7f22ddaba000 rw-p 00000000 00:00 0 
7f22ddaba000-7f22dde5e000 ---p 00000000 00:00 0 
7f22dde5e000-7f22dde79000 r-xp 00000000 08:02 4983143                    /usr/lib/jvm/java-8-oracle/jre/lib/amd64/libzip.so
7f22dde79000-7f22de079000 ---p 0001b000 08:02 4983143                    /usr/lib/jvm/java-8-oracle/jre/lib/amd64/libzip.so
7f22de079000-7f22de07a000 rw-p 0001b000 08:02 4983143                    /usr/lib/jvm/java-8-oracle/jre/lib/amd64/libzip.so
7f22de07a000-7f22de085000 r-xp 00000000 08:02 2102026                    /lib/x86_64-linux-gnu/libnss_files-2.27.so
7f22de085000-7f22de284000 ---p 0000b000 08:02 2102026                    /lib/x86_64-linux-gnu/libnss_files-2.27.so
7f22de284000-7f22de285000 r--p 0000a000 08:02 2102026                    /lib/x86_64-linux-gnu/libnss_files-2.27.so
7f22de285000-7f22de286000 rw-p 0000b000 08:02 2102026                    /lib/x86_64-linux-gnu/libnss_files-2.27.so
7f22de286000-7f22de28c000 rw-p 00000000 00:00 0 
7f22de28c000-7f22de2a3000 r-xp 00000000 08:02 2102020                    /lib/x86_64-linux-gnu/libnsl-2.27.so
7f22de2a3000-7f22de4a2000 ---p 00017000 08:02 2102020                    /lib/x86_64-linux-gnu/libnsl-2.27.so
7f22de4a2000-7f22de4a3000 r--p 00016000 08:02 2102020                    /lib/x86_64-linux-gnu/libnsl-2.27.so
7f22de4a3000-7f22de4a4000 rw-p 00017000 08:02 2102020                    /lib/x86_64-linux-gnu/libnsl-2.27.so
7f22de4a4000-7f22de4a6000 rw-p 00000000 00:00 0 
7f22de4a6000-7f22de4b1000 r-xp 00000000 08:02 2102037                    /lib/x86_64-linux-gnu/libnss_nis-2.27.so
7f22de4b1000-7f22de6b0000 ---p 0000b000 08:02 2102037                    /lib/x86_64-linux-gnu/libnss_nis-2.27.so
7f22de6b0000-7f22de6b1000 r--p 0000a000 08:02 2102037                    /lib/x86_64-linux-gnu/libnss_nis-2.27.so
7f22de6b1000-7f22de6b2000 rw-p 0000b000 08:02 2102037                    /lib/x86_64-linux-gnu/libnss_nis-2.27.so
7f22de6b2000-7f22de6ba000 r-xp 00000000 08:02 2102022                    /lib/x86_64-linux-gnu/libnss_compat-2.27.so
7f22de6ba000-7f22de8ba000 ---p 00008000 08:02 2102022                    /lib/x86_64-linux-gnu/libnss_compat-2.27.so
7f22de8ba000-7f22de8bb000 r--p 00008000 08:02 2102022                    /lib/x86_64-linux-gnu/libnss_compat-2.27.so
7f22de8bb000-7f22de8bc000 rw-p 00009000 08:02 2102022                    /lib/x86_64-linux-gnu/libnss_compat-2.27.so
7f22de8bc000-7f22de8e7000 r-xp 00000000 08:02 4983137                    /usr/lib/jvm/java-8-oracle/jre/lib/amd64/libjava.so
7f22de8e7000-7f22deae6000 ---p 0002b000 08:02 4983137                    /usr/lib/jvm/java-8-oracle/jre/lib/amd64/libjava.so
7f22deae6000-7f22deae8000 rw-p 0002a000 08:02 4983137                    /usr/lib/jvm/java-8-oracle/jre/lib/amd64/libjava.so
7f22deae8000-7f22deaf5000 r-xp 00000000 08:02 4983142                    /usr/lib/jvm/java-8-oracle/jre/lib/amd64/libverify.so
7f22deaf5000-7f22decf5000 ---p 0000d000 08:02 4983142                    /usr/lib/jvm/java-8-oracle/jre/lib/amd64/libverify.so
7f22decf5000-7f22decf7000 rw-p 0000d000 08:02 4983142                    /usr/lib/jvm/java-8-oracle/jre/lib/amd64/libverify.so
7f22decf7000-7f22decfe000 r-xp 00000000 08:02 2102077                    /lib/x86_64-linux-gnu/librt-2.27.so
7f22decfe000-7f22deefd000 ---p 00007000 08:02 2102077                    /lib/x86_64-linux-gnu/librt-2.27.so
7f22deefd000-7f22deefe000 r--p 00006000 08:02 2102077                    /lib/x86_64-linux-gnu/librt-2.27.so
7f22deefe000-7f22deeff000 rw-p 00007000 08:02 2102077                    /lib/x86_64-linux-gnu/librt-2.27.so
7f22deeff000-7f22df09c000 r-xp 00000000 08:02 2101999                    /lib/x86_64-linux-gnu/libm-2.27.so
7f22df09c000-7f22df29b000 ---p 0019d000 08:02 2101999                    /lib/x86_64-linux-gnu/libm-2.27.so
7f22df29b000-7f22df29c000 r--p 0019c000 08:02 2101999                    /lib/x86_64-linux-gnu/libm-2.27.so
7f22df29c000-7f22df29d000 rw-p 0019d000 08:02 2101999                    /lib/x86_64-linux-gnu/libm-2.27.so
7f22df29d000-7f22dff79000 r-xp 00000000 08:02 4983165                    /usr/lib/jvm/java-8-oracle/jre/lib/amd64/server/libjvm.so
7f22dff79000-7f22e0179000 ---p 00cdc000 08:02 4983165                    /usr/lib/jvm/java-8-oracle/jre/lib/amd64/server/libjvm.so
7f22e0179000-7f22e0253000 rw-p 00cdc000 08:02 4983165                    /usr/lib/jvm/java-8-oracle/jre/lib/amd64/server/libjvm.so
7f22e0253000-7f22e029e000 rw-p 00000000 00:00 0 
7f22e029e000-7f22e0485000 r-xp 00000000 08:02 2101936                    /lib/x86_64-linux-gnu/libc-2.27.so
7f22e0485000-7f22e0685000 ---p 001e7000 08:02 2101936                    /lib/x86_64-linux-gnu/libc-2.27.so
7f22e0685000-7f22e0689000 r--p 001e7000 08:02 2101936                    /lib/x86_64-linux-gnu/libc-2.27.so
7f22e0689000-7f22e068b000 rw-p 001eb000 08:02 2101936                    /lib/x86_64-linux-gnu/libc-2.27.so
7f22e068b000-7f22e068f000 rw-p 00000000 00:00 0 
7f22e068f000-7f22e0692000 r-xp 00000000 08:02 2101959                    /lib/x86_64-linux-gnu/libdl-2.27.so
7f22e0692000-7f22e0891000 ---p 00003000 08:02 2101959                    /lib/x86_64-linux-gnu/libdl-2.27.so
7f22e0891000-7f22e0892000 r--p 00002000 08:02 2101959                    /lib/x86_64-linux-gnu/libdl-2.27.so
7f22e0892000-7f22e0893000 rw-p 00003000 08:02 2101959                    /lib/x86_64-linux-gnu/libdl-2.27.so
7f22e0893000-7f22e08a9000 r-xp 00000000 08:02 4587800                    /usr/lib/jvm/java-8-oracle/lib/amd64/jli/libjli.so
7f22e08a9000-7f22e0aa8000 ---p 00016000 08:02 4587800                    /usr/lib/jvm/java-8-oracle/lib/amd64/jli/libjli.so
7f22e0aa8000-7f22e0aa9000 rw-p 00015000 08:02 4587800                    /usr/lib/jvm/java-8-oracle/lib/amd64/jli/libjli.so
7f22e0aa9000-7f22e0ac3000 r-xp 00000000 08:02 2102069                    /lib/x86_64-linux-gnu/libpthread-2.27.so
7f22e0ac3000-7f22e0cc2000 ---p 0001a000 08:02 2102069                    /lib/x86_64-linux-gnu/libpthread-2.27.so
7f22e0cc2000-7f22e0cc3000 r--p 00019000 08:02 2102069                    /lib/x86_64-linux-gnu/libpthread-2.27.so
7f22e0cc3000-7f22e0cc4000 rw-p 0001a000 08:02 2102069                    /lib/x86_64-linux-gnu/libpthread-2.27.so
7f22e0cc4000-7f22e0cc8000 rw-p 00000000 00:00 0 
7f22e0cc8000-7f22e0cef000 r-xp 00000000 08:02 2101908                    /lib/x86_64-linux-gnu/ld-2.27.so
7f22e0cef000-7f22e0cf0000 r--s 00000000 08:02 1966244                    /var/cache/fontconfig/f6e6e0a5c3d2f6ae0c0c2e0ecd42a997-le64.cache-7
7f22e0cf0000-7f22e0cf2000 r--s 00009000 08:02 1987762                    /home/jerryco09/Documents/OOP/FinalProject/client/ClientApp/src/library/httpmime-4.5.6.jar
7f22e0cf2000-7f22e0cf9000 r--s 0003f000 08:02 1987835                    /home/jerryco09/Documents/OOP/FinalProject/client/ClientApp/src/library/commons-codec-1.10.jar
7f22e0cf9000-7f22e0dd1000 rw-p 00000000 00:00 0 
7f22e0dd1000-7f22e0dd2000 ---p 00000000 00:00 0 
7f22e0dd2000-7f22e0dd5000 ---p 00000000 00:00 0 
7f22e0dd5000-7f22e0ed4000 rw-p 00000000 00:00 0 
7f22e0ed4000-7f22e0ed5000 r--s 00000000 08:02 1966198                    /var/cache/fontconfig/4b2eda6bb976bda485cb2176619421d5-le64.cache-7
7f22e0ed5000-7f22e0ed7000 r--s 00003000 08:02 1987791                    /home/jerryco09/Documents/OOP/FinalProject/client/ClientApp/src/library/httpclient-win-4.5.6.jar
7f22e0ed7000-7f22e0ed8000 r--s 00007000 08:02 1987779                    /home/jerryco09/Documents/OOP/FinalProject/client/ClientApp/src/library/fluent-hc-4.5.6.jar
7f22e0ed8000-7f22e0eda000 r--s 0000e000 08:02 1987834                    /home/jerryco09/Documents/OOP/FinalProject/client/ClientApp/src/library/commons-logging-1.2.jar
7f22e0eda000-7f22e0ee3000 r--s 00075000 08:02 3548681                    /home/jerryco09/Documents/OOP/refactor/sample/final_OOP/src/Library/DateChooser.jar
7f22e0ee3000-7f22e0eeb000 rw-s 00000000 08:02 4333247                    /tmp/hsperfdata_jerryco09/3732
7f22e0eeb000-7f22e0eec000 rw-p 00000000 00:00 0 
7f22e0eec000-7f22e0eed000 r--p 00000000 00:00 0 
7f22e0eed000-7f22e0eef000 rw-p 00000000 00:00 0 
7f22e0eef000-7f22e0ef0000 r--p 00027000 08:02 2101908                    /lib/x86_64-linux-gnu/ld-2.27.so
7f22e0ef0000-7f22e0ef1000 rw-p 00028000 08:02 2101908                    /lib/x86_64-linux-gnu/ld-2.27.so
7f22e0ef1000-7f22e0ef2000 rw-p 00000000 00:00 0 
7fff73f79000-7fff73f9a000 rw-p 00000000 00:00 0                          [stack]
7fff73fba000-7fff73fbd000 r--p 00000000 00:00 0                          [vvar]
7fff73fbd000-7fff73fbf000 r-xp 00000000 00:00 0                          [vdso]
ffffffffff600000-ffffffffff601000 r-xp 00000000 00:00 0                  [vsyscall]

VM Arguments:
jvm_args: -Dfile.encoding=UTF-8 
java_command: clientapp.NewEvent
java_class_path (initial): /home/jerryco09/Documents/OOP/refactor/sample/final_OOP/src/Library/DateChooser.jar:/home/jerryco09/Documents/OOP/refactor/sample/final_OOP/src/Library/mysql-connector-java-8.0.12.jar:/home/jerryco09/Documents/OOP/FinalProject/client/ClientApp/src/library/commons-codec-1.10.jar:/home/jerryco09/Documents/OOP/FinalProject/client/ClientApp/src/library/commons-logging-1.2.jar:/home/jerryco09/Documents/OOP/FinalProject/client/ClientApp/src/library/fluent-hc-4.5.6.jar:/home/jerryco09/Documents/OOP/FinalProject/client/ClientApp/src/library/httpclient-4.5.6.jar:/home/jerryco09/Documents/OOP/FinalProject/client/ClientApp/src/library/httpclient-cache-4.5.6.jar:/home/jerryco09/Documents/OOP/FinalProject/client/ClientApp/src/library/httpclient-win-4.5.6.jar:/home/jerryco09/Documents/OOP/FinalProject/client/ClientApp/src/library/httpcore-4.4.10.jar:/home/jerryco09/Documents/OOP/FinalProject/client/ClientApp/src/library/httpmime-4.5.6.jar:/home/jerryco09/Documents/OOP/FinalProject/client/ClientApp/src/library/jna-4.4.0.jar:/home/jerryco09/Documents/OOP/FinalProject/client/ClientApp/src/library/jna-platform-4.4.0.jar:/home/jerryco09/Documents/OOP/FinalProject/client/ClientApp/build/classes
Launcher Type: SUN_STANDARD

Environment Variables:
JAVA_HOME=/usr/lib/jvm/java-8-oracle
PATH=/usr/local/sbin:/usr/local/bin:/usr/sbin:/usr/bin:/sbin:/bin:/usr/games:/usr/local/games:/snap/bin:/usr/lib/jvm/java-8-oracle/bin:/usr/lib/jvm/java-8-oracle/db/bin:/usr/lib/jvm/java-8-oracle/jre/bin
USERNAME=jerryco09
LD_LIBRARY_PATH=/usr/lib/jvm/java-8-oracle/jre/lib/amd64:/usr/lib/jvm/java-8-oracle/jre/lib/i386:
SHELL=/bin/bash
DISPLAY=:0

Signal Handlers:
SIGSEGV: [libjvm.so+0xad2a40], sa_mask[0]=11111111011111111101111111111110, sa_flags=SA_RESTART|SA_SIGINFO
SIGBUS: [libjvm.so+0xad2a40], sa_mask[0]=11111111011111111101111111111110, sa_flags=SA_RESTART|SA_SIGINFO
SIGFPE: [libjvm.so+0x92a610], sa_mask[0]=11111111011111111101111111111110, sa_flags=SA_RESTART|SA_SIGINFO
SIGPIPE: [libjvm.so+0x92a610], sa_mask[0]=11111111011111111101111111111110, sa_flags=SA_RESTART|SA_SIGINFO
SIGXFSZ: [libjvm.so+0x92a610], sa_mask[0]=11111111011111111101111111111110, sa_flags=SA_RESTART|SA_SIGINFO
SIGILL: [libjvm.so+0x92a610], sa_mask[0]=11111111011111111101111111111110, sa_flags=SA_RESTART|SA_SIGINFO
SIGUSR1: SIG_DFL, sa_mask[0]=00000000000000000000000000000000, sa_flags=none
SIGUSR2: [libjvm.so+0x92be70], sa_mask[0]=00100000000000000000000000000000, sa_flags=SA_RESTART|SA_SIGINFO
SIGHUP: [libjvm.so+0x92d270], sa_mask[0]=11111111011111111101111111111110, sa_flags=SA_RESTART|SA_SIGINFO
SIGINT: SIG_IGN, sa_mask[0]=00000000000000000000000000000000, sa_flags=none
SIGTERM: [libjvm.so+0x92d270], sa_mask[0]=11111111011111111101111111111110, sa_flags=SA_RESTART|SA_SIGINFO
SIGQUIT: [libjvm.so+0x92d270], sa_mask[0]=11111111011111111101111111111110, sa_flags=SA_RESTART|SA_SIGINFO


---------------  S Y S T E M  ---------------

OS:DISTRIB_ID=Ubuntu
DISTRIB_RELEASE=18.04
DISTRIB_CODENAME=bionic
DISTRIB_DESCRIPTION="Ubuntu 18.04.1 LTS"

uname:Linux 4.15.0-36-generic #39-Ubuntu SMP Mon Sep 24 16:19:09 UTC 2018 x86_64
libc:glibc 2.27 NPTL 2.27 
rlimit: STACK 8192k, CORE 0k, NPROC 14821, NOFILE 1048576, AS infinity
load average:40.21 10.45 5.03

/proc/meminfo:
MemTotal:        3912844 kB
MemFree:         1853612 kB
MemAvailable:    2378748 kB
Buffers:           56684 kB
Cached:           705832 kB
SwapCached:        28388 kB
Active:          1209892 kB
Inactive:         638116 kB
Active(anon):     805292 kB
Inactive(anon):   336160 kB
Active(file):     404600 kB
Inactive(file):   301956 kB
Unevictable:           0 kB
Mlocked:               0 kB
SwapTotal:       2097148 kB
SwapFree:        1024292 kB
Dirty:              1196 kB
Writeback:            16 kB
AnonPages:       1057132 kB
Mapped:           230784 kB
Shmem:             55956 kB
Slab:             111508 kB
SReclaimable:      52248 kB
SUnreclaim:        59260 kB
KernelStack:        6712 kB
PageTables:        23852 kB
NFS_Unstable:          0 kB
Bounce:                0 kB
WritebackTmp:          0 kB
CommitLimit:     4053568 kB
Committed_AS:    4671248 kB
VmallocTotal:   34359738367 kB
VmallocUsed:           0 kB
VmallocChunk:          0 kB
HardwareCorrupted:     0 kB
AnonHugePages:         0 kB
ShmemHugePages:        0 kB
ShmemPmdMapped:        0 kB
CmaTotal:              0 kB
CmaFree:               0 kB
HugePages_Total:       0
HugePages_Free:        0
HugePages_Rsvd:        0
HugePages_Surp:        0
Hugepagesize:       2048 kB
DirectMap4k:      363124 kB
DirectMap2M:     3704832 kB
DirectMap1G:           0 kB


CPU:total 4 (initial active 4) (2 cores per cpu, 2 threads per core) family 6 model 78 stepping 3, cmov, cx8, fxsr, mmx, sse, sse2, sse3, ssse3, sse4.1, sse4.2, popcnt, avx, avx2, aes, clmul, erms, 3dnowpref, lzcnt, ht, tsc, tscinvbit, bmi1, bmi2, adx

/proc/cpuinfo:
processor	: 0
vendor_id	: GenuineIntel
cpu family	: 6
model		: 78
model name	: Intel(R) Core(TM) i3-6006U CPU @ 2.00GHz
stepping	: 3
microcode	: 0xc6
cpu MHz		: 889.568
cache size	: 3072 KB
physical id	: 0
siblings	: 4
core id		: 0
cpu cores	: 2
apicid		: 0
initial apicid	: 0
fpu		: yes
fpu_exception	: yes
cpuid level	: 22
wp		: yes
flags		: fpu vme de pse tsc msr pae mce cx8 apic sep mtrr pge mca cmov pat pse36 clflush dts acpi mmx fxsr sse sse2 ss ht tm pbe syscall nx pdpe1gb rdtscp lm constant_tsc art arch_perfmon pebs bts rep_good nopl xtopology nonstop_tsc cpuid aperfmperf tsc_known_freq pni pclmulqdq dtes64 monitor ds_cpl vmx est tm2 ssse3 sdbg fma cx16 xtpr pdcm pcid sse4_1 sse4_2 x2apic movbe popcnt tsc_deadline_timer aes xsave avx f16c rdrand lahf_lm abm 3dnowprefetch cpuid_fault epb invpcid_single pti ssbd ibrs ibpb stibp tpr_shadow vnmi flexpriority ept vpid fsgsbase tsc_adjust bmi1 avx2 smep bmi2 erms invpcid mpx rdseed adx smap clflushopt intel_pt xsaveopt xsavec xgetbv1 xsaves dtherm arat pln pts hwp hwp_notify hwp_act_window hwp_epp flush_l1d
bugs		: cpu_meltdown spectre_v1 spectre_v2 spec_store_bypass l1tf
bogomips	: 3984.00
clflush size	: 64
cache_alignment	: 64
address sizes	: 39 bits physical, 48 bits virtual
power management:

processor	: 1
vendor_id	: GenuineIntel
cpu family	: 6
model		: 78
model name	: Intel(R) Core(TM) i3-6006U CPU @ 2.00GHz
stepping	: 3
microcode	: 0xc6
cpu MHz		: 1923.434
cache size	: 3072 KB
physical id	: 0
siblings	: 4
core id		: 1
cpu cores	: 2
apicid		: 2
initial apicid	: 2
fpu		: yes
fpu_exception	: yes
cpuid level	: 22
wp		: yes
flags		: fpu vme de pse tsc msr pae mce cx8 apic sep mtrr pge mca cmov pat pse36 clflush dts acpi mmx fxsr sse sse2 ss ht tm pbe syscall nx pdpe1gb rdtscp lm constant_tsc art arch_perfmon pebs bts rep_good nopl xtopology nonstop_tsc cpuid aperfmperf tsc_known_freq pni pclmulqdq dtes64 monitor ds_cpl vmx est tm2 ssse3 sdbg fma cx16 xtpr pdcm pcid sse4_1 sse4_2 x2apic movbe popcnt tsc_deadline_timer aes xsave avx f16c rdrand lahf_lm abm 3dnowprefetch cpuid_fault epb invpcid_single pti ssbd ibrs ibpb stibp tpr_shadow vnmi flexpriority ept vpid fsgsbase tsc_adjust bmi1 avx2 smep bmi2 erms invpcid mpx rdseed adx smap clflushopt intel_pt xsaveopt xsavec xgetbv1 xsaves dtherm arat pln pts hwp hwp_notify hwp_act_window hwp_epp flush_l1d
bugs		: cpu_meltdown spectre_v1 spectre_v2 spec_store_bypass l1tf
bogomips	: 3984.00
clflush size	: 64
cache_alignment	: 64
address sizes	: 39 bits physical, 48 bits virtual
power management:

processor	: 2
vendor_id	: GenuineIntel
cpu family	: 6
model		: 78
model name	: Intel(R) Core(TM) i3-6006U CPU @ 2.00GHz
stepping	: 3
microcode	: 0xc6
cpu MHz		: 900.948
cache size	: 3072 KB
physical id	: 0
siblings	: 4
core id		: 0
cpu cores	: 2
apicid		: 1
initial apicid	: 1
fpu		: yes
fpu_exception	: yes
cpuid level	: 22
wp		: yes
flags		: fpu vme de pse tsc msr pae mce cx8 apic sep mtrr pge mca cmov pat pse36 clflush dts acpi mmx fxsr sse sse2 ss ht tm pbe syscall nx pdpe1gb rdtscp lm constant_tsc art arch_perfmon pebs bts rep_good nopl xtopology nonstop_tsc cpuid aperfmperf tsc_known_freq pni pclmulqdq dtes64 monitor ds_cpl vmx est tm2 ssse3 sdbg fma cx16 xtpr pdcm pcid sse4_1 sse4_2 x2apic movbe popcnt tsc_deadline_timer aes xsave avx f16c rdrand lahf_lm abm 3dnowprefetch cpuid_fault epb invpcid_single pti ssbd ibrs ibpb stibp tpr_shadow vnmi flexpriority ept vpid fsgsbase tsc_adjust bmi1 avx2 smep bmi2 erms invpcid mpx rdseed adx smap clflushopt intel_pt xsaveopt xsavec xgetbv1 xsaves dtherm arat pln pts hwp hwp_notify hwp_act_window hwp_epp flush_l1d
bugs		: cpu_meltdown spectre_v1 spectre_v2 spec_store_bypass l1tf
bogomips	: 3984.00
clflush size	: 64
cache_alignment	: 64
address sizes	: 39 bits physical, 48 bits virtual
power management:

processor	: 3
vendor_id	: GenuineIntel
cpu family	: 6
model		: 78
model name	: Intel(R) Core(TM) i3-6006U CPU @ 2.00GHz
stepping	: 3
microcode	: 0xc6
cpu MHz		: 947.049
cache size	: 3072 KB
physical id	: 0
siblings	: 4
core id		: 1
cpu cores	: 2
apicid		: 3
initial apicid	: 3
fpu		: yes
fpu_exception	: yes
cpuid level	: 22
wp		: yes
flags		: fpu vme de pse tsc msr pae mce cx8 apic sep mtrr pge mca cmov pat pse36 clflush dts acpi mmx fxsr sse sse2 ss ht tm pbe syscall nx pdpe1gb rdtscp lm constant_tsc art arch_perfmon pebs bts rep_good nopl xtopology nonstop_tsc cpuid aperfmperf tsc_known_freq pni pclmulqdq dtes64 monitor ds_cpl vmx est tm2 ssse3 sdbg fma cx16 xtpr pdcm pcid sse4_1 sse4_2 x2apic movbe popcnt tsc_deadline_timer aes xsave avx f16c rdrand lahf_lm abm 3dnowprefetch cpuid_fault epb invpcid_single pti ssbd ibrs ibpb stibp tpr_shadow vnmi flexpriority ept vpid fsgsbase tsc_adjust bmi1 avx2 smep bmi2 erms invpcid mpx rdseed adx smap clflushopt intel_pt xsaveopt xsavec xgetbv1 xsaves dtherm arat pln pts hwp hwp_notify hwp_act_window hwp_epp flush_l1d
bugs		: cpu_meltdown spectre_v1 spectre_v2 spec_store_bypass l1tf
bogomips	: 3984.00
clflush size	: 64
cache_alignment	: 64
address sizes	: 39 bits physical, 48 bits virtual
power management:



Memory: 4k page, physical 3912844k(1855144k free), swap 2097148k(1039396k free)

vm_info: Java HotSpot(TM) 64-Bit Server VM (25.181-b13) for linux-amd64 JRE (1.8.0_181-b13), built on Jul  7 2018 00:56:38 by "java_re" with gcc 4.3.0 20080428 (Red Hat 4.3.0-8)

time: Fri Oct 19 11:10:05 2018
elapsed time: 19268 seconds (0d 5h 21m 8s)

