#
# A fatal error has been detected by the Java Runtime Environment:
#
#  SIGSEGV (0xb) at pc=0x00007f49bd069cba, pid=5055, tid=0x00007f49828f7700
#
# JRE version: Java(TM) SE Runtime Environment (8.0_181-b13) (build 1.8.0_181-b13)
# Java VM: Java HotSpot(TM) 64-Bit Server VM (25.181-b13 mixed mode linux-amd64 compressed oops)
# Problematic frame:
# v  ~BufferBlob::jni_fast_GetLongField
#
# Failed to write core dump. Core dumps have been disabled. To enable core dumping, try "ulimit -c unlimited" before starting Java again
#
# If you would like to submit a bug report, please visit:
#   http://bugreport.java.com/bugreport/crash.jsp
# The crash happened outside the Java Virtual Machine in native code.
# See problematic frame for where to report the bug.
#

---------------  T H R E A D  ---------------

Current thread (0x00007f49cc309800):  JavaThread "AWT-XAWT" daemon [_thread_in_native, id=5076, stack(0x00007f49827f7000,0x00007f49828f8000)]

siginfo: si_signo: 11 (SIGSEGV), si_code: 1 (SEGV_MAPERR), si_addr: 0x0000000000000000

Registers:
RAX=0x00007f49d37fa280, RBX=0x00007f49cc3099f8, RCX=0x00007f49d428b320, RDX=0x0000000000000042
RSP=0x00007f49828f6668, RBP=0x00007f49828f6690, RSI=0x0000000000000000, RDI=0x00007f49cc3099f8
R8 =0x00007f49b820b9b0, R9 =0x0000000000000000, R10=0x0000000000000080, R11=0x00000000000001f4
R12=0x0000000000000000, R13=0x0000000000000000, R14=0x00007f49b896a820, R15=0x00007f49cc309800
RIP=0x00007f49bd069cba, EFLAGS=0x0000000000010246, CSGSFS=0x002b000000000033, ERR=0x0000000000000004
  TRAPNO=0x000000000000000e

Top of Stack: (sp=0x00007f49828f6668)
0x00007f49828f6668:   00007f49b8749001 00007f4980daed70
0x00007f49828f6678:   0000000000000000 00000000ec571dd8
0x00007f49828f6688:   00007f49828f6710 00007f496825c370
0x00007f49828f6698:   00007f49b8213b1d 00007f4980daed70
0x00007f49828f66a8:   00007f49828f66d0 0000000000000000
0x00007f49828f66b8:   00007f49b820b9d3 00000000ec571dd8
0x00007f49828f66c8:   00007f49b874223f 00007f49828f6720
0x00007f49828f66d8:   00007f49bd488136 00000000ee34fcb0
0x00007f49828f66e8:   0000000000000007 00000000ee44b3c8
0x00007f49828f66f8:   00007f49bd661f94 0000000000200003
0x00007f49828f6708:   0000000000000011 00000000c45ff4d8
0x00007f49828f6718:   00007f4980daed70 00007f49828f6920
0x00007f49828f6728:   00007f49bd8935a4 0000000000000196
0x00007f49828f6738:   00007f49baf0dd08 00007f49828f6890
0x00007f49828f6748:   00007f49d37fcfe4 00007f49828f6790
0x00007f49828f6758:   00007f49d318b835 00000004cc007e70
0x00007f49828f6768:   00007f49828f67d0 0000000000000040
0x00007f49828f6778:   00007f49828f67d0 0000000000000040
0x00007f49828f6788:   00007f49bd88f4d0 00007f49828f6830
0x00007f49828f6798:   00007f49d3233dd5 00007f49828f6850
0x00007f49828f67a8:   00007f49bd021d0b 00007f49bd0055d0
0x00007f49828f67b8:   00007f4900000000 00007f49828f6890
0x00007f49828f67c8:   00007f49828f6850 0000000000000000
0x00007f49828f67d8:   0000000000000000 0000000000000000
0x00007f49828f67e8:   0000000000000000 00007f4900000000
0x00007f49828f67f8:   00000000ee3d2aa0 00000000ee318240
0x00007f49828f6808:   0000000000000000 00000000ee3d2aa0
0x00007f49828f6818:   00000000ee318240 00000000c45ff4c0
0x00007f49828f6828:   00000000c44010e0 00000000ee2081e0
0x00007f49828f6838:   00007f49740030a0 00000000ec571df8
0x00007f49828f6848:   00000000c45ff4d8 00000000ee372da8
0x00007f49828f6858:   00000000ee372da8 00007f49828f68d8 

Instructions: (pc=0x00007f49bd069cba)
0x00007f49bd069c9a:   00 00 00 00 00 00 44 8b 15 61 01 7d 16 4c 8b ce
0x00007f49bd069caa:   41 f6 c2 01 0f 85 2e 00 00 00 4d 33 ca 4d 33 ca
0x00007f49bd069cba:   4d 8b 09 4c 8b da 49 c1 eb 02 4b 8b 04 19 49 bb
0x00007f49bd069cca:   08 9e 83 d3 49 7f 00 00 4c 33 d8 4c 33 d8 45 3b 

Register to memory mapping:

RAX=0x00007f49d37fa280: <offset 0xf95280> in /usr/lib/jvm/java-8-oracle/jre/lib/amd64/server/libjvm.so at 0x00007f49d2865000
RBX=0x00007f49cc3099f8 is an unknown value
RCX=0x00007f49d428b320: <offset 0x21a320> in /lib/x86_64-linux-gnu/libpthread.so.0 at 0x00007f49d4071000
RDX=0x0000000000000042 is an unknown value
RSP=0x00007f49828f6668 is pointing into the stack for thread: 0x00007f49cc309800
RBP=0x00007f49828f6690 is pointing into the stack for thread: 0x00007f49cc309800
RSI=0x0000000000000000 is an unknown value
RDI=0x00007f49cc3099f8 is an unknown value
R8 =0x00007f49b820b9b0: <offset 0x5c9b0> in /usr/lib/x86_64-linux-gnu/libX11.so.6 at 0x00007f49b81af000
R9 =0x0000000000000000 is an unknown value
R10=0x0000000000000080 is an unknown value
R11=0x00000000000001f4 is an unknown value
R12=0x0000000000000000 is an unknown value
R13=0x0000000000000000 is an unknown value
R14=0x00007f49b896a820: <offset 0x258820> in /usr/lib/jvm/java-8-oracle/jre/lib/amd64/libawt_xawt.so at 0x00007f49b8712000
R15=0x00007f49cc309800 is a thread


Stack: [0x00007f49827f7000,0x00007f49828f8000],  sp=0x00007f49828f6668,  free space=1021k
Native frames: (J=compiled Java code, j=interpreted, Vv=VM code, C=native code)
v  ~BufferBlob::jni_fast_GetLongField
C  [libX11.so.6+0x64b1d]  _XimServerDestroy+0x3d

Java frames: (J=compiled Java code, j=interpreted, Vv=VM code)
J 1509  sun.awt.X11.XlibWrapper.XFilterEvent(JJ)Z (0 bytes) @ 0x00007f49bd4880c4 [0x00007f49bd488080+0x44]
J 2638% C1 sun.awt.X11.XToolkit.run(Z)V (410 bytes) @ 0x00007f49bd8935a4 [0x00007f49bd88fe80+0x3724]
j  sun.awt.X11.XToolkit.run()V+5
j  java.lang.Thread.run()V+11
v  ~StubRoutines::call_stub

---------------  P R O C E S S  ---------------

Java Threads: ( => current thread )
  0x00007f49680f9000 JavaThread "TimerQueue" daemon [_thread_blocked, id=5079, stack(0x00007f4981a4c000,0x00007f4981b4d000)]
  0x00007f49cc00b800 JavaThread "DestroyJavaVM" [_thread_blocked, id=5057, stack(0x00007f49d439a000,0x00007f49d449a000)]
  0x00007f49cc3a7000 JavaThread "AWT-EventQueue-0" [_thread_blocked, id=5078, stack(0x00007f4981fcd000,0x00007f49820ce000)]
  0x00007f49cc33b800 JavaThread "AWT-Shutdown" [_thread_blocked, id=5077, stack(0x00007f49820ce000,0x00007f49821cf000)]
=>0x00007f49cc309800 JavaThread "AWT-XAWT" daemon [_thread_in_native, id=5076, stack(0x00007f49827f7000,0x00007f49828f8000)]
  0x00007f49cc2e9800 JavaThread "Java2D Disposer" daemon [_thread_blocked, id=5075, stack(0x00007f49b80ae000,0x00007f49b81af000)]
  0x00007f49cc0c2000 JavaThread "Service Thread" daemon [_thread_blocked, id=5072, stack(0x00007f49b8d3e000,0x00007f49b8e3f000)]
  0x00007f49cc0bf000 JavaThread "C1 CompilerThread2" daemon [_thread_blocked, id=5071, stack(0x00007f49b8e40000,0x00007f49b8f40000)]
  0x00007f49cc0bd000 JavaThread "C2 CompilerThread1" daemon [_thread_blocked, id=5070, stack(0x00007f49b8f41000,0x00007f49b9041000)]
  0x00007f49cc0ba000 JavaThread "C2 CompilerThread0" daemon [_thread_blocked, id=5069, stack(0x00007f49b9042000,0x00007f49b9142000)]
  0x00007f49cc0b8800 JavaThread "Signal Dispatcher" daemon [_thread_in_vm, id=5068, stack(0x00007f49b9142000,0x00007f49b9243000)]
  0x00007f49cc086000 JavaThread "Finalizer" daemon [_thread_blocked, id=5067, stack(0x00007f49b9c12000,0x00007f49b9d13000)]
  0x00007f49cc083800 JavaThread "Reference Handler" daemon [_thread_blocked, id=5066, stack(0x00007f49b9d13000,0x00007f49b9e14000)]

Other Threads:
  0x00007f49cc079800 VMThread [stack: 0x00007f49b9e15000,0x00007f49b9f15000] [id=5065]
  0x00007f49cc0c7000 WatcherThread [stack: 0x00007f49b8c3e000,0x00007f49b8d3e000] [id=5073]

VM state:not at safepoint (normal execution)

VM Mutex/Monitor currently owned by a thread: None

Heap:
 PSYoungGen      total 17920K, used 6679K [0x00000000ec180000, 0x00000000ee480000, 0x0000000100000000)
  eden space 15360K, 26% used [0x00000000ec180000,0x00000000ec585f68,0x00000000ed080000)
  from space 2560K, 100% used [0x00000000ee200000,0x00000000ee480000,0x00000000ee480000)
  to   space 2560K, 0% used [0x00000000ed080000,0x00000000ed080000,0x00000000ed300000)
 ParOldGen       total 40960K, used 2851K [0x00000000c4400000, 0x00000000c6c00000, 0x00000000ec180000)
  object space 40960K, 6% used [0x00000000c4400000,0x00000000c46c8f88,0x00000000c6c00000)
 Metaspace       used 19358K, capacity 19582K, committed 19712K, reserved 1067008K
  class space    used 2414K, capacity 2519K, committed 2560K, reserved 1048576K

Card table byte_map: [0x00007f49d0e87000,0x00007f49d1066000] byte_map_base: 0x00007f49d0865000

Marking Bits: (ParMarkBitMap*) 0x00007f49d38390a0
 Begin Bits: [0x00007f49bb220000, 0x00007f49bc110000)
 End Bits:   [0x00007f49bc110000, 0x00007f49bd000000)

Polling page: 0x00007f49d44b4000

CodeCache: size=245760Kb used=8885Kb max_used=8900Kb free=236874Kb
 bounds [0x00007f49bd000000, 0x00007f49bd8c0000, 0x00007f49cc000000]
 total_blobs=3254 nmethods=2632 adapters=533
 compilation: enabled

Compilation events (10 events):
Event: 6761.134 Thread 0x00007f49cc0bd000 2637       4       sun.awt.X11.XMSelection$1::dispatchEvent (10 bytes)
Event: 6761.206 Thread 0x00007f49cc0bd000 nmethod 2637 0x00007f49bd88ed90 code [0x00007f49bd88ef00, 0x00007f49bd88f108]
Event: 12002.800 Thread 0x00007f49cc0bf000 2638 % !   3       sun.awt.X11.XToolkit::run @ 8 (410 bytes)
Event: 12003.902 Thread 0x00007f49cc0bf000 nmethod 2638% 0x00007f49bd88f4d0 code [0x00007f49bd88fe80, 0x00007f49bd8965f8]
Event: 12230.140 Thread 0x00007f49cc0bf000 2639 % !   3       sun.awt.X11.XToolkit::run @ 59 (410 bytes)
Event: 12230.358 Thread 0x00007f49cc0bf000 nmethod 2639% 0x00007f49bd89b110 code [0x00007f49bd89bae0, 0x00007f49bd8a3458]
Event: 12416.216 Thread 0x00007f49cc0bf000 2640   !   3       sun.awt.X11.XToolkit::run (410 bytes)
Event: 12416.350 Thread 0x00007f49cc0bf000 nmethod 2640 0x00007f49bd8a8150 code [0x00007f49bd8a8b00, 0x00007f49bd8aeed8]
Event: 13759.169 Thread 0x00007f49cc0bd000 2641       4       sun.awt.X11.XDropTargetEventProcessor::doProcessEvent (221 bytes)
Event: 13760.072 Thread 0x00007f49cc0bd000 nmethod 2641 0x00007f49bd8b5e50 code [0x00007f49bd8b6140, 0x00007f49bd8b6ef0]

GC Heap History (4 events):
Event: 1.271 GC heap before
{Heap before GC invocations=1 (full 0):
 PSYoungGen      total 17920K, used 15360K [0x00000000ec180000, 0x00000000ed580000, 0x0000000100000000)
  eden space 15360K, 100% used [0x00000000ec180000,0x00000000ed080000,0x00000000ed080000)
  from space 2560K, 0% used [0x00000000ed300000,0x00000000ed300000,0x00000000ed580000)
  to   space 2560K, 0% used [0x00000000ed080000,0x00000000ed080000,0x00000000ed300000)
 ParOldGen       total 40960K, used 0K [0x00000000c4400000, 0x00000000c6c00000, 0x00000000ec180000)
  object space 40960K, 0% used [0x00000000c4400000,0x00000000c4400000,0x00000000c6c00000)
 Metaspace       used 15663K, capacity 15806K, committed 16128K, reserved 1062912K
  class space    used 1968K, capacity 2027K, committed 2048K, reserved 1048576K
Event: 1.285 GC heap after
Heap after GC invocations=1 (full 0):
 PSYoungGen      total 17920K, used 2560K [0x00000000ec180000, 0x00000000ee480000, 0x0000000100000000)
  eden space 15360K, 0% used [0x00000000ec180000,0x00000000ec180000,0x00000000ed080000)
  from space 2560K, 100% used [0x00000000ed080000,0x00000000ed300000,0x00000000ed300000)
  to   space 2560K, 0% used [0x00000000ee200000,0x00000000ee200000,0x00000000ee480000)
 ParOldGen       total 40960K, used 2043K [0x00000000c4400000, 0x00000000c6c00000, 0x00000000ec180000)
  object space 40960K, 4% used [0x00000000c4400000,0x00000000c45fee40,0x00000000c6c00000)
 Metaspace       used 15663K, capacity 15806K, committed 16128K, reserved 1062912K
  class space    used 1968K, capacity 2027K, committed 2048K, reserved 1048576K
}
Event: 33.504 GC heap before
{Heap before GC invocations=2 (full 0):
 PSYoungGen      total 17920K, used 17920K [0x00000000ec180000, 0x00000000ee480000, 0x0000000100000000)
  eden space 15360K, 100% used [0x00000000ec180000,0x00000000ed080000,0x00000000ed080000)
  from space 2560K, 100% used [0x00000000ed080000,0x00000000ed300000,0x00000000ed300000)
  to   space 2560K, 0% used [0x00000000ee200000,0x00000000ee200000,0x00000000ee480000)
 ParOldGen       total 40960K, used 2043K [0x00000000c4400000, 0x00000000c6c00000, 0x00000000ec180000)
  object space 40960K, 4% used [0x00000000c4400000,0x00000000c45fee40,0x00000000c6c00000)
 Metaspace       used 19310K, capacity 19518K, committed 19712K, reserved 1067008K
  class space    used 2414K, capacity 2519K, committed 2560K, reserved 1048576K
Event: 33.518 GC heap after
Heap after GC invocations=2 (full 0):
 PSYoungGen      total 17920K, used 2560K [0x00000000ec180000, 0x00000000ee480000, 0x0000000100000000)
  eden space 15360K, 0% used [0x00000000ec180000,0x00000000ec180000,0x00000000ed080000)
  from space 2560K, 100% used [0x00000000ee200000,0x00000000ee480000,0x00000000ee480000)
  to   space 2560K, 0% used [0x00000000ed080000,0x00000000ed080000,0x00000000ed300000)
 ParOldGen       total 40960K, used 2851K [0x00000000c4400000, 0x00000000c6c00000, 0x00000000ec180000)
  object space 40960K, 6% used [0x00000000c4400000,0x00000000c46c8f88,0x00000000c6c00000)
 Metaspace       used 19310K, capacity 19518K, committed 19712K, reserved 1067008K
  class space    used 2414K, capacity 2519K, committed 2560K, reserved 1048576K
}

Deoptimization events (10 events):
Event: 19.074 Thread 0x00007f49cc3a7000 Uncommon trap: reason=unstable_if action=reinterpret pc=0x00007f49bd6b3268 method=java.awt.Toolkit$SelectiveAWTEventListener.eventDispatched(Ljava/awt/AWTEvent;)V @ 240
Event: 19.099 Thread 0x00007f49cc3a7000 Uncommon trap: reason=class_check action=maybe_recompile pc=0x00007f49bd7302a4 method=java.awt.EventQueue.coalesceEvent(Ljava/awt/AWTEvent;I)Z @ 77
Event: 19.129 Thread 0x00007f49cc3a7000 Uncommon trap: reason=class_check action=maybe_recompile pc=0x00007f49bd7302a4 method=java.awt.EventQueue.coalesceEvent(Ljava/awt/AWTEvent;I)Z @ 77
Event: 24.194 Thread 0x00007f49cc309800 Uncommon trap: reason=unstable_if action=reinterpret pc=0x00007f49bd79a300 method=sun.awt.X11.XWindow.handleMotionNotify(Lsun/awt/X11/XEvent;)V @ 70
Event: 24.261 Thread 0x00007f49cc309800 Uncommon trap: reason=class_check action=maybe_recompile pc=0x00007f49bd77318c method=sun.awt.X11.XAwtState.getGrabWindow()Lsun/awt/X11/XBaseWindow; @ 22
Event: 24.261 Thread 0x00007f49cc309800 Uncommon trap: reason=class_check action=maybe_recompile pc=0x00007f49bd77318c method=sun.awt.X11.XAwtState.getGrabWindow()Lsun/awt/X11/XBaseWindow; @ 22
Event: 24.267 Thread 0x00007f49cc309800 Uncommon trap: reason=class_check action=maybe_recompile pc=0x00007f49bd77318c method=sun.awt.X11.XAwtState.getGrabWindow()Lsun/awt/X11/XBaseWindow; @ 22
Event: 24.267 Thread 0x00007f49cc309800 Uncommon trap: reason=class_check action=maybe_recompile pc=0x00007f49bd77318c method=sun.awt.X11.XAwtState.getGrabWindow()Lsun/awt/X11/XBaseWindow; @ 22
Event: 33.519 Thread 0x00007f49cc2e9800 Uncommon trap: reason=unstable_if action=reinterpret pc=0x00007f49bd7a76f0 method=java.util.concurrent.locks.AbstractQueuedSynchronizer.acquireQueued(Ljava/util/concurrent/locks/AbstractQueuedSynchronizer$Node;I)Z @ 17
Event: 3527.028 Thread 0x00007f49cc309800 Uncommon trap: reason=bimorphic action=maybe_recompile pc=0x00007f49bd8682f0 method=sun.awt.X11.XToolkit.dispatchEvent(Lsun/awt/X11/XEvent;)V @ 167

Classes redefined (0 events):
No events

Internal exceptions (10 events):
Event: 0.638 Thread 0x00007f49cc00b800 Exception <a 'java/lang/ClassNotFoundException': TreeCell> (0x00000000ec61d560) thrown at [/HUDSON/workspace/8-2-build-linux-amd64/jdk8u181/11358/hotspot/src/share/vm/classfile/systemDictionary.cpp, line 210]
Event: 0.639 Thread 0x00007f49cc00b800 Exception <a 'java/lang/ClassNotFoundException': RootPane> (0x00000000ec61dfc0) thrown at [/HUDSON/workspace/8-2-build-linux-amd64/jdk8u181/11358/hotspot/src/share/vm/classfile/systemDictionary.cpp, line 210]
Event: 0.675 Thread 0x00007f49cc3a7000 Implicit null exception at 0x00007f49bd1d3e36 to 0x00007f49bd1d41f1
Event: 1.697 Thread 0x00007f49cc3a7000 Exception <a 'java/lang/UnsupportedOperationException': > (0x00000000ec5fbaa0) thrown at [/HUDSON/workspace/8-2-build-linux-amd64/jdk8u181/11358/hotspot/src/share/vm/prims/jni.cpp, line 735]
Event: 4.033 Thread 0x00007f49cc3a7000 Exception <a 'java/lang/UnsupportedOperationException': > (0x00000000ec769f70) thrown at [/HUDSON/workspace/8-2-build-linux-amd64/jdk8u181/11358/hotspot/src/share/vm/prims/jni.cpp, line 735]
Event: 9.622 Thread 0x00007f49cc3a7000 Exception <a 'java/lang/UnsupportedOperationException': > (0x00000000ec967c08) thrown at [/HUDSON/workspace/8-2-build-linux-amd64/jdk8u181/11358/hotspot/src/share/vm/prims/jni.cpp, line 735]
Event: 11.976 Thread 0x00007f49cc3a7000 Exception <a 'java/lang/UnsupportedOperationException': > (0x00000000eca36288) thrown at [/HUDSON/workspace/8-2-build-linux-amd64/jdk8u181/11358/hotspot/src/share/vm/prims/jni.cpp, line 735]
Event: 14.672 Thread 0x00007f49cc3a7000 Exception <a 'java/lang/UnsupportedOperationException': > (0x00000000ecad4a28) thrown at [/HUDSON/workspace/8-2-build-linux-amd64/jdk8u181/11358/hotspot/src/share/vm/prims/jni.cpp, line 735]
Event: 17.177 Thread 0x00007f49cc3a7000 Implicit null exception at 0x00007f49bd71acb2 to 0x00007f49bd71e489
Event: 17.400 Thread 0x00007f49cc3a7000 Exception <a 'java/lang/UnsupportedOperationException': > (0x00000000ecbebf40) thrown at [/HUDSON/workspace/8-2-build-linux-amd64/jdk8u181/11358/hotspot/src/share/vm/prims/jni.cpp, line 735]

Events (10 events):
Event: 32.572 Executing VM operation: RevokeBias
Event: 32.573 Executing VM operation: RevokeBias done
Event: 33.504 Executing VM operation: ParallelGCFailedAllocation
Event: 33.518 Executing VM operation: ParallelGCFailedAllocation done
Event: 33.519 Thread 0x00007f49cc2e9800 Uncommon trap: trap_request=0xffffff65 fr.pc=0x00007f49bd7a76f0
Event: 33.519 Thread 0x00007f49cc2e9800 DEOPT PACKING pc=0x00007f49bd7a76f0 sp=0x00007f49b81ad170
Event: 33.519 Thread 0x00007f49cc2e9800 DEOPT UNPACKING pc=0x00007f49bd04573a sp=0x00007f49b81ad110 mode 2
Event: 3527.027 Thread 0x00007f49cc309800 Uncommon trap: trap_request=0xffffffc6 fr.pc=0x00007f49bd8682f0
Event: 3527.028 Thread 0x00007f49cc309800 DEOPT PACKING pc=0x00007f49bd8682f0 sp=0x00007f49828f6780
Event: 3527.028 Thread 0x00007f49cc309800 DEOPT UNPACKING pc=0x00007f49bd04573a sp=0x00007f49828f6798 mode 2


Dynamic libraries:
00400000-00401000 r-xp 00000000 08:02 4461525                            /usr/lib/jvm/java-8-oracle/bin/java
00600000-00601000 rw-p 00000000 08:02 4461525                            /usr/lib/jvm/java-8-oracle/bin/java
011de000-011ff000 rw-p 00000000 00:00 0                                  [heap]
c4400000-c6c00000 rw-p 00000000 00:00 0 
c6c00000-ec180000 ---p 00000000 00:00 0 
ec180000-ee480000 rw-p 00000000 00:00 0 
ee480000-100000000 ---p 00000000 00:00 0 
100000000-100280000 rw-p 00000000 00:00 0 
100280000-140000000 ---p 00000000 00:00 0 
7f4960000000-7f4960021000 rw-p 00000000 00:00 0 
7f4960021000-7f4964000000 ---p 00000000 00:00 0 
7f4964000000-7f4964021000 rw-p 00000000 00:00 0 
7f4964021000-7f4968000000 ---p 00000000 00:00 0 
7f4968000000-7f49684ab000 rw-p 00000000 00:00 0 
7f49684ab000-7f496c000000 ---p 00000000 00:00 0 
7f496c000000-7f496c021000 rw-p 00000000 00:00 0 
7f496c021000-7f4970000000 ---p 00000000 00:00 0 
7f4970000000-7f4970021000 rw-p 00000000 00:00 0 
7f4970021000-7f4974000000 ---p 00000000 00:00 0 
7f4974000000-7f49742a7000 rw-p 00000000 00:00 0 
7f49742a7000-7f4978000000 ---p 00000000 00:00 0 
7f4978fff000-7f497c000000 rw-p 00000000 00:00 0 
7f497c000000-7f497c021000 rw-p 00000000 00:00 0 
7f497c021000-7f4980000000 ---p 00000000 00:00 0 
7f4980b47000-7f4980b52000 r--s 00000000 08:02 1966218                    /var/cache/fontconfig/945677eb7aeaf62f1d50efc3fb3ec7d8-le64.cache-7
7f4980b52000-7f4980b57000 r--s 00000000 08:02 1966189                    /var/cache/fontconfig/2300eef321c393bfd76478a5c0e95b23-le64.cache-7
7f4980b57000-7f4980b58000 r--s 00000000 08:02 1966182                    /var/cache/fontconfig/0d8c3b2ac0904cb8a57a757ad11a4a08-le64.cache-7
7f4980b58000-7f4980b5c000 r--s 00000000 08:02 1978089                    /var/cache/fontconfig/de156ccd2eddbdc19d37a45b8b2aac9c-le64.cache-7
7f4980b5c000-7f4980b71000 r--s 00000000 08:02 1966178                    /var/cache/fontconfig/04aabc0a78ac019cf9454389977116d2-le64.cache-7
7f4980b71000-7f4980b72000 r--s 00000000 08:02 1966186                    /var/cache/fontconfig/1ac9eb803944fde146138c791f5cc56a-le64.cache-7
7f4980b72000-7f4980b73000 r--s 00000000 08:02 1966237                    /var/cache/fontconfig/dc05db6664285cc2f12bf69c139ae4c3-le64.cache-7
7f4980b73000-7f4980b75000 r--s 00000000 08:02 1966183                    /var/cache/fontconfig/14a5e22175779b556eaa434240950366-le64.cache-7
7f4980b75000-7f4980b76000 r--s 00000000 08:02 1966210                    /var/cache/fontconfig/660208299946a285a940457d1287da33-le64.cache-7
7f4980b76000-7f4980b78000 r--s 00000000 08:02 1966201                    /var/cache/fontconfig/4f3e3037c9980c83b53a9351efadef62-le64.cache-7
7f4980b78000-7f4980b7a000 r--s 00000000 08:02 1966215                    /var/cache/fontconfig/767a8244fc0220cfb567a839d0392e0b-le64.cache-7
7f4980b7a000-7f4980b7b000 r--s 00000000 08:02 1966196                    /var/cache/fontconfig/4794a0821666d79190d59a36cb4f44b5-le64.cache-7
7f4980b7b000-7f4980b7d000 r--s 00000000 08:02 1966180                    /var/cache/fontconfig/0bd3dc0958fa2205aaaa8ebb13e2872b-le64.cache-7
7f4980b7d000-7f4980b82000 r--s 00000000 08:02 1966238                    /var/cache/fontconfig/def309198bfa603429122923fa2bb2d4-le64.cache-7
7f4980b82000-7f4980b83000 r--s 00000000 08:02 1966226                    /var/cache/fontconfig/b872e6e592da6075ffa4ab0a1fcc0c75-le64.cache-7
7f4980b83000-7f4980b84000 r--s 00000000 08:02 1966243                    /var/cache/fontconfig/f6d4eedfaab2589bde49f7a3ff831d22-le64.cache-7
7f4980b84000-7f4980b85000 r--s 00000000 08:02 1966208                    /var/cache/fontconfig/589f83ef4c36d296ce6e1c846f468f08-le64.cache-7
7f4980b85000-7f4980b86000 r--s 00000000 08:02 1966228                    /var/cache/fontconfig/bab58bb527bb656aaa9f116d68a48d89-le64.cache-7
7f4980b86000-7f4980b87000 r--s 00000000 08:02 1966187                    /var/cache/fontconfig/2171a34dccabdb6bcbbc728186263178-le64.cache-7
7f4980b87000-7f4980b88000 r--s 00000000 08:02 1966229                    /var/cache/fontconfig/c5c45a61289222e0d30b1a26ef4effbe-le64.cache-7
7f4980b88000-7f4980b89000 r--s 00000000 08:02 1966224                    /var/cache/fontconfig/aec30016f93e1b46d1a973dce0d74068-le64.cache-7
7f4980b89000-7f4980b8a000 r--s 00000000 08:02 1966194                    /var/cache/fontconfig/3f589640d34b7dc9042c8d453f7c8b9c-le64.cache-7
7f4980b8a000-7f4980b8b000 r--s 00000000 08:02 1966184                    /var/cache/fontconfig/16c2fda60d1b4b719f4b3d06fd951d25-le64.cache-7
7f4980b8b000-7f4980b8c000 r--s 00000000 08:02 1966223                    /var/cache/fontconfig/a48eab177a16e4f3713381162db2f3e9-le64.cache-7
7f4980b8c000-7f4980b8d000 r--s 00000000 08:02 1966204                    /var/cache/fontconfig/564b2e68ac9bc4e36a6f7f6d6125ec1c-le64.cache-7
7f4980b8d000-7f4980b92000 r--s 00000000 08:02 1966221                    /var/cache/fontconfig/9d2451b1fd30e5bffe8383fd27c35478-le64.cache-7
7f4980b92000-7f4980b98000 r--s 00000000 08:02 1968620                    /var/cache/fontconfig/3047814df9a2f067bd2d96a2b9c36e5a-le64.cache-7
7f4980b98000-7f4980b99000 r--s 00000000 08:02 1966205                    /var/cache/fontconfig/56cf4f4769d0f4abc89a4895d7bd3ae1-le64.cache-7
7f4980b99000-7f4980b9a000 r--s 00000000 08:02 1966227                    /var/cache/fontconfig/b9d506c9ac06c20b433354fa67a72993-le64.cache-7
7f4980b9a000-7f4980ba0000 r--s 00000000 08:02 1966225                    /var/cache/fontconfig/b47c4e1ecd0709278f4910c18777a504-le64.cache-7
7f4980ba0000-7f4980bb3000 r--s 00000000 08:02 1966234                    /var/cache/fontconfig/d52a8644073d54c13679302ca1180695-le64.cache-7
7f4980bb3000-7f4980bb4000 r--s 00000000 08:02 1966192                    /var/cache/fontconfig/370e5b74bf5dafc30834de68e24a87a4-le64.cache-7
7f4980bb4000-7f4980bb5000 r--s 00000000 08:02 1967993                    /var/cache/fontconfig/6b2c5944714ca7831b25bed9e85cb5c8-le64.cache-7
7f4980bb5000-7f4980bb8000 r--s 00000000 08:02 1967932                    /var/cache/fontconfig/f259c2cffa685e28062317905db73c4a-le64.cache-7
7f4980cf5000-7f4980db5000 rw-p 00000000 00:00 0 
7f4980db5000-7f4980ef5000 ---p 00000000 00:00 0 
7f4980ef5000-7f4980f1f000 r-xp 00000000 08:02 4983101                    /usr/lib/jvm/java-8-oracle/jre/lib/amd64/libdcpr.so
7f4980f1f000-7f498111f000 ---p 0002a000 08:02 4983101                    /usr/lib/jvm/java-8-oracle/jre/lib/amd64/libdcpr.so
7f498111f000-7f4981122000 rw-p 0002a000 08:02 4983101                    /usr/lib/jvm/java-8-oracle/jre/lib/amd64/libdcpr.so
7f4981122000-7f4981125000 ---p 00000000 00:00 0 
7f4981125000-7f4981423000 rw-p 00000000 00:00 0 
7f4981423000-7f4981434000 r--s 00000000 08:02 5244602                    /usr/share/fonts/type1/gsfonts/n019023l.pfb
7f498143e000-7f4981457000 r--s 00000000 08:02 5244623                    /usr/share/fonts/type1/gsfonts/n021004l.pfb
7f498149e000-7f49814b4000 r--s 00000000 08:02 5244638                    /usr/share/fonts/type1/gsfonts/n022023l.pfb
7f498152b000-7f498153d000 r--s 00000000 08:02 5244599                    /usr/share/fonts/type1/gsfonts/n019004l.pfb
7f4981547000-7f498155d000 r--s 00000000 08:02 5244641                    /usr/share/fonts/type1/gsfonts/n022024l.pfb
7f498155d000-7f4981574000 r--s 00000000 08:02 5244626                    /usr/share/fonts/type1/gsfonts/n021023l.pfb
7f49815b5000-7f49815c8000 r--s 00000000 08:02 5244617                    /usr/share/fonts/type1/gsfonts/n019064l.pfb
7f4981628000-7f498163a000 r--s 00000000 08:02 5244608                    /usr/share/fonts/type1/gsfonts/n019043l.pfb
7f498167b000-7f4981694000 r--s 00000000 08:02 5244635                    /usr/share/fonts/type1/gsfonts/n022004l.pfb
7f4981732000-7f4981733000 r--s 00000000 08:02 1966233                    /var/cache/fontconfig/d5178ab6d91b49bf20a416737dcea9e8-le64.cache-7
7f4981733000-7f4981734000 r--s 00000000 08:02 1971435                    /var/cache/fontconfig/551ecf3b0e8b0bca0f25c0944f561853-le64.cache-7
7f4981734000-7f4981736000 r--s 00000000 08:02 1967925                    /var/cache/fontconfig/550f3886151c940c12a5ed35f6a00586-le64.cache-7
7f4981736000-7f4981739000 r--s 00000000 08:02 1967912                    /var/cache/fontconfig/674d1711f2d1d2a09646eb0bdcadee49-le64.cache-7
7f4981739000-7f498173d000 r--s 00000000 08:02 1966235                    /var/cache/fontconfig/d589a48862398ed80a3d6066f4f56f4c-le64.cache-7
7f498173d000-7f498174b000 r--s 00000000 08:02 1966220                    /var/cache/fontconfig/9b89f8e3dae116d678bbf48e5f21f69b-le64.cache-7
7f498174b000-7f498174e000 ---p 00000000 00:00 0 
7f498174e000-7f4981a4c000 rw-p 00000000 00:00 0 
7f4981a4c000-7f4981a4f000 ---p 00000000 00:00 0 
7f4981a4f000-7f4981b4d000 rw-p 00000000 00:00 0 
7f4981b4d000-7f4981bb7000 r-xp 00000000 08:02 4983115                    /usr/lib/jvm/java-8-oracle/jre/lib/amd64/libt2k.so
7f4981bb7000-7f4981db6000 ---p 0006a000 08:02 4983115                    /usr/lib/jvm/java-8-oracle/jre/lib/amd64/libt2k.so
7f4981db6000-7f4981dbd000 rw-p 00069000 08:02 4983115                    /usr/lib/jvm/java-8-oracle/jre/lib/amd64/libt2k.so
7f4981dbd000-7f4981fcd000 rw-p 00000000 00:00 0 
7f4981fcd000-7f4981fd0000 ---p 00000000 00:00 0 
7f4981fd0000-7f49820ce000 rw-p 00000000 00:00 0 
7f49820ce000-7f49820d1000 ---p 00000000 00:00 0 
7f49820d1000-7f49823cf000 rw-p 00000000 00:00 0 
7f49823cf000-7f49823e0000 r-xp 00000000 08:02 4983150                    /usr/lib/jvm/java-8-oracle/jre/lib/amd64/libnio.so
7f49823e0000-7f49825df000 ---p 00011000 08:02 4983150                    /usr/lib/jvm/java-8-oracle/jre/lib/amd64/libnio.so
7f49825df000-7f49825e0000 rw-p 00010000 08:02 4983150                    /usr/lib/jvm/java-8-oracle/jre/lib/amd64/libnio.so
7f49825e0000-7f49825f6000 r-xp 00000000 08:02 4983147                    /usr/lib/jvm/java-8-oracle/jre/lib/amd64/libnet.so
7f49825f6000-7f49827f6000 ---p 00016000 08:02 4983147                    /usr/lib/jvm/java-8-oracle/jre/lib/amd64/libnet.so
7f49827f6000-7f49827f7000 rw-p 00016000 08:02 4983147                    /usr/lib/jvm/java-8-oracle/jre/lib/amd64/libnet.so
7f49827f7000-7f49827fa000 ---p 00000000 00:00 0 
7f49827fa000-7f49828f8000 rw-p 00000000 00:00 0 
7f49828f8000-7f49828fd000 r-xp 00000000 08:02 4333556                    /usr/lib/x86_64-linux-gnu/libXfixes.so.3.1.0
7f49828fd000-7f4982afc000 ---p 00005000 08:02 4333556                    /usr/lib/x86_64-linux-gnu/libXfixes.so.3.1.0
7f4982afc000-7f4982afd000 r--p 00004000 08:02 4333556                    /usr/lib/x86_64-linux-gnu/libXfixes.so.3.1.0
7f4982afd000-7f4982afe000 rw-p 00005000 08:02 4333556                    /usr/lib/x86_64-linux-gnu/libXfixes.so.3.1.0
7f4982afe000-7f4982b07000 r-xp 00000000 08:02 4333548                    /usr/lib/x86_64-linux-gnu/libXcursor.so.1.0.2
7f4982b07000-7f4982d06000 ---p 00009000 08:02 4333548                    /usr/lib/x86_64-linux-gnu/libXcursor.so.1.0.2
7f4982d06000-7f4982d07000 r--p 00008000 08:02 4333548                    /usr/lib/x86_64-linux-gnu/libXcursor.so.1.0.2
7f4982d07000-7f4982d08000 rw-p 00009000 08:02 4333548                    /usr/lib/x86_64-linux-gnu/libXcursor.so.1.0.2
7f4982d08000-7f4982d1f000 r-xp 00000000 08:02 2101973                    /lib/x86_64-linux-gnu/libgcc_s.so.1
7f4982d1f000-7f4982f1e000 ---p 00017000 08:02 2101973                    /lib/x86_64-linux-gnu/libgcc_s.so.1
7f4982f1e000-7f4982f1f000 r--p 00016000 08:02 2101973                    /lib/x86_64-linux-gnu/libgcc_s.so.1
7f4982f1f000-7f4982f20000 rw-p 00017000 08:02 2101973                    /lib/x86_64-linux-gnu/libgcc_s.so.1
7f4982f20000-7f4982f85000 r-xp 00000000 08:02 4983127                    /usr/lib/jvm/java-8-oracle/jre/lib/amd64/libfontmanager.so
7f4982f85000-7f4983184000 ---p 00065000 08:02 4983127                    /usr/lib/jvm/java-8-oracle/jre/lib/amd64/libfontmanager.so
7f4983184000-7f4983189000 rw-p 00064000 08:02 4983127                    /usr/lib/jvm/java-8-oracle/jre/lib/amd64/libfontmanager.so
7f4983189000-7f4983199000 rw-p 00000000 00:00 0 
7f4983199000-7f49831ac000 r-xp 00000000 08:02 2101932                    /lib/x86_64-linux-gnu/libbsd.so.0.8.7
7f49831ac000-7f49833ab000 ---p 00013000 08:02 2101932                    /lib/x86_64-linux-gnu/libbsd.so.0.8.7
7f49833ab000-7f49833ac000 r--p 00012000 08:02 2101932                    /lib/x86_64-linux-gnu/libbsd.so.0.8.7
7f49833ac000-7f49833ad000 rw-p 00013000 08:02 2101932                    /lib/x86_64-linux-gnu/libbsd.so.0.8.7
7f49833ad000-7f49833ae000 rw-p 00000000 00:00 0 
7f49833ae000-7f49833b3000 r-xp 00000000 08:02 4333552                    /usr/lib/x86_64-linux-gnu/libXdmcp.so.6.0.0
7f49833b3000-7f49835b2000 ---p 00005000 08:02 4333552                    /usr/lib/x86_64-linux-gnu/libXdmcp.so.6.0.0
7f49835b2000-7f49835b3000 r--p 00004000 08:02 4333552                    /usr/lib/x86_64-linux-gnu/libXdmcp.so.6.0.0
7f49835b3000-7f49835b4000 rw-p 00005000 08:02 4333552                    /usr/lib/x86_64-linux-gnu/libXdmcp.so.6.0.0
7f49835b4000-7f49835b6000 r-xp 00000000 08:02 4333541                    /usr/lib/x86_64-linux-gnu/libXau.so.6.0.0
7f49835b6000-7f49837b6000 ---p 00002000 08:02 4333541                    /usr/lib/x86_64-linux-gnu/libXau.so.6.0.0
7f49837b6000-7f49837b7000 r--p 00002000 08:02 4333541                    /usr/lib/x86_64-linux-gnu/libXau.so.6.0.0
7f49837b7000-7f49837b8000 rw-p 00003000 08:02 4333541                    /usr/lib/x86_64-linux-gnu/libXau.so.6.0.0
7f49837b8000-7f49837de000 r-xp 00000000 08:02 4334745                    /usr/lib/x86_64-linux-gnu/libxcb.so.1.1.0
7f49837de000-7f49839de000 ---p 00026000 08:02 4334745                    /usr/lib/x86_64-linux-gnu/libxcb.so.1.1.0
7f49839de000-7f49839df000 r--p 00026000 08:02 4334745                    /usr/lib/x86_64-linux-gnu/libxcb.so.1.1.0
7f49839df000-7f49839e0000 rw-p 00027000 08:02 4334745                    /usr/lib/x86_64-linux-gnu/libxcb.so.1.1.0
7f49839e0000-7f49839ef000 r-xp 00000000 08:02 4333562                    /usr/lib/x86_64-linux-gnu/libXi.so.6.1.0
7f49839ef000-7f4983bee000 ---p 0000f000 08:02 4333562                    /usr/lib/x86_64-linux-gnu/libXi.so.6.1.0
7f4983bee000-7f4983bef000 r--p 0000e000 08:02 4333562                    /usr/lib/x86_64-linux-gnu/libXi.so.6.1.0
7f4983bef000-7f4983bf0000 rw-p 0000f000 08:02 4333562                    /usr/lib/x86_64-linux-gnu/libXi.so.6.1.0
7f4983bf0000-7f4983bf5000 r-xp 00000000 08:02 4333580                    /usr/lib/x86_64-linux-gnu/libXtst.so.6.1.0
7f4983bf5000-7f4983df4000 ---p 00005000 08:02 4333580                    /usr/lib/x86_64-linux-gnu/libXtst.so.6.1.0
7f4983df4000-7f4983df5000 r--p 00004000 08:02 4333580                    /usr/lib/x86_64-linux-gnu/libXtst.so.6.1.0
7f4983df5000-7f4983df6000 rw-p 00005000 08:02 4333580                    /usr/lib/x86_64-linux-gnu/libXtst.so.6.1.0
7f4983df6000-7f4983dff000 r-xp 00000000 08:02 4333574                    /usr/lib/x86_64-linux-gnu/libXrender.so.1.3.0
7f4983dff000-7f4983ffe000 ---p 00009000 08:02 4333574                    /usr/lib/x86_64-linux-gnu/libXrender.so.1.3.0
7f4983ffe000-7f4983fff000 r--p 00008000 08:02 4333574                    /usr/lib/x86_64-linux-gnu/libXrender.so.1.3.0
7f4983fff000-7f4984000000 rw-p 00009000 08:02 4333574                    /usr/lib/x86_64-linux-gnu/libXrender.so.1.3.0
7f4984000000-7f4984021000 rw-p 00000000 00:00 0 
7f4984021000-7f4988000000 ---p 00000000 00:00 0 
7f4988000000-7f4988021000 rw-p 00000000 00:00 0 
7f4988021000-7f498c000000 ---p 00000000 00:00 0 
7f498c000000-7f498cdf1000 rw-p 00000000 00:00 0 
7f498cdf1000-7f4990000000 ---p 00000000 00:00 0 
7f4990000000-7f4990659000 rw-p 00000000 00:00 0 
7f4990659000-7f4994000000 ---p 00000000 00:00 0 
7f4994000000-7f4994021000 rw-p 00000000 00:00 0 
7f4994021000-7f4998000000 ---p 00000000 00:00 0 
7f4998000000-7f49996a5000 rw-p 00000000 00:00 0 
7f49996a5000-7f499c000000 ---p 00000000 00:00 0 
7f499c000000-7f499c021000 rw-p 00000000 00:00 0 
7f499c021000-7f49a0000000 ---p 00000000 00:00 0 
7f49a0000000-7f49a0021000 rw-p 00000000 00:00 0 
7f49a0021000-7f49a4000000 ---p 00000000 00:00 0 
7f49a4000000-7f49a4021000 rw-p 00000000 00:00 0 
7f49a4021000-7f49a8000000 ---p 00000000 00:00 0 
7f49a8000000-7f49a8029000 rw-p 00000000 00:00 0 
7f49a8029000-7f49ac000000 ---p 00000000 00:00 0 
7f49ac000000-7f49ac021000 rw-p 00000000 00:00 0 
7f49ac021000-7f49b0000000 ---p 00000000 00:00 0 
7f49b0000000-7f49b0021000 rw-p 00000000 00:00 0 
7f49b0021000-7f49b4000000 ---p 00000000 00:00 0 
7f49b4000000-7f49b4021000 rw-p 00000000 00:00 0 
7f49b4021000-7f49b8000000 ---p 00000000 00:00 0 
7f49b8000000-7f49b8001000 r--s 00000000 08:02 1966195                    /var/cache/fontconfig/3f7329c5293ffd510edef78f73874cfd-le64.cache-7
7f49b8001000-7f49b8002000 r--s 00000000 08:02 1966181                    /var/cache/fontconfig/0c9eb80ebd1c36541ebe2852d3bb0c49-le64.cache-7
7f49b8002000-7f49b8003000 r--s 00000000 08:02 1966188                    /var/cache/fontconfig/22368d551a680bfe5a62c02760edf4ea-le64.cache-7
7f49b8003000-7f49b8004000 r--s 00000000 08:02 1966200                    /var/cache/fontconfig/4d9c95eba1cb85bbcf2878543262124a-le64.cache-7
7f49b8004000-7f49b8005000 r--s 00000000 08:02 1966217                    /var/cache/fontconfig/85e0a52ce643a7ba2ae53e5d6949cead-le64.cache-7
7f49b8005000-7f49b8006000 r--s 00000000 08:02 1966197                    /var/cache/fontconfig/49f0de54bdd920fe4f0dfd4cbac43e6b-le64.cache-7
7f49b8006000-7f49b8007000 r--s 00000000 08:02 1966244                    /var/cache/fontconfig/f6e6e0a5c3d2f6ae0c0c2e0ecd42a997-le64.cache-7
7f49b8007000-7f49b8008000 r--s 00000000 08:02 1966198                    /var/cache/fontconfig/4b2eda6bb976bda485cb2176619421d5-le64.cache-7
7f49b8008000-7f49b800a000 r--s 00000000 08:02 1966212                    /var/cache/fontconfig/6afa1bb216ce958c1589e297e8008489-le64.cache-7
7f49b800a000-7f49b8018000 r--s 00000000 08:02 1970933                    /var/cache/fontconfig/e13b20fdb08344e0e664864cc2ede53d-le64.cache-7
7f49b8030000-7f49b8035000 r--s 0009d000 08:02 4588152                    /usr/lib/jvm/java-8-oracle/jre/lib/jsse.jar
7f49b8035000-7f49b8040000 r--s 00000000 08:02 1966218                    /var/cache/fontconfig/945677eb7aeaf62f1d50efc3fb3ec7d8-le64.cache-7
7f49b8040000-7f49b8045000 r--s 00000000 08:02 1966189                    /var/cache/fontconfig/2300eef321c393bfd76478a5c0e95b23-le64.cache-7
7f49b8045000-7f49b8046000 r--s 00000000 08:02 1966182                    /var/cache/fontconfig/0d8c3b2ac0904cb8a57a757ad11a4a08-le64.cache-7
7f49b8046000-7f49b804a000 r--s 00000000 08:02 1978089                    /var/cache/fontconfig/de156ccd2eddbdc19d37a45b8b2aac9c-le64.cache-7
7f49b804a000-7f49b805f000 r--s 00000000 08:02 1966178                    /var/cache/fontconfig/04aabc0a78ac019cf9454389977116d2-le64.cache-7
7f49b805f000-7f49b8060000 r--s 00000000 08:02 1966186                    /var/cache/fontconfig/1ac9eb803944fde146138c791f5cc56a-le64.cache-7
7f49b8060000-7f49b8061000 r--s 00000000 08:02 1966237                    /var/cache/fontconfig/dc05db6664285cc2f12bf69c139ae4c3-le64.cache-7
7f49b8061000-7f49b8063000 r--s 00000000 08:02 1966183                    /var/cache/fontconfig/14a5e22175779b556eaa434240950366-le64.cache-7
7f49b8063000-7f49b8064000 r--s 00000000 08:02 1966210                    /var/cache/fontconfig/660208299946a285a940457d1287da33-le64.cache-7
7f49b8064000-7f49b8066000 r--s 00000000 08:02 1966201                    /var/cache/fontconfig/4f3e3037c9980c83b53a9351efadef62-le64.cache-7
7f49b8066000-7f49b8068000 r--s 00000000 08:02 1966215                    /var/cache/fontconfig/767a8244fc0220cfb567a839d0392e0b-le64.cache-7
7f49b8068000-7f49b8069000 r--s 00000000 08:02 1966196                    /var/cache/fontconfig/4794a0821666d79190d59a36cb4f44b5-le64.cache-7
7f49b8069000-7f49b806b000 r--s 00000000 08:02 1966180                    /var/cache/fontconfig/0bd3dc0958fa2205aaaa8ebb13e2872b-le64.cache-7
7f49b806b000-7f49b8070000 r--s 00000000 08:02 1966238                    /var/cache/fontconfig/def309198bfa603429122923fa2bb2d4-le64.cache-7
7f49b8070000-7f49b8071000 r--s 00000000 08:02 1966226                    /var/cache/fontconfig/b872e6e592da6075ffa4ab0a1fcc0c75-le64.cache-7
7f49b8071000-7f49b8072000 r--s 00000000 08:02 1966243                    /var/cache/fontconfig/f6d4eedfaab2589bde49f7a3ff831d22-le64.cache-7
7f49b8072000-7f49b8073000 r--s 00000000 08:02 1966208                    /var/cache/fontconfig/589f83ef4c36d296ce6e1c846f468f08-le64.cache-7
7f49b8073000-7f49b8074000 r--s 00000000 08:02 1966228                    /var/cache/fontconfig/bab58bb527bb656aaa9f116d68a48d89-le64.cache-7
7f49b8074000-7f49b8075000 r--s 00000000 08:02 1966187                    /var/cache/fontconfig/2171a34dccabdb6bcbbc728186263178-le64.cache-7
7f49b8075000-7f49b8076000 r--s 00000000 08:02 1966229                    /var/cache/fontconfig/c5c45a61289222e0d30b1a26ef4effbe-le64.cache-7
7f49b8076000-7f49b8077000 r--s 00000000 08:02 1966224                    /var/cache/fontconfig/aec30016f93e1b46d1a973dce0d74068-le64.cache-7
7f49b8077000-7f49b8078000 r--s 00000000 08:02 1966194                    /var/cache/fontconfig/3f589640d34b7dc9042c8d453f7c8b9c-le64.cache-7
7f49b8078000-7f49b8079000 r--s 00000000 08:02 1966184                    /var/cache/fontconfig/16c2fda60d1b4b719f4b3d06fd951d25-le64.cache-7
7f49b8079000-7f49b807a000 r--s 00000000 08:02 1966223                    /var/cache/fontconfig/a48eab177a16e4f3713381162db2f3e9-le64.cache-7
7f49b807a000-7f49b807b000 r--s 00000000 08:02 1966204                    /var/cache/fontconfig/564b2e68ac9bc4e36a6f7f6d6125ec1c-le64.cache-7
7f49b807b000-7f49b8080000 r--s 00000000 08:02 1966221                    /var/cache/fontconfig/9d2451b1fd30e5bffe8383fd27c35478-le64.cache-7
7f49b8080000-7f49b8086000 r--s 00000000 08:02 1968620                    /var/cache/fontconfig/3047814df9a2f067bd2d96a2b9c36e5a-le64.cache-7
7f49b8086000-7f49b8087000 r--s 00000000 08:02 1966205                    /var/cache/fontconfig/56cf4f4769d0f4abc89a4895d7bd3ae1-le64.cache-7
7f49b8087000-7f49b8088000 r--s 00000000 08:02 1966227                    /var/cache/fontconfig/b9d506c9ac06c20b433354fa67a72993-le64.cache-7
7f49b8088000-7f49b808e000 r--s 00000000 08:02 1966225                    /var/cache/fontconfig/b47c4e1ecd0709278f4910c18777a504-le64.cache-7
7f49b808e000-7f49b80a1000 r--s 00000000 08:02 1966234                    /var/cache/fontconfig/d52a8644073d54c13679302ca1180695-le64.cache-7
7f49b80a1000-7f49b80a2000 r--s 00000000 08:02 1966192                    /var/cache/fontconfig/370e5b74bf5dafc30834de68e24a87a4-le64.cache-7
7f49b80a2000-7f49b80a3000 r--s 00000000 08:02 1967993                    /var/cache/fontconfig/6b2c5944714ca7831b25bed9e85cb5c8-le64.cache-7
7f49b80a3000-7f49b80a4000 r--s 00000000 08:02 1966233                    /var/cache/fontconfig/d5178ab6d91b49bf20a416737dcea9e8-le64.cache-7
7f49b80a4000-7f49b80a5000 r--s 00000000 08:02 1971435                    /var/cache/fontconfig/551ecf3b0e8b0bca0f25c0944f561853-le64.cache-7
7f49b80a5000-7f49b80a8000 r--s 00000000 08:02 1967932                    /var/cache/fontconfig/f259c2cffa685e28062317905db73c4a-le64.cache-7
7f49b80a8000-7f49b80aa000 r--s 00000000 08:02 1967925                    /var/cache/fontconfig/550f3886151c940c12a5ed35f6a00586-le64.cache-7
7f49b80aa000-7f49b80ad000 r--s 00000000 08:02 1967912                    /var/cache/fontconfig/674d1711f2d1d2a09646eb0bdcadee49-le64.cache-7
7f49b80ad000-7f49b80ae000 r--s 00000000 08:02 1966195                    /var/cache/fontconfig/3f7329c5293ffd510edef78f73874cfd-le64.cache-7
7f49b80ae000-7f49b80b1000 ---p 00000000 00:00 0 
7f49b80b1000-7f49b81af000 rw-p 00000000 00:00 0 
7f49b81af000-7f49b82e2000 r-xp 00000000 08:02 4334186                    /usr/lib/x86_64-linux-gnu/libX11.so.6.3.0
7f49b82e2000-7f49b84e2000 ---p 00133000 08:02 4334186                    /usr/lib/x86_64-linux-gnu/libX11.so.6.3.0
7f49b84e2000-7f49b84e3000 r--p 00133000 08:02 4334186                    /usr/lib/x86_64-linux-gnu/libX11.so.6.3.0
7f49b84e3000-7f49b84e7000 rw-p 00134000 08:02 4334186                    /usr/lib/x86_64-linux-gnu/libX11.so.6.3.0
7f49b84e7000-7f49b84f8000 r-xp 00000000 08:02 4333554                    /usr/lib/x86_64-linux-gnu/libXext.so.6.4.0
7f49b84f8000-7f49b86f7000 ---p 00011000 08:02 4333554                    /usr/lib/x86_64-linux-gnu/libXext.so.6.4.0
7f49b86f7000-7f49b86f8000 r--p 00010000 08:02 4333554                    /usr/lib/x86_64-linux-gnu/libXext.so.6.4.0
7f49b86f8000-7f49b86f9000 rw-p 00011000 08:02 4333554                    /usr/lib/x86_64-linux-gnu/libXext.so.6.4.0
7f49b86f9000-7f49b86fd000 r--s 00000000 08:02 1966235                    /var/cache/fontconfig/d589a48862398ed80a3d6066f4f56f4c-le64.cache-7
7f49b86fd000-7f49b86fe000 r--s 00000000 08:02 1966181                    /var/cache/fontconfig/0c9eb80ebd1c36541ebe2852d3bb0c49-le64.cache-7
7f49b86fe000-7f49b86ff000 r--s 00000000 08:02 1966188                    /var/cache/fontconfig/22368d551a680bfe5a62c02760edf4ea-le64.cache-7
7f49b86ff000-7f49b8700000 r--s 00000000 08:02 1966200                    /var/cache/fontconfig/4d9c95eba1cb85bbcf2878543262124a-le64.cache-7
7f49b8700000-7f49b8701000 r--s 00000000 08:02 1966217                    /var/cache/fontconfig/85e0a52ce643a7ba2ae53e5d6949cead-le64.cache-7
7f49b8701000-7f49b8702000 r--s 00000000 08:02 1966197                    /var/cache/fontconfig/49f0de54bdd920fe4f0dfd4cbac43e6b-le64.cache-7
7f49b8702000-7f49b8710000 r--s 00000000 08:02 1966220                    /var/cache/fontconfig/9b89f8e3dae116d678bbf48e5f21f69b-le64.cache-7
7f49b8710000-7f49b8712000 r--s 00000000 08:02 1966212                    /var/cache/fontconfig/6afa1bb216ce958c1589e297e8008489-le64.cache-7
7f49b8712000-7f49b8766000 r-xp 00000000 08:02 4983154                    /usr/lib/jvm/java-8-oracle/jre/lib/amd64/libawt_xawt.so
7f49b8766000-7f49b8966000 ---p 00054000 08:02 4983154                    /usr/lib/jvm/java-8-oracle/jre/lib/amd64/libawt_xawt.so
7f49b8966000-7f49b896a000 rw-p 00054000 08:02 4983154                    /usr/lib/jvm/java-8-oracle/jre/lib/amd64/libawt_xawt.so
7f49b896a000-7f49b896b000 rw-p 00000000 00:00 0 
7f49b896b000-7f49b8a0d000 r-xp 00000000 08:02 4983140                    /usr/lib/jvm/java-8-oracle/jre/lib/amd64/libawt.so
7f49b8a0d000-7f49b8c0d000 ---p 000a2000 08:02 4983140                    /usr/lib/jvm/java-8-oracle/jre/lib/amd64/libawt.so
7f49b8c0d000-7f49b8c19000 rw-p 000a2000 08:02 4983140                    /usr/lib/jvm/java-8-oracle/jre/lib/amd64/libawt.so
7f49b8c19000-7f49b8c3d000 rw-p 00000000 00:00 0 
7f49b8c3d000-7f49b8c3e000 ---p 00000000 00:00 0 
7f49b8c3e000-7f49b8d3e000 rw-p 00000000 00:00 0 
7f49b8d3e000-7f49b8d41000 ---p 00000000 00:00 0 
7f49b8d41000-7f49b8e3f000 rw-p 00000000 00:00 0 
7f49b8e3f000-7f49b8e40000 ---p 00000000 00:00 0 
7f49b8e40000-7f49b8e43000 ---p 00000000 00:00 0 
7f49b8e43000-7f49b8f40000 rw-p 00000000 00:00 0 
7f49b8f40000-7f49b8f41000 ---p 00000000 00:00 0 
7f49b8f41000-7f49b8f44000 ---p 00000000 00:00 0 
7f49b8f44000-7f49b9041000 rw-p 00000000 00:00 0 
7f49b9041000-7f49b9042000 ---p 00000000 00:00 0 
7f49b9042000-7f49b9045000 ---p 00000000 00:00 0 
7f49b9045000-7f49b9142000 rw-p 00000000 00:00 0 
7f49b9142000-7f49b9145000 ---p 00000000 00:00 0 
7f49b9145000-7f49b9243000 rw-p 00000000 00:00 0 
7f49b9243000-7f49b9c12000 r--p 00000000 08:02 4332230                    /usr/lib/locale/locale-archive
7f49b9c12000-7f49b9c15000 ---p 00000000 00:00 0 
7f49b9c15000-7f49b9d13000 rw-p 00000000 00:00 0 
7f49b9d13000-7f49b9d16000 ---p 00000000 00:00 0 
7f49b9d16000-7f49b9e14000 rw-p 00000000 00:00 0 
7f49b9e14000-7f49b9e15000 ---p 00000000 00:00 0 
7f49b9e15000-7f49bd000000 rw-p 00000000 00:00 0 
7f49bd000000-7f49bd8c0000 rwxp 00000000 00:00 0 
7f49bd8c0000-7f49cc000000 ---p 00000000 00:00 0 
7f49cc000000-7f49cc636000 rw-p 00000000 00:00 0 
7f49cc636000-7f49d0000000 ---p 00000000 00:00 0 
7f49d0000000-7f49d000e000 r--s 00000000 08:02 1970933                    /var/cache/fontconfig/e13b20fdb08344e0e664864cc2ede53d-le64.cache-7
7f49d000e000-7f49d0013000 r--s 002f9000 08:02 4587927                    /usr/lib/jvm/java-8-oracle/jre/lib/charsets.jar
7f49d0013000-7f49d002d000 r--s 00214000 08:02 1987837                    /home/jerryco09/Documents/OOP/FinalProject/client/ClientApp/src/library/jna-platform-4.4.0.jar
7f49d002d000-7f49d0031000 r--s 00107000 08:02 1987836                    /home/jerryco09/Documents/OOP/FinalProject/client/ClientApp/src/library/jna-4.4.0.jar
7f49d0031000-7f49d0038000 r--s 00049000 08:02 1987798                    /home/jerryco09/Documents/OOP/FinalProject/client/ClientApp/src/library/httpcore-4.4.10.jar
7f49d0038000-7f49d003c000 r--s 00024000 08:02 1987790                    /home/jerryco09/Documents/OOP/FinalProject/client/ClientApp/src/library/httpclient-cache-4.5.6.jar
7f49d003c000-7f49d0049000 r--s 000af000 08:02 1987546                    /home/jerryco09/Documents/OOP/FinalProject/client/ClientApp/src/library/httpclient-4.5.6.jar
7f49d0049000-7f49d0060000 r--s 001d7000 08:02 3548654                    /home/jerryco09/Documents/OOP/refactor/sample/final_OOP/src/Library/mysql-connector-java-8.0.12.jar
7f49d0060000-7f49d0516000 rw-p 00000000 00:00 0 
7f49d0516000-7f49d06f0000 r--s 03d6b000 08:02 4587929                    /usr/lib/jvm/java-8-oracle/jre/lib/rt.jar
7f49d06f0000-7f49d0944000 rw-p 00000000 00:00 0 
7f49d0944000-7f49d0945000 ---p 00000000 00:00 0 
7f49d0945000-7f49d0a45000 rw-p 00000000 00:00 0 
7f49d0a45000-7f49d0a46000 ---p 00000000 00:00 0 
7f49d0a46000-7f49d0b46000 rw-p 00000000 00:00 0 
7f49d0b46000-7f49d0b47000 ---p 00000000 00:00 0 
7f49d0b47000-7f49d0c47000 rw-p 00000000 00:00 0 
7f49d0c47000-7f49d0c48000 ---p 00000000 00:00 0 
7f49d0c48000-7f49d0d5c000 rw-p 00000000 00:00 0 
7f49d0d5c000-7f49d0e87000 ---p 00000000 00:00 0 
7f49d0e87000-7f49d0e9b000 rw-p 00000000 00:00 0 
7f49d0e9b000-7f49d0fc5000 ---p 00000000 00:00 0 
7f49d0fc5000-7f49d0fd8000 rw-p 00000000 00:00 0 
7f49d0fd8000-7f49d1065000 ---p 00000000 00:00 0 
7f49d1065000-7f49d1089000 rw-p 00000000 00:00 0 
7f49d1089000-7f49d1426000 ---p 00000000 00:00 0 
7f49d1426000-7f49d1441000 r-xp 00000000 08:02 4983143                    /usr/lib/jvm/java-8-oracle/jre/lib/amd64/libzip.so
7f49d1441000-7f49d1641000 ---p 0001b000 08:02 4983143                    /usr/lib/jvm/java-8-oracle/jre/lib/amd64/libzip.so
7f49d1641000-7f49d1642000 rw-p 0001b000 08:02 4983143                    /usr/lib/jvm/java-8-oracle/jre/lib/amd64/libzip.so
7f49d1642000-7f49d164d000 r-xp 00000000 08:02 2102026                    /lib/x86_64-linux-gnu/libnss_files-2.27.so
7f49d164d000-7f49d184c000 ---p 0000b000 08:02 2102026                    /lib/x86_64-linux-gnu/libnss_files-2.27.so
7f49d184c000-7f49d184d000 r--p 0000a000 08:02 2102026                    /lib/x86_64-linux-gnu/libnss_files-2.27.so
7f49d184d000-7f49d184e000 rw-p 0000b000 08:02 2102026                    /lib/x86_64-linux-gnu/libnss_files-2.27.so
7f49d184e000-7f49d1854000 rw-p 00000000 00:00 0 
7f49d1854000-7f49d186b000 r-xp 00000000 08:02 2102020                    /lib/x86_64-linux-gnu/libnsl-2.27.so
7f49d186b000-7f49d1a6a000 ---p 00017000 08:02 2102020                    /lib/x86_64-linux-gnu/libnsl-2.27.so
7f49d1a6a000-7f49d1a6b000 r--p 00016000 08:02 2102020                    /lib/x86_64-linux-gnu/libnsl-2.27.so
7f49d1a6b000-7f49d1a6c000 rw-p 00017000 08:02 2102020                    /lib/x86_64-linux-gnu/libnsl-2.27.so
7f49d1a6c000-7f49d1a6e000 rw-p 00000000 00:00 0 
7f49d1a6e000-7f49d1a79000 r-xp 00000000 08:02 2102037                    /lib/x86_64-linux-gnu/libnss_nis-2.27.so
7f49d1a79000-7f49d1c78000 ---p 0000b000 08:02 2102037                    /lib/x86_64-linux-gnu/libnss_nis-2.27.so
7f49d1c78000-7f49d1c79000 r--p 0000a000 08:02 2102037                    /lib/x86_64-linux-gnu/libnss_nis-2.27.so
7f49d1c79000-7f49d1c7a000 rw-p 0000b000 08:02 2102037                    /lib/x86_64-linux-gnu/libnss_nis-2.27.so
7f49d1c7a000-7f49d1c82000 r-xp 00000000 08:02 2102022                    /lib/x86_64-linux-gnu/libnss_compat-2.27.so
7f49d1c82000-7f49d1e82000 ---p 00008000 08:02 2102022                    /lib/x86_64-linux-gnu/libnss_compat-2.27.so
7f49d1e82000-7f49d1e83000 r--p 00008000 08:02 2102022                    /lib/x86_64-linux-gnu/libnss_compat-2.27.so
7f49d1e83000-7f49d1e84000 rw-p 00009000 08:02 2102022                    /lib/x86_64-linux-gnu/libnss_compat-2.27.so
7f49d1e84000-7f49d1eaf000 r-xp 00000000 08:02 4983137                    /usr/lib/jvm/java-8-oracle/jre/lib/amd64/libjava.so
7f49d1eaf000-7f49d20ae000 ---p 0002b000 08:02 4983137                    /usr/lib/jvm/java-8-oracle/jre/lib/amd64/libjava.so
7f49d20ae000-7f49d20b0000 rw-p 0002a000 08:02 4983137                    /usr/lib/jvm/java-8-oracle/jre/lib/amd64/libjava.so
7f49d20b0000-7f49d20bd000 r-xp 00000000 08:02 4983142                    /usr/lib/jvm/java-8-oracle/jre/lib/amd64/libverify.so
7f49d20bd000-7f49d22bd000 ---p 0000d000 08:02 4983142                    /usr/lib/jvm/java-8-oracle/jre/lib/amd64/libverify.so
7f49d22bd000-7f49d22bf000 rw-p 0000d000 08:02 4983142                    /usr/lib/jvm/java-8-oracle/jre/lib/amd64/libverify.so
7f49d22bf000-7f49d22c6000 r-xp 00000000 08:02 2102077                    /lib/x86_64-linux-gnu/librt-2.27.so
7f49d22c6000-7f49d24c5000 ---p 00007000 08:02 2102077                    /lib/x86_64-linux-gnu/librt-2.27.so
7f49d24c5000-7f49d24c6000 r--p 00006000 08:02 2102077                    /lib/x86_64-linux-gnu/librt-2.27.so
7f49d24c6000-7f49d24c7000 rw-p 00007000 08:02 2102077                    /lib/x86_64-linux-gnu/librt-2.27.so
7f49d24c7000-7f49d2664000 r-xp 00000000 08:02 2101999                    /lib/x86_64-linux-gnu/libm-2.27.so
7f49d2664000-7f49d2863000 ---p 0019d000 08:02 2101999                    /lib/x86_64-linux-gnu/libm-2.27.so
7f49d2863000-7f49d2864000 r--p 0019c000 08:02 2101999                    /lib/x86_64-linux-gnu/libm-2.27.so
7f49d2864000-7f49d2865000 rw-p 0019d000 08:02 2101999                    /lib/x86_64-linux-gnu/libm-2.27.so
7f49d2865000-7f49d3541000 r-xp 00000000 08:02 4983165                    /usr/lib/jvm/java-8-oracle/jre/lib/amd64/server/libjvm.so
7f49d3541000-7f49d3741000 ---p 00cdc000 08:02 4983165                    /usr/lib/jvm/java-8-oracle/jre/lib/amd64/server/libjvm.so
7f49d3741000-7f49d381b000 rw-p 00cdc000 08:02 4983165                    /usr/lib/jvm/java-8-oracle/jre/lib/amd64/server/libjvm.so
7f49d381b000-7f49d3866000 rw-p 00000000 00:00 0 
7f49d3866000-7f49d3a4d000 r-xp 00000000 08:02 2101936                    /lib/x86_64-linux-gnu/libc-2.27.so
7f49d3a4d000-7f49d3c4d000 ---p 001e7000 08:02 2101936                    /lib/x86_64-linux-gnu/libc-2.27.so
7f49d3c4d000-7f49d3c51000 r--p 001e7000 08:02 2101936                    /lib/x86_64-linux-gnu/libc-2.27.so
7f49d3c51000-7f49d3c53000 rw-p 001eb000 08:02 2101936                    /lib/x86_64-linux-gnu/libc-2.27.so
7f49d3c53000-7f49d3c57000 rw-p 00000000 00:00 0 
7f49d3c57000-7f49d3c5a000 r-xp 00000000 08:02 2101959                    /lib/x86_64-linux-gnu/libdl-2.27.so
7f49d3c5a000-7f49d3e59000 ---p 00003000 08:02 2101959                    /lib/x86_64-linux-gnu/libdl-2.27.so
7f49d3e59000-7f49d3e5a000 r--p 00002000 08:02 2101959                    /lib/x86_64-linux-gnu/libdl-2.27.so
7f49d3e5a000-7f49d3e5b000 rw-p 00003000 08:02 2101959                    /lib/x86_64-linux-gnu/libdl-2.27.so
7f49d3e5b000-7f49d3e71000 r-xp 00000000 08:02 4587800                    /usr/lib/jvm/java-8-oracle/lib/amd64/jli/libjli.so
7f49d3e71000-7f49d4070000 ---p 00016000 08:02 4587800                    /usr/lib/jvm/java-8-oracle/lib/amd64/jli/libjli.so
7f49d4070000-7f49d4071000 rw-p 00015000 08:02 4587800                    /usr/lib/jvm/java-8-oracle/lib/amd64/jli/libjli.so
7f49d4071000-7f49d408b000 r-xp 00000000 08:02 2102069                    /lib/x86_64-linux-gnu/libpthread-2.27.so
7f49d408b000-7f49d428a000 ---p 0001a000 08:02 2102069                    /lib/x86_64-linux-gnu/libpthread-2.27.so
7f49d428a000-7f49d428b000 r--p 00019000 08:02 2102069                    /lib/x86_64-linux-gnu/libpthread-2.27.so
7f49d428b000-7f49d428c000 rw-p 0001a000 08:02 2102069                    /lib/x86_64-linux-gnu/libpthread-2.27.so
7f49d428c000-7f49d4290000 rw-p 00000000 00:00 0 
7f49d4290000-7f49d42b7000 r-xp 00000000 08:02 2101908                    /lib/x86_64-linux-gnu/ld-2.27.so
7f49d42b7000-7f49d42b8000 r--s 00000000 08:02 1966244                    /var/cache/fontconfig/f6e6e0a5c3d2f6ae0c0c2e0ecd42a997-le64.cache-7
7f49d42b8000-7f49d42ba000 r--s 00009000 08:02 1987762                    /home/jerryco09/Documents/OOP/FinalProject/client/ClientApp/src/library/httpmime-4.5.6.jar
7f49d42ba000-7f49d42c1000 r--s 0003f000 08:02 1987835                    /home/jerryco09/Documents/OOP/FinalProject/client/ClientApp/src/library/commons-codec-1.10.jar
7f49d42c1000-7f49d4399000 rw-p 00000000 00:00 0 
7f49d4399000-7f49d439a000 ---p 00000000 00:00 0 
7f49d439a000-7f49d439d000 ---p 00000000 00:00 0 
7f49d439d000-7f49d449c000 rw-p 00000000 00:00 0 
7f49d449c000-7f49d449d000 r--s 00000000 08:02 1966198                    /var/cache/fontconfig/4b2eda6bb976bda485cb2176619421d5-le64.cache-7
7f49d449d000-7f49d449f000 r--s 00003000 08:02 1987791                    /home/jerryco09/Documents/OOP/FinalProject/client/ClientApp/src/library/httpclient-win-4.5.6.jar
7f49d449f000-7f49d44a0000 r--s 00007000 08:02 1987779                    /home/jerryco09/Documents/OOP/FinalProject/client/ClientApp/src/library/fluent-hc-4.5.6.jar
7f49d44a0000-7f49d44a2000 r--s 0000e000 08:02 1987834                    /home/jerryco09/Documents/OOP/FinalProject/client/ClientApp/src/library/commons-logging-1.2.jar
7f49d44a2000-7f49d44ab000 r--s 00075000 08:02 3548681                    /home/jerryco09/Documents/OOP/refactor/sample/final_OOP/src/Library/DateChooser.jar
7f49d44ab000-7f49d44b3000 rw-s 00000000 08:02 4333255                    /tmp/hsperfdata_jerryco09/5055
7f49d44b3000-7f49d44b4000 rw-p 00000000 00:00 0 
7f49d44b4000-7f49d44b5000 r--p 00000000 00:00 0 
7f49d44b5000-7f49d44b7000 rw-p 00000000 00:00 0 
7f49d44b7000-7f49d44b8000 r--p 00027000 08:02 2101908                    /lib/x86_64-linux-gnu/ld-2.27.so
7f49d44b8000-7f49d44b9000 rw-p 00028000 08:02 2101908                    /lib/x86_64-linux-gnu/ld-2.27.so
7f49d44b9000-7f49d44ba000 rw-p 00000000 00:00 0 
7ffeec9df000-7ffeeca00000 rw-p 00000000 00:00 0                          [stack]
7ffeeca50000-7ffeeca53000 r--p 00000000 00:00 0                          [vvar]
7ffeeca53000-7ffeeca55000 r-xp 00000000 00:00 0                          [vdso]
ffffffffff600000-ffffffffff601000 r-xp 00000000 00:00 0                  [vsyscall]

VM Arguments:
jvm_args: -Dfile.encoding=UTF-8 
java_command: clientapp.NewEvent
java_class_path (initial): /home/jerryco09/Documents/OOP/refactor/sample/final_OOP/src/Library/DateChooser.jar:/home/jerryco09/Documents/OOP/refactor/sample/final_OOP/src/Library/mysql-connector-java-8.0.12.jar:/home/jerryco09/Documents/OOP/FinalProject/client/ClientApp/src/library/commons-codec-1.10.jar:/home/jerryco09/Documents/OOP/FinalProject/client/ClientApp/src/library/commons-logging-1.2.jar:/home/jerryco09/Documents/OOP/FinalProject/client/ClientApp/src/library/fluent-hc-4.5.6.jar:/home/jerryco09/Documents/OOP/FinalProject/client/ClientApp/src/library/httpclient-4.5.6.jar:/home/jerryco09/Documents/OOP/FinalProject/client/ClientApp/src/library/httpclient-cache-4.5.6.jar:/home/jerryco09/Documents/OOP/FinalProject/client/ClientApp/src/library/httpclient-win-4.5.6.jar:/home/jerryco09/Documents/OOP/FinalProject/client/ClientApp/src/library/httpcore-4.4.10.jar:/home/jerryco09/Documents/OOP/FinalProject/client/ClientApp/src/library/httpmime-4.5.6.jar:/home/jerryco09/Documents/OOP/FinalProject/client/ClientApp/src/library/jna-4.4.0.jar:/home/jerryco09/Documents/OOP/FinalProject/client/ClientApp/src/library/jna-platform-4.4.0.jar:/home/jerryco09/Documents/OOP/FinalProject/client/ClientApp/build/classes
Launcher Type: SUN_STANDARD

Environment Variables:
JAVA_HOME=/usr/lib/jvm/java-8-oracle
PATH=/usr/local/sbin:/usr/local/bin:/usr/sbin:/usr/bin:/sbin:/bin:/usr/games:/usr/local/games:/snap/bin:/usr/lib/jvm/java-8-oracle/bin:/usr/lib/jvm/java-8-oracle/db/bin:/usr/lib/jvm/java-8-oracle/jre/bin
USERNAME=jerryco09
LD_LIBRARY_PATH=/usr/lib/jvm/java-8-oracle/jre/lib/amd64:/usr/lib/jvm/java-8-oracle/jre/lib/i386:
SHELL=/bin/bash
DISPLAY=:0

Signal Handlers:
SIGSEGV: [libjvm.so+0xad2a40], sa_mask[0]=11111111011111111101111111111110, sa_flags=SA_RESTART|SA_SIGINFO
SIGBUS: [libjvm.so+0xad2a40], sa_mask[0]=11111111011111111101111111111110, sa_flags=SA_RESTART|SA_SIGINFO
SIGFPE: [libjvm.so+0x92a610], sa_mask[0]=11111111011111111101111111111110, sa_flags=SA_RESTART|SA_SIGINFO
SIGPIPE: [libjvm.so+0x92a610], sa_mask[0]=11111111011111111101111111111110, sa_flags=SA_RESTART|SA_SIGINFO
SIGXFSZ: [libjvm.so+0x92a610], sa_mask[0]=11111111011111111101111111111110, sa_flags=SA_RESTART|SA_SIGINFO
SIGILL: [libjvm.so+0x92a610], sa_mask[0]=11111111011111111101111111111110, sa_flags=SA_RESTART|SA_SIGINFO
SIGUSR1: SIG_DFL, sa_mask[0]=00000000000000000000000000000000, sa_flags=none
SIGUSR2: [libjvm.so+0x92be70], sa_mask[0]=00100000000000000000000000000000, sa_flags=SA_RESTART|SA_SIGINFO
SIGHUP: [libjvm.so+0x92d270], sa_mask[0]=11111111011111111101111111111110, sa_flags=SA_RESTART|SA_SIGINFO
SIGINT: SIG_IGN, sa_mask[0]=00000000000000000000000000000000, sa_flags=none
SIGTERM: [libjvm.so+0x92d270], sa_mask[0]=11111111011111111101111111111110, sa_flags=SA_RESTART|SA_SIGINFO
SIGQUIT: [libjvm.so+0x92d270], sa_mask[0]=11111111011111111101111111111110, sa_flags=SA_RESTART|SA_SIGINFO


---------------  S Y S T E M  ---------------

OS:DISTRIB_ID=Ubuntu
DISTRIB_RELEASE=18.04
DISTRIB_CODENAME=bionic
DISTRIB_DESCRIPTION="Ubuntu 18.04.1 LTS"

uname:Linux 4.15.0-36-generic #39-Ubuntu SMP Mon Sep 24 16:19:09 UTC 2018 x86_64
libc:glibc 2.27 NPTL 2.27 
rlimit: STACK 8192k, CORE 0k, NPROC 14821, NOFILE 1048576, AS infinity
load average:40.21 10.45 5.03

/proc/meminfo:
MemTotal:        3912844 kB
MemFree:         1855144 kB
MemAvailable:    2380280 kB
Buffers:           56684 kB
Cached:           705900 kB
SwapCached:        27580 kB
Active:          1209892 kB
Inactive:         637376 kB
Active(anon):     805292 kB
Inactive(anon):   335420 kB
Active(file):     404600 kB
Inactive(file):   301956 kB
Unevictable:           0 kB
Mlocked:               0 kB
SwapTotal:       2097148 kB
SwapFree:        1042724 kB
Dirty:              1196 kB
Writeback:            16 kB
AnonPages:       1032492 kB
Mapped:           230784 kB
Shmem:             55956 kB
Slab:             111508 kB
SReclaimable:      52248 kB
SUnreclaim:        59260 kB
KernelStack:        6168 kB
PageTables:        23852 kB
NFS_Unstable:          0 kB
Bounce:                0 kB
WritebackTmp:          0 kB
CommitLimit:     4053568 kB
Committed_AS:    4671248 kB
VmallocTotal:   34359738367 kB
VmallocUsed:           0 kB
VmallocChunk:          0 kB
HardwareCorrupted:     0 kB
AnonHugePages:         0 kB
ShmemHugePages:        0 kB
ShmemPmdMapped:        0 kB
CmaTotal:              0 kB
CmaFree:               0 kB
HugePages_Total:       0
HugePages_Free:        0
HugePages_Rsvd:        0
HugePages_Surp:        0
Hugepagesize:       2048 kB
DirectMap4k:      363124 kB
DirectMap2M:     3704832 kB
DirectMap1G:           0 kB


CPU:total 4 (initial active 4) (2 cores per cpu, 2 threads per core) family 6 model 78 stepping 3, cmov, cx8, fxsr, mmx, sse, sse2, sse3, ssse3, sse4.1, sse4.2, popcnt, avx, avx2, aes, clmul, erms, 3dnowpref, lzcnt, ht, tsc, tscinvbit, bmi1, bmi2, adx

/proc/cpuinfo:
processor	: 0
vendor_id	: GenuineIntel
cpu family	: 6
model		: 78
model name	: Intel(R) Core(TM) i3-6006U CPU @ 2.00GHz
stepping	: 3
microcode	: 0xc6
cpu MHz		: 889.568
cache size	: 3072 KB
physical id	: 0
siblings	: 4
core id		: 0
cpu cores	: 2
apicid		: 0
initial apicid	: 0
fpu		: yes
fpu_exception	: yes
cpuid level	: 22
wp		: yes
flags		: fpu vme de pse tsc msr pae mce cx8 apic sep mtrr pge mca cmov pat pse36 clflush dts acpi mmx fxsr sse sse2 ss ht tm pbe syscall nx pdpe1gb rdtscp lm constant_tsc art arch_perfmon pebs bts rep_good nopl xtopology nonstop_tsc cpuid aperfmperf tsc_known_freq pni pclmulqdq dtes64 monitor ds_cpl vmx est tm2 ssse3 sdbg fma cx16 xtpr pdcm pcid sse4_1 sse4_2 x2apic movbe popcnt tsc_deadline_timer aes xsave avx f16c rdrand lahf_lm abm 3dnowprefetch cpuid_fault epb invpcid_single pti ssbd ibrs ibpb stibp tpr_shadow vnmi flexpriority ept vpid fsgsbase tsc_adjust bmi1 avx2 smep bmi2 erms invpcid mpx rdseed adx smap clflushopt intel_pt xsaveopt xsavec xgetbv1 xsaves dtherm arat pln pts hwp hwp_notify hwp_act_window hwp_epp flush_l1d
bugs		: cpu_meltdown spectre_v1 spectre_v2 spec_store_bypass l1tf
bogomips	: 3984.00
clflush size	: 64
cache_alignment	: 64
address sizes	: 39 bits physical, 48 bits virtual
power management:

processor	: 1
vendor_id	: GenuineIntel
cpu family	: 6
model		: 78
model name	: Intel(R) Core(TM) i3-6006U CPU @ 2.00GHz
stepping	: 3
microcode	: 0xc6
cpu MHz		: 1923.434
cache size	: 3072 KB
physical id	: 0
siblings	: 4
core id		: 1
cpu cores	: 2
apicid		: 2
initial apicid	: 2
fpu		: yes
fpu_exception	: yes
cpuid level	: 22
wp		: yes
flags		: fpu vme de pse tsc msr pae mce cx8 apic sep mtrr pge mca cmov pat pse36 clflush dts acpi mmx fxsr sse sse2 ss ht tm pbe syscall nx pdpe1gb rdtscp lm constant_tsc art arch_perfmon pebs bts rep_good nopl xtopology nonstop_tsc cpuid aperfmperf tsc_known_freq pni pclmulqdq dtes64 monitor ds_cpl vmx est tm2 ssse3 sdbg fma cx16 xtpr pdcm pcid sse4_1 sse4_2 x2apic movbe popcnt tsc_deadline_timer aes xsave avx f16c rdrand lahf_lm abm 3dnowprefetch cpuid_fault epb invpcid_single pti ssbd ibrs ibpb stibp tpr_shadow vnmi flexpriority ept vpid fsgsbase tsc_adjust bmi1 avx2 smep bmi2 erms invpcid mpx rdseed adx smap clflushopt intel_pt xsaveopt xsavec xgetbv1 xsaves dtherm arat pln pts hwp hwp_notify hwp_act_window hwp_epp flush_l1d
bugs		: cpu_meltdown spectre_v1 spectre_v2 spec_store_bypass l1tf
bogomips	: 3984.00
clflush size	: 64
cache_alignment	: 64
address sizes	: 39 bits physical, 48 bits virtual
power management:

processor	: 2
vendor_id	: GenuineIntel
cpu family	: 6
model		: 78
model name	: Intel(R) Core(TM) i3-6006U CPU @ 2.00GHz
stepping	: 3
microcode	: 0xc6
cpu MHz		: 900.948
cache size	: 3072 KB
physical id	: 0
siblings	: 4
core id		: 0
cpu cores	: 2
apicid		: 1
initial apicid	: 1
fpu		: yes
fpu_exception	: yes
cpuid level	: 22
wp		: yes
flags		: fpu vme de pse tsc msr pae mce cx8 apic sep mtrr pge mca cmov pat pse36 clflush dts acpi mmx fxsr sse sse2 ss ht tm pbe syscall nx pdpe1gb rdtscp lm constant_tsc art arch_perfmon pebs bts rep_good nopl xtopology nonstop_tsc cpuid aperfmperf tsc_known_freq pni pclmulqdq dtes64 monitor ds_cpl vmx est tm2 ssse3 sdbg fma cx16 xtpr pdcm pcid sse4_1 sse4_2 x2apic movbe popcnt tsc_deadline_timer aes xsave avx f16c rdrand lahf_lm abm 3dnowprefetch cpuid_fault epb invpcid_single pti ssbd ibrs ibpb stibp tpr_shadow vnmi flexpriority ept vpid fsgsbase tsc_adjust bmi1 avx2 smep bmi2 erms invpcid mpx rdseed adx smap clflushopt intel_pt xsaveopt xsavec xgetbv1 xsaves dtherm arat pln pts hwp hwp_notify hwp_act_window hwp_epp flush_l1d
bugs		: cpu_meltdown spectre_v1 spectre_v2 spec_store_bypass l1tf
bogomips	: 3984.00
clflush size	: 64
cache_alignment	: 64
address sizes	: 39 bits physical, 48 bits virtual
power management:

processor	: 3
vendor_id	: GenuineIntel
cpu family	: 6
model		: 78
model name	: Intel(R) Core(TM) i3-6006U CPU @ 2.00GHz
stepping	: 3
microcode	: 0xc6
cpu MHz		: 947.049
cache size	: 3072 KB
physical id	: 0
siblings	: 4
core id		: 1
cpu cores	: 2
apicid		: 3
initial apicid	: 3
fpu		: yes
fpu_exception	: yes
cpuid level	: 22
wp		: yes
flags		: fpu vme de pse tsc msr pae mce cx8 apic sep mtrr pge mca cmov pat pse36 clflush dts acpi mmx fxsr sse sse2 ss ht tm pbe syscall nx pdpe1gb rdtscp lm constant_tsc art arch_perfmon pebs bts rep_good nopl xtopology nonstop_tsc cpuid aperfmperf tsc_known_freq pni pclmulqdq dtes64 monitor ds_cpl vmx est tm2 ssse3 sdbg fma cx16 xtpr pdcm pcid sse4_1 sse4_2 x2apic movbe popcnt tsc_deadline_timer aes xsave avx f16c rdrand lahf_lm abm 3dnowprefetch cpuid_fault epb invpcid_single pti ssbd ibrs ibpb stibp tpr_shadow vnmi flexpriority ept vpid fsgsbase tsc_adjust bmi1 avx2 smep bmi2 erms invpcid mpx rdseed adx smap clflushopt intel_pt xsaveopt xsavec xgetbv1 xsaves dtherm arat pln pts hwp hwp_notify hwp_act_window hwp_epp flush_l1d
bugs		: cpu_meltdown spectre_v1 spectre_v2 spec_store_bypass l1tf
bogomips	: 3984.00
clflush size	: 64
cache_alignment	: 64
address sizes	: 39 bits physical, 48 bits virtual
power management:



Memory: 4k page, physical 3912844k(1855564k free), swap 2097148k(1061364k free)

vm_info: Java HotSpot(TM) 64-Bit Server VM (25.181-b13) for linux-amd64 JRE (1.8.0_181-b13), built on Jul  7 2018 00:56:38 by "java_re" with gcc 4.3.0 20080428 (Red Hat 4.3.0-8)

time: Fri Oct 19 11:10:05 2018
elapsed time: 17791 seconds (0d 4h 56m 31s)

